2019-10-15 10:17:05,699 [INFO ]	Input args: {'nopt': 500, 'phy': '/home/xavi/dades/Anotacions/orthofinder_Ano14sps_noclu_9oct19/output/Fasttrees', 'inf': 1.1, 'ort': '/home/xavi/dades/Anotacions/orthofinder_Ano14sps_noclu_9oct19/output/Orthogroups_nomllarg.txt', 'out': 'out_fas', 'suf': 'tree', 'ani': 'opti'}
2019-10-15 10:17:05,699 [INFO ]	Find optimal inflation
2019-10-15 10:17:05,701 [INFO ]	OG0000515 num nodes = 23
2019-10-15 10:17:05,701 [INFO ]	OG0000515 Tree is rooted, pass
2019-10-15 10:17:05,715 [INFO ]	OG0000515 Create network
2019-10-15 10:17:07,722 [INFO ]	OG0002560 num nodes = 15
2019-10-15 10:17:07,722 [INFO ]	OG0002560 Tree is rooted, pass
2019-10-15 10:17:07,731 [INFO ]	OG0002560 Create network
2019-10-15 10:17:09,606 [INFO ]	OG0005959 num nodes = 14
2019-10-15 10:17:09,606 [INFO ]	OG0005959 Tree is rooted, pass
2019-10-15 10:17:09,614 [INFO ]	OG0005959 Create network
2019-10-15 10:17:11,241 [INFO ]	OG0004151 num nodes = 14
2019-10-15 10:17:11,241 [INFO ]	OG0004151 Tree is rooted, pass
2019-10-15 10:17:11,263 [INFO ]	OG0004151 Create network
2019-10-15 10:17:13,408 [INFO ]	OG0013056 num nodes = 2
2019-10-15 10:17:13,408 [INFO ]	OG0013056 Tree is rooted, pass
2019-10-15 10:17:13,410 [INFO ]	OG0013056 Create network
2019-10-15 10:17:13,504 [INFO ]	OG0005685 num nodes = 14
2019-10-15 10:17:13,504 [INFO ]	OG0005685 Tree is rooted, pass
2019-10-15 10:17:13,512 [INFO ]	OG0005685 Create network
2019-10-15 10:17:15,638 [INFO ]	OG0009816 num nodes = 10
2019-10-15 10:17:15,638 [INFO ]	OG0009816 Tree is rooted, pass
2019-10-15 10:17:15,644 [INFO ]	OG0009816 Create network
2019-10-15 10:17:16,775 [INFO ]	OG0007175 num nodes = 13
2019-10-15 10:17:16,775 [INFO ]	OG0007175 Tree is rooted, pass
2019-10-15 10:17:16,783 [INFO ]	OG0007175 Create network
2019-10-15 10:17:18,848 [INFO ]	OG0006096 num nodes = 13
2019-10-15 10:17:18,848 [INFO ]	OG0006096 Tree is rooted, pass
2019-10-15 10:17:18,856 [INFO ]	OG0006096 Create network
2019-10-15 10:17:20,736 [INFO ]	OG0008074 num nodes = 12
2019-10-15 10:17:20,736 [INFO ]	OG0008074 Tree is rooted, pass
2019-10-15 10:17:20,743 [INFO ]	OG0008074 Create network
2019-10-15 10:17:22,398 [INFO ]	OG0005955 num nodes = 14
2019-10-15 10:17:22,398 [INFO ]	OG0005955 Tree is rooted, pass
2019-10-15 10:17:22,406 [INFO ]	OG0005955 Create network
2019-10-15 10:17:24,034 [INFO ]	OG0007575 num nodes = 13
2019-10-15 10:17:24,034 [INFO ]	OG0007575 Tree is rooted, pass
2019-10-15 10:17:24,042 [INFO ]	OG0007575 Create network
2019-10-15 10:17:26,058 [INFO ]	OG0007419 num nodes = 13
2019-10-15 10:17:26,058 [INFO ]	OG0007419 Tree is rooted, pass
2019-10-15 10:17:26,066 [INFO ]	OG0007419 Create network
2019-10-15 10:17:28,236 [INFO ]	OG0007818 num nodes = 13
2019-10-15 10:17:28,236 [INFO ]	OG0007818 Tree is rooted, pass
2019-10-15 10:17:28,244 [INFO ]	OG0007818 Create network
2019-10-15 10:17:30,267 [INFO ]	OG0007490 num nodes = 13
2019-10-15 10:17:30,267 [INFO ]	OG0007490 Tree is rooted, pass
2019-10-15 10:17:30,275 [INFO ]	OG0007490 Create network
2019-10-15 10:17:32,235 [INFO ]	OG0008551 num nodes = 12
2019-10-15 10:17:32,236 [INFO ]	OG0008551 Tree is rooted, pass
2019-10-15 10:17:32,243 [INFO ]	OG0008551 Create network
2019-10-15 10:17:33,949 [INFO ]	OG0007202 num nodes = 13
2019-10-15 10:17:33,950 [INFO ]	OG0007202 Tree is rooted, pass
2019-10-15 10:17:33,957 [INFO ]	OG0007202 Create network
2019-10-15 10:17:35,929 [INFO ]	OG0003242 num nodes = 14
2019-10-15 10:17:35,929 [INFO ]	OG0003242 Tree is rooted, pass
2019-10-15 10:17:35,938 [INFO ]	OG0003242 Create network
2019-10-15 10:17:38,235 [INFO ]	OG0009715 num nodes = 10
2019-10-15 10:17:38,235 [INFO ]	OG0009715 Tree is rooted, pass
2019-10-15 10:17:38,241 [INFO ]	OG0009715 Create network
2019-10-15 10:17:39,380 [INFO ]	OG0013434 num nodes = 2
2019-10-15 10:17:39,380 [INFO ]	OG0013434 Tree is rooted, pass
2019-10-15 10:17:39,382 [INFO ]	OG0013434 Create network
2019-10-15 10:17:39,477 [INFO ]	OG0012809 num nodes = 2
2019-10-15 10:17:39,477 [INFO ]	OG0012809 Tree is rooted, pass
2019-10-15 10:17:39,479 [INFO ]	OG0012809 Create network
2019-10-15 10:17:39,576 [INFO ]	OG0013211 num nodes = 2
2019-10-15 10:17:39,576 [INFO ]	OG0013211 Tree is rooted, pass
2019-10-15 10:17:39,578 [INFO ]	OG0013211 Create network
2019-10-15 10:17:39,672 [INFO ]	OG0010347 num nodes = 8
2019-10-15 10:17:39,672 [INFO ]	OG0010347 Tree is rooted, pass
2019-10-15 10:17:39,677 [INFO ]	OG0010347 Create network
2019-10-15 10:17:40,431 [INFO ]	OG0012027 num nodes = 3
2019-10-15 10:17:40,431 [INFO ]	OG0012027 Tree is rooted, pass
2019-10-15 10:17:40,433 [INFO ]	OG0012027 Create network
2019-10-15 10:17:40,589 [INFO ]	OG0004051 num nodes = 14
2019-10-15 10:17:40,589 [INFO ]	OG0004051 Tree is rooted, pass
2019-10-15 10:17:40,597 [INFO ]	OG0004051 Create network
2019-10-15 10:17:42,332 [INFO ]	OG0007386 num nodes = 13
2019-10-15 10:17:42,332 [INFO ]	OG0007386 Tree is rooted, pass
2019-10-15 10:17:42,340 [INFO ]	OG0007386 Create network
2019-10-15 10:17:44,299 [INFO ]	OG0006279 num nodes = 13
2019-10-15 10:17:44,299 [INFO ]	OG0006279 Tree is rooted, pass
2019-10-15 10:17:44,307 [INFO ]	OG0006279 Create network
2019-10-15 10:17:46,246 [INFO ]	OG0001175 num nodes = 17
2019-10-15 10:17:46,246 [INFO ]	OG0001175 Tree is rooted, pass
2019-10-15 10:17:46,256 [INFO ]	OG0001175 Create network
2019-10-15 10:17:48,704 [INFO ]	OG0004305 num nodes = 14
2019-10-15 10:17:48,705 [INFO ]	OG0004305 Tree is rooted, pass
2019-10-15 10:17:48,715 [INFO ]	OG0004305 Create network
2019-10-15 10:17:50,897 [INFO ]	OG0000530 num nodes = 23
2019-10-15 10:17:50,898 [INFO ]	OG0000530 Tree is rooted, pass
2019-10-15 10:17:50,911 [INFO ]	OG0000530 Create network
2019-10-15 10:17:53,909 [INFO ]	OG0005972 num nodes = 13
2019-10-15 10:17:53,909 [INFO ]	OG0005972 Tree is rooted, pass
2019-10-15 10:17:53,918 [INFO ]	OG0005972 Create network
2019-10-15 10:17:55,890 [INFO ]	OG0009272 num nodes = 11
2019-10-15 10:17:55,890 [INFO ]	OG0009272 Tree is rooted, pass
2019-10-15 10:17:55,897 [INFO ]	OG0009272 Create network
2019-10-15 10:17:57,369 [INFO ]	OG0003138 num nodes = 14
2019-10-15 10:17:57,369 [INFO ]	OG0003138 Tree is rooted, pass
2019-10-15 10:17:57,378 [INFO ]	OG0003138 Create network
2019-10-15 10:17:59,718 [INFO ]	OG0011972 num nodes = 3
2019-10-15 10:17:59,718 [INFO ]	OG0011972 Tree is rooted, pass
2019-10-15 10:17:59,722 [INFO ]	OG0011972 Create network
2019-10-15 10:17:59,828 [INFO ]	OG0006752 num nodes = 13
2019-10-15 10:17:59,828 [INFO ]	OG0006752 Tree is rooted, pass
2019-10-15 10:17:59,836 [INFO ]	OG0006752 Create network
2019-10-15 10:18:01,829 [INFO ]	OG0002111 num nodes = 15
2019-10-15 10:18:01,829 [INFO ]	OG0002111 Tree is rooted, pass
2019-10-15 10:18:01,839 [INFO ]	OG0002111 Create network
2019-10-15 10:18:03,946 [INFO ]	OG0005636 num nodes = 14
2019-10-15 10:18:03,946 [INFO ]	OG0005636 Tree is rooted, pass
2019-10-15 10:18:03,954 [INFO ]	OG0005636 Create network
2019-10-15 10:18:05,897 [INFO ]	OG0010876 num nodes = 6
2019-10-15 10:18:05,897 [INFO ]	OG0010876 Tree is rooted, pass
2019-10-15 10:18:05,903 [INFO ]	OG0010876 Create network
2019-10-15 10:18:06,385 [INFO ]	OG0005860 num nodes = 14
2019-10-15 10:18:06,385 [INFO ]	OG0005860 Tree is rooted, pass
2019-10-15 10:18:06,393 [INFO ]	OG0005860 Create network
2019-10-15 10:18:08,178 [INFO ]	OG0010778 num nodes = 7
2019-10-15 10:18:08,178 [INFO ]	OG0010778 Tree is rooted, pass
2019-10-15 10:18:08,182 [INFO ]	OG0010778 Create network
2019-10-15 10:18:08,780 [INFO ]	OG0010075 num nodes = 9
2019-10-15 10:18:08,780 [INFO ]	OG0010075 Tree is rooted, pass
2019-10-15 10:18:08,785 [INFO ]	OG0010075 Create network
2019-10-15 10:18:09,767 [INFO ]	OG0011629 num nodes = 4
2019-10-15 10:18:09,767 [INFO ]	OG0011629 Tree is rooted, pass
2019-10-15 10:18:09,770 [INFO ]	OG0011629 Create network
2019-10-15 10:18:10,012 [INFO ]	OG0007658 num nodes = 13
2019-10-15 10:18:10,012 [INFO ]	OG0007658 Tree is rooted, pass
2019-10-15 10:18:10,021 [INFO ]	OG0007658 Create network
2019-10-15 10:18:12,008 [INFO ]	OG0003942 num nodes = 14
2019-10-15 10:18:12,008 [INFO ]	OG0003942 Tree is rooted, pass
2019-10-15 10:18:12,017 [INFO ]	OG0003942 Create network
2019-10-15 10:18:14,253 [INFO ]	OG0003745 num nodes = 14
2019-10-15 10:18:14,253 [INFO ]	OG0003745 Tree is rooted, pass
2019-10-15 10:18:14,262 [INFO ]	OG0003745 Create network
2019-10-15 10:18:15,990 [INFO ]	OG0007273 num nodes = 13
2019-10-15 10:18:15,990 [INFO ]	OG0007273 Tree is rooted, pass
2019-10-15 10:18:15,998 [INFO ]	OG0007273 Create network
2019-10-15 10:18:17,893 [INFO ]	OG0006226 num nodes = 13
2019-10-15 10:18:17,893 [INFO ]	OG0006226 Tree is rooted, pass
2019-10-15 10:18:17,902 [INFO ]	OG0006226 Create network
2019-10-15 10:18:19,888 [INFO ]	OG0010163 num nodes = 9
2019-10-15 10:18:19,888 [INFO ]	OG0010163 Tree is rooted, pass
2019-10-15 10:18:19,894 [INFO ]	OG0010163 Create network
2019-10-15 10:18:20,884 [INFO ]	OG0006968 num nodes = 13
2019-10-15 10:18:20,884 [INFO ]	OG0006968 Tree is rooted, pass
2019-10-15 10:18:20,892 [INFO ]	OG0006968 Create network
2019-10-15 10:18:22,960 [INFO ]	OG0003677 num nodes = 14
2019-10-15 10:18:22,960 [INFO ]	OG0003677 Tree is rooted, pass
2019-10-15 10:18:22,969 [INFO ]	OG0003677 Create network
2019-10-15 10:18:25,405 [INFO ]	OG0003715 num nodes = 14
2019-10-15 10:18:25,405 [INFO ]	OG0003715 Tree is rooted, pass
2019-10-15 10:18:25,416 [INFO ]	OG0003715 Create network
2019-10-15 10:18:27,659 [INFO ]	OG0013124 num nodes = 2
2019-10-15 10:18:27,659 [INFO ]	OG0013124 Tree is rooted, pass
2019-10-15 10:18:27,661 [INFO ]	OG0013124 Create network
2019-10-15 10:18:27,746 [INFO ]	OG0012107 num nodes = 3
2019-10-15 10:18:27,746 [INFO ]	OG0012107 Tree is rooted, pass
2019-10-15 10:18:27,749 [INFO ]	OG0012107 Create network
2019-10-15 10:18:27,897 [INFO ]	OG0008383 num nodes = 12
2019-10-15 10:18:27,897 [INFO ]	OG0008383 Tree is rooted, pass
2019-10-15 10:18:27,904 [INFO ]	OG0008383 Create network
2019-10-15 10:18:29,526 [INFO ]	OG0001177 num nodes = 17
2019-10-15 10:18:29,527 [INFO ]	OG0001177 Tree is rooted, pass
2019-10-15 10:18:29,537 [INFO ]	OG0001177 Create network
2019-10-15 10:18:31,592 [INFO ]	OG0008123 num nodes = 12
2019-10-15 10:18:31,592 [INFO ]	OG0008123 Tree is rooted, pass
2019-10-15 10:18:31,599 [INFO ]	OG0008123 Create network
2019-10-15 10:18:33,239 [INFO ]	OG0011430 num nodes = 4
2019-10-15 10:18:33,239 [INFO ]	OG0011430 Tree is rooted, pass
2019-10-15 10:18:33,242 [INFO ]	OG0011430 Create network
2019-10-15 10:18:33,469 [INFO ]	OG0010463 num nodes = 8
2019-10-15 10:18:33,469 [INFO ]	OG0010463 Tree is rooted, pass
2019-10-15 10:18:33,474 [INFO ]	OG0010463 Create network
2019-10-15 10:18:34,259 [INFO ]	OG0012658 num nodes = 2
2019-10-15 10:18:34,259 [INFO ]	OG0012658 Tree is rooted, pass
2019-10-15 10:18:34,261 [INFO ]	OG0012658 Create network
2019-10-15 10:18:34,361 [INFO ]	OG0002762 num nodes = 14
2019-10-15 10:18:34,361 [INFO ]	OG0002762 Tree is rooted, pass
2019-10-15 10:18:34,370 [INFO ]	OG0002762 Create network
2019-10-15 10:18:36,611 [INFO ]	OG0010032 num nodes = 9
2019-10-15 10:18:36,611 [INFO ]	OG0010032 Tree is rooted, pass
2019-10-15 10:18:36,616 [INFO ]	OG0010032 Create network
2019-10-15 10:18:37,568 [INFO ]	OG0008638 num nodes = 12
2019-10-15 10:18:37,569 [INFO ]	OG0008638 Tree is rooted, pass
2019-10-15 10:18:37,576 [INFO ]	OG0008638 Create network
2019-10-15 10:18:39,261 [INFO ]	OG0000212 num nodes = 31
2019-10-15 10:18:39,261 [INFO ]	OG0000212 Tree is rooted, pass
2019-10-15 10:18:39,282 [INFO ]	OG0000212 Create network
2019-10-15 10:18:46,050 [INFO ]	OG0005659 num nodes = 14
2019-10-15 10:18:46,051 [INFO ]	OG0005659 Tree is rooted, pass
2019-10-15 10:18:46,059 [INFO ]	OG0005659 Create network
2019-10-15 10:18:48,293 [INFO ]	OG0012069 num nodes = 3
2019-10-15 10:18:48,293 [INFO ]	OG0012069 Tree is rooted, pass
2019-10-15 10:18:48,296 [INFO ]	OG0012069 Create network
2019-10-15 10:18:48,451 [INFO ]	OG0007077 num nodes = 13
2019-10-15 10:18:48,451 [INFO ]	OG0007077 Tree is rooted, pass
2019-10-15 10:18:48,459 [INFO ]	OG0007077 Create network
2019-10-15 10:18:50,393 [INFO ]	OG0000447 num nodes = 24
2019-10-15 10:18:50,393 [INFO ]	OG0000447 Tree is rooted, pass
2019-10-15 10:18:50,408 [INFO ]	OG0000447 Create network
2019-10-15 10:18:51,791 [INFO ]	OG0002074 num nodes = 15
2019-10-15 10:18:51,791 [INFO ]	OG0002074 Tree is rooted, pass
2019-10-15 10:18:51,800 [INFO ]	OG0002074 Create network
2019-10-15 10:18:53,839 [INFO ]	OG0003420 num nodes = 14
2019-10-15 10:18:53,839 [INFO ]	OG0003420 Tree is rooted, pass
2019-10-15 10:18:53,847 [INFO ]	OG0003420 Create network
2019-10-15 10:18:56,075 [INFO ]	OG0005184 num nodes = 14
2019-10-15 10:18:56,075 [INFO ]	OG0005184 Tree is rooted, pass
2019-10-15 10:18:56,084 [INFO ]	OG0005184 Create network
2019-10-15 10:18:57,868 [INFO ]	OG0000647 num nodes = 22
2019-10-15 10:18:57,868 [INFO ]	OG0000647 Tree is rooted, pass
2019-10-15 10:18:57,882 [INFO ]	OG0000647 Create network
2019-10-15 10:18:59,351 [INFO ]	OG0008608 num nodes = 12
2019-10-15 10:18:59,351 [INFO ]	OG0008608 Tree is rooted, pass
2019-10-15 10:18:59,359 [INFO ]	OG0008608 Create network
2019-10-15 10:19:00,996 [INFO ]	OG0000792 num nodes = 20
2019-10-15 10:19:00,996 [INFO ]	OG0000792 Tree is rooted, pass
2019-10-15 10:19:01,007 [INFO ]	OG0000792 Create network
2019-10-15 10:19:03,188 [INFO ]	OG0008345 num nodes = 12
2019-10-15 10:19:03,189 [INFO ]	OG0008345 Tree is rooted, pass
2019-10-15 10:19:03,195 [INFO ]	OG0008345 Create network
2019-10-15 10:19:04,841 [INFO ]	OG0011118 num nodes = 5
2019-10-15 10:19:04,841 [INFO ]	OG0011118 Tree is rooted, pass
2019-10-15 10:19:04,844 [INFO ]	OG0011118 Create network
2019-10-15 10:19:05,194 [INFO ]	OG0005359 num nodes = 14
2019-10-15 10:19:05,194 [INFO ]	OG0005359 Tree is rooted, pass
2019-10-15 10:19:05,202 [INFO ]	OG0005359 Create network
2019-10-15 10:19:07,434 [INFO ]	OG0007530 num nodes = 13
2019-10-15 10:19:07,435 [INFO ]	OG0007530 Tree is rooted, pass
2019-10-15 10:19:07,442 [INFO ]	OG0007530 Create network
2019-10-15 10:19:09,346 [INFO ]	OG0001396 num nodes = 16
2019-10-15 10:19:09,346 [INFO ]	OG0001396 Tree is rooted, pass
2019-10-15 10:19:09,356 [INFO ]	OG0001396 Create network
2019-10-15 10:19:11,556 [INFO ]	OG0000576 num nodes = 22
2019-10-15 10:19:11,557 [INFO ]	OG0000576 Tree is rooted, pass
2019-10-15 10:19:11,570 [INFO ]	OG0000576 Create network
2019-10-15 10:19:15,217 [INFO ]	OG0001985 num nodes = 15
2019-10-15 10:19:15,217 [INFO ]	OG0001985 Tree is rooted, pass
2019-10-15 10:19:15,226 [INFO ]	OG0001985 Create network
2019-10-15 10:19:17,198 [INFO ]	OG0002604 num nodes = 14
2019-10-15 10:19:17,198 [INFO ]	OG0002604 Tree is rooted, pass
2019-10-15 10:19:17,206 [INFO ]	OG0002604 Create network
2019-10-15 10:19:19,439 [INFO ]	OG0002908 num nodes = 14
2019-10-15 10:19:19,440 [INFO ]	OG0002908 Tree is rooted, pass
2019-10-15 10:19:19,448 [INFO ]	OG0002908 Create network
2019-10-15 10:19:21,670 [INFO ]	OG0000006 num nodes = 143
2019-10-15 10:19:21,670 [INFO ]	OG0000006 Tree is rooted, pass
2019-10-15 10:19:21,790 [INFO ]	OG0000006 Create network
2019-10-15 10:19:33,349 [INFO ]	OG0002188 num nodes = 15
2019-10-15 10:19:33,350 [INFO ]	OG0002188 Tree is rooted, pass
2019-10-15 10:19:33,358 [INFO ]	OG0002188 Create network
2019-10-15 10:19:35,332 [INFO ]	OG0008009 num nodes = 12
2019-10-15 10:19:35,332 [INFO ]	OG0008009 Tree is rooted, pass
2019-10-15 10:19:35,339 [INFO ]	OG0008009 Create network
2019-10-15 10:19:37,020 [INFO ]	OG0010351 num nodes = 8
2019-10-15 10:19:37,020 [INFO ]	OG0010351 Tree is rooted, pass
2019-10-15 10:19:37,025 [INFO ]	OG0010351 Create network
2019-10-15 10:19:37,781 [INFO ]	OG0011520 num nodes = 4
2019-10-15 10:19:37,781 [INFO ]	OG0011520 Tree is rooted, pass
2019-10-15 10:19:37,784 [INFO ]	OG0011520 Create network
2019-10-15 10:19:38,010 [INFO ]	OG0003984 num nodes = 14
2019-10-15 10:19:38,011 [INFO ]	OG0003984 Tree is rooted, pass
2019-10-15 10:19:38,019 [INFO ]	OG0003984 Create network
2019-10-15 10:19:40,259 [INFO ]	OG0009172 num nodes = 11
2019-10-15 10:19:40,259 [INFO ]	OG0009172 Tree is rooted, pass
2019-10-15 10:19:40,266 [INFO ]	OG0009172 Create network
2019-10-15 10:19:41,652 [INFO ]	OG0013078 num nodes = 2
2019-10-15 10:19:41,652 [INFO ]	OG0013078 Tree is rooted, pass
2019-10-15 10:19:41,654 [INFO ]	OG0013078 Create network
2019-10-15 10:19:41,754 [INFO ]	OG0009417 num nodes = 11
2019-10-15 10:19:41,754 [INFO ]	OG0009417 Tree is rooted, pass
2019-10-15 10:19:41,761 [INFO ]	OG0009417 Create network
2019-10-15 10:19:43,178 [INFO ]	OG0005803 num nodes = 14
2019-10-15 10:19:43,178 [INFO ]	OG0005803 Tree is rooted, pass
2019-10-15 10:19:43,187 [INFO ]	OG0005803 Create network
2019-10-15 10:19:45,411 [INFO ]	OG0004586 num nodes = 14
2019-10-15 10:19:45,411 [INFO ]	OG0004586 Tree is rooted, pass
2019-10-15 10:19:45,419 [INFO ]	OG0004586 Create network
2019-10-15 10:19:47,754 [INFO ]	OG0001334 num nodes = 17
2019-10-15 10:19:47,754 [INFO ]	OG0001334 Tree is rooted, pass
2019-10-15 10:19:47,765 [INFO ]	OG0001334 Create network
2019-10-15 10:19:50,258 [INFO ]	OG0011810 num nodes = 3
2019-10-15 10:19:50,258 [INFO ]	OG0011810 Tree is rooted, pass
2019-10-15 10:19:50,260 [INFO ]	OG0011810 Create network
2019-10-15 10:19:50,419 [INFO ]	OG0010478 num nodes = 8
2019-10-15 10:19:50,419 [INFO ]	OG0010478 Tree is rooted, pass
2019-10-15 10:19:50,424 [INFO ]	OG0010478 Create network
2019-10-15 10:19:51,231 [INFO ]	OG0009432 num nodes = 11
2019-10-15 10:19:51,232 [INFO ]	OG0009432 Tree is rooted, pass
2019-10-15 10:19:51,238 [INFO ]	OG0009432 Create network
2019-10-15 10:19:52,650 [INFO ]	OG0008304 num nodes = 12
2019-10-15 10:19:52,650 [INFO ]	OG0008304 Tree is rooted, pass
2019-10-15 10:19:52,658 [INFO ]	OG0008304 Create network
2019-10-15 10:19:54,367 [INFO ]	OG0006140 num nodes = 13
2019-10-15 10:19:54,367 [INFO ]	OG0006140 Tree is rooted, pass
2019-10-15 10:19:54,375 [INFO ]	OG0006140 Create network
2019-10-15 10:19:56,379 [INFO ]	OG0008493 num nodes = 12
2019-10-15 10:19:56,380 [INFO ]	OG0008493 Tree is rooted, pass
2019-10-15 10:19:56,387 [INFO ]	OG0008493 Create network
2019-10-15 10:19:58,135 [INFO ]	OG0003303 num nodes = 14
2019-10-15 10:19:58,136 [INFO ]	OG0003303 Tree is rooted, pass
2019-10-15 10:19:58,144 [INFO ]	OG0003303 Create network
2019-10-15 10:19:59,953 [INFO ]	OG0002348 num nodes = 15
2019-10-15 10:19:59,953 [INFO ]	OG0002348 Tree is rooted, pass
2019-10-15 10:19:59,962 [INFO ]	OG0002348 Create network
2019-10-15 10:20:01,908 [INFO ]	OG0003312 num nodes = 14
2019-10-15 10:20:01,908 [INFO ]	OG0003312 Tree is rooted, pass
2019-10-15 10:20:01,917 [INFO ]	OG0003312 Create network
2019-10-15 10:20:04,208 [INFO ]	OG0003300 num nodes = 14
2019-10-15 10:20:04,208 [INFO ]	OG0003300 Tree is rooted, pass
2019-10-15 10:20:04,219 [INFO ]	OG0003300 Create network
2019-10-15 10:20:06,530 [INFO ]	OG0010106 num nodes = 9
2019-10-15 10:20:06,530 [INFO ]	OG0010106 Tree is rooted, pass
2019-10-15 10:20:06,536 [INFO ]	OG0010106 Create network
2019-10-15 10:20:07,467 [INFO ]	OG0013185 num nodes = 2
2019-10-15 10:20:07,467 [INFO ]	OG0013185 Tree is rooted, pass
2019-10-15 10:20:07,469 [INFO ]	OG0013185 Create network
2019-10-15 10:20:07,569 [INFO ]	OG0009711 num nodes = 10
2019-10-15 10:20:07,569 [INFO ]	OG0009711 Tree is rooted, pass
2019-10-15 10:20:07,575 [INFO ]	OG0009711 Create network
2019-10-15 10:20:08,739 [INFO ]	OG0008951 num nodes = 12
2019-10-15 10:20:08,739 [INFO ]	OG0008951 Tree is rooted, pass
2019-10-15 10:20:08,746 [INFO ]	OG0008951 Create network
2019-10-15 10:20:10,417 [INFO ]	OG0002772 num nodes = 14
2019-10-15 10:20:10,417 [INFO ]	OG0002772 Tree is rooted, pass
2019-10-15 10:20:10,426 [INFO ]	OG0002772 Create network
2019-10-15 10:20:12,698 [INFO ]	OG0011301 num nodes = 5
2019-10-15 10:20:12,699 [INFO ]	OG0011301 Tree is rooted, pass
2019-10-15 10:20:12,702 [INFO ]	OG0011301 Create network
2019-10-15 10:20:13,038 [INFO ]	OG0006264 num nodes = 13
2019-10-15 10:20:13,038 [INFO ]	OG0006264 Tree is rooted, pass
2019-10-15 10:20:13,046 [INFO ]	OG0006264 Create network
2019-10-15 10:20:15,055 [INFO ]	OG0000640 num nodes = 22
2019-10-15 10:20:15,056 [INFO ]	OG0000640 Tree is rooted, pass
2019-10-15 10:20:15,069 [INFO ]	OG0000640 Create network
2019-10-15 10:20:16,599 [INFO ]	OG0013220 num nodes = 2
2019-10-15 10:20:16,599 [INFO ]	OG0013220 Tree is rooted, pass
2019-10-15 10:20:16,601 [INFO ]	OG0013220 Create network
2019-10-15 10:20:16,697 [INFO ]	OG0011930 num nodes = 3
2019-10-15 10:20:16,697 [INFO ]	OG0011930 Tree is rooted, pass
2019-10-15 10:20:16,700 [INFO ]	OG0011930 Create network
2019-10-15 10:20:16,853 [INFO ]	OG0008566 num nodes = 12
2019-10-15 10:20:16,853 [INFO ]	OG0008566 Tree is rooted, pass
2019-10-15 10:20:16,860 [INFO ]	OG0008566 Create network
2019-10-15 10:20:18,513 [INFO ]	OG0000322 num nodes = 27
2019-10-15 10:20:18,514 [INFO ]	OG0000322 Tree is rooted, pass
2019-10-15 10:20:18,530 [INFO ]	OG0000322 Create network
2019-10-15 10:20:20,240 [INFO ]	OG0010465 num nodes = 8
2019-10-15 10:20:20,241 [INFO ]	OG0010465 Tree is rooted, pass
2019-10-15 10:20:20,246 [INFO ]	OG0010465 Create network
2019-10-15 10:20:21,030 [INFO ]	OG0008500 num nodes = 12
2019-10-15 10:20:21,031 [INFO ]	OG0008500 Tree is rooted, pass
2019-10-15 10:20:21,038 [INFO ]	OG0008500 Create network
2019-10-15 10:20:22,707 [INFO ]	OG0005656 num nodes = 14
2019-10-15 10:20:22,707 [INFO ]	OG0005656 Tree is rooted, pass
2019-10-15 10:20:22,716 [INFO ]	OG0005656 Create network
2019-10-15 10:20:24,419 [INFO ]	OG0006387 num nodes = 13
2019-10-15 10:20:24,420 [INFO ]	OG0006387 Tree is rooted, pass
2019-10-15 10:20:24,427 [INFO ]	OG0006387 Create network
2019-10-15 10:20:26,383 [INFO ]	OG0010785 num nodes = 7
2019-10-15 10:20:26,383 [INFO ]	OG0010785 Tree is rooted, pass
2019-10-15 10:20:26,387 [INFO ]	OG0010785 Create network
2019-10-15 10:20:27,007 [INFO ]	OG0012832 num nodes = 2
2019-10-15 10:20:27,007 [INFO ]	OG0012832 Tree is rooted, pass
2019-10-15 10:20:27,009 [INFO ]	OG0012832 Create network
2019-10-15 10:20:27,109 [INFO ]	OG0009056 num nodes = 11
2019-10-15 10:20:27,109 [INFO ]	OG0009056 Tree is rooted, pass
2019-10-15 10:20:27,116 [INFO ]	OG0009056 Create network
2019-10-15 10:20:28,523 [INFO ]	OG0008072 num nodes = 12
2019-10-15 10:20:28,523 [INFO ]	OG0008072 Tree is rooted, pass
2019-10-15 10:20:28,530 [INFO ]	OG0008072 Create network
2019-10-15 10:20:30,166 [INFO ]	OG0006793 num nodes = 13
2019-10-15 10:20:30,166 [INFO ]	OG0006793 Tree is rooted, pass
2019-10-15 10:20:30,174 [INFO ]	OG0006793 Create network
2019-10-15 10:20:32,172 [INFO ]	OG0011935 num nodes = 3
2019-10-15 10:20:32,172 [INFO ]	OG0011935 Tree is rooted, pass
2019-10-15 10:20:32,174 [INFO ]	OG0011935 Create network
2019-10-15 10:20:32,338 [INFO ]	OG0009654 num nodes = 10
2019-10-15 10:20:32,338 [INFO ]	OG0009654 Tree is rooted, pass
2019-10-15 10:20:32,345 [INFO ]	OG0009654 Create network
2019-10-15 10:20:33,570 [INFO ]	OG0005032 num nodes = 14
2019-10-15 10:20:33,570 [INFO ]	OG0005032 Tree is rooted, pass
2019-10-15 10:20:33,579 [INFO ]	OG0005032 Create network
2019-10-15 10:20:35,383 [INFO ]	OG0009622 num nodes = 10
2019-10-15 10:20:35,383 [INFO ]	OG0009622 Tree is rooted, pass
2019-10-15 10:20:35,389 [INFO ]	OG0009622 Create network
2019-10-15 10:20:36,558 [INFO ]	OG0004712 num nodes = 14
2019-10-15 10:20:36,558 [INFO ]	OG0004712 Tree is rooted, pass
2019-10-15 10:20:36,566 [INFO ]	OG0004712 Create network
2019-10-15 10:20:38,842 [INFO ]	OG0002815 num nodes = 14
2019-10-15 10:20:38,843 [INFO ]	OG0002815 Tree is rooted, pass
2019-10-15 10:20:38,851 [INFO ]	OG0002815 Create network
2019-10-15 10:20:40,543 [INFO ]	OG0002290 num nodes = 15
2019-10-15 10:20:40,544 [INFO ]	OG0002290 Tree is rooted, pass
2019-10-15 10:20:40,553 [INFO ]	OG0002290 Create network
2019-10-15 10:20:42,578 [INFO ]	OG0013126 num nodes = 2
2019-10-15 10:20:42,578 [INFO ]	OG0013126 Tree is rooted, pass
2019-10-15 10:20:42,580 [INFO ]	OG0013126 Create network
2019-10-15 10:20:42,682 [INFO ]	OG0005958 num nodes = 14
2019-10-15 10:20:42,682 [INFO ]	OG0005958 Tree is rooted, pass
2019-10-15 10:20:42,691 [INFO ]	OG0005958 Create network
2019-10-15 10:20:44,217 [INFO ]	OG0013103 num nodes = 2
2019-10-15 10:20:44,217 [INFO ]	OG0013103 Tree is rooted, pass
2019-10-15 10:20:44,219 [INFO ]	OG0013103 Create network
2019-10-15 10:20:44,317 [INFO ]	OG0003649 num nodes = 14
2019-10-15 10:20:44,317 [INFO ]	OG0003649 Tree is rooted, pass
2019-10-15 10:20:44,326 [INFO ]	OG0003649 Create network
2019-10-15 10:20:46,606 [INFO ]	OG0013355 num nodes = 2
2019-10-15 10:20:46,606 [INFO ]	OG0013355 Tree is rooted, pass
2019-10-15 10:20:46,609 [INFO ]	OG0013355 Create network
2019-10-15 10:20:46,711 [INFO ]	OG0001009 num nodes = 19
2019-10-15 10:20:46,711 [INFO ]	OG0001009 Tree is rooted, pass
2019-10-15 10:20:46,722 [INFO ]	OG0001009 Create network
2019-10-15 10:20:49,272 [INFO ]	OG0001304 num nodes = 17
2019-10-15 10:20:49,272 [INFO ]	OG0001304 Tree is rooted, pass
2019-10-15 10:20:49,282 [INFO ]	OG0001304 Create network
2019-10-15 10:20:50,957 [INFO ]	OG0001082 num nodes = 18
2019-10-15 10:20:50,957 [INFO ]	OG0001082 Tree is rooted, pass
2019-10-15 10:20:50,968 [INFO ]	OG0001082 Create network
2019-10-15 10:20:52,347 [INFO ]	OG0006510 num nodes = 13
2019-10-15 10:20:52,347 [INFO ]	OG0006510 Tree is rooted, pass
2019-10-15 10:20:52,355 [INFO ]	OG0006510 Create network
2019-10-15 10:20:53,880 [INFO ]	OG0010157 num nodes = 9
2019-10-15 10:20:53,881 [INFO ]	OG0010157 Tree is rooted, pass
2019-10-15 10:20:53,886 [INFO ]	OG0010157 Create network
2019-10-15 10:20:54,940 [INFO ]	OG0002155 num nodes = 15
2019-10-15 10:20:54,940 [INFO ]	OG0002155 Tree is rooted, pass
2019-10-15 10:20:54,950 [INFO ]	OG0002155 Create network
2019-10-15 10:20:56,998 [INFO ]	OG0007204 num nodes = 13
2019-10-15 10:20:56,998 [INFO ]	OG0007204 Tree is rooted, pass
2019-10-15 10:20:57,006 [INFO ]	OG0007204 Create network
2019-10-15 10:20:58,981 [INFO ]	OG0006496 num nodes = 13
2019-10-15 10:20:58,981 [INFO ]	OG0006496 Tree is rooted, pass
2019-10-15 10:20:58,988 [INFO ]	OG0006496 Create network
2019-10-15 10:21:01,116 [INFO ]	OG0005473 num nodes = 14
2019-10-15 10:21:01,116 [INFO ]	OG0005473 Tree is rooted, pass
2019-10-15 10:21:01,124 [INFO ]	OG0005473 Create network
2019-10-15 10:21:03,518 [INFO ]	OG0006599 num nodes = 13
2019-10-15 10:21:03,518 [INFO ]	OG0006599 Tree is rooted, pass
2019-10-15 10:21:03,526 [INFO ]	OG0006599 Create network
2019-10-15 10:21:05,513 [INFO ]	OG0012431 num nodes = 2
2019-10-15 10:21:05,513 [INFO ]	OG0012431 Tree is rooted, pass
2019-10-15 10:21:05,515 [INFO ]	OG0012431 Create network
2019-10-15 10:21:05,615 [INFO ]	OG0010549 num nodes = 8
2019-10-15 10:21:05,616 [INFO ]	OG0010549 Tree is rooted, pass
2019-10-15 10:21:05,620 [INFO ]	OG0010549 Create network
2019-10-15 10:21:06,077 [INFO ]	OG0008485 num nodes = 12
2019-10-15 10:21:06,078 [INFO ]	OG0008485 Tree is rooted, pass
2019-10-15 10:21:06,085 [INFO ]	OG0008485 Create network
2019-10-15 10:21:07,828 [INFO ]	OG0004597 num nodes = 14
2019-10-15 10:21:07,828 [INFO ]	OG0004597 Tree is rooted, pass
2019-10-15 10:21:07,837 [INFO ]	OG0004597 Create network
2019-10-15 10:21:10,247 [INFO ]	OG0000251 num nodes = 29
2019-10-15 10:21:10,247 [INFO ]	OG0000251 Tree is rooted, pass
2019-10-15 10:21:10,267 [INFO ]	OG0000251 Create network
2019-10-15 10:21:13,939 [INFO ]	OG0000041 num nodes = 55
2019-10-15 10:21:13,940 [INFO ]	OG0000041 Tree is rooted, pass
2019-10-15 10:21:13,978 [INFO ]	OG0000041 Create network
2019-10-15 10:21:21,431 [INFO ]	OG0004459 num nodes = 14
2019-10-15 10:21:21,431 [INFO ]	OG0004459 Tree is rooted, pass
2019-10-15 10:21:21,439 [INFO ]	OG0004459 Create network
2019-10-15 10:21:23,680 [INFO ]	OG0007446 num nodes = 13
2019-10-15 10:21:23,680 [INFO ]	OG0007446 Tree is rooted, pass
2019-10-15 10:21:23,688 [INFO ]	OG0007446 Create network
2019-10-15 10:21:25,628 [INFO ]	OG0008832 num nodes = 12
2019-10-15 10:21:25,628 [INFO ]	OG0008832 Tree is rooted, pass
2019-10-15 10:21:25,635 [INFO ]	OG0008832 Create network
2019-10-15 10:21:27,276 [INFO ]	OG0012609 num nodes = 2
2019-10-15 10:21:27,277 [INFO ]	OG0012609 Tree is rooted, pass
2019-10-15 10:21:27,279 [INFO ]	OG0012609 Create network
2019-10-15 10:21:27,378 [INFO ]	OG0007105 num nodes = 13
2019-10-15 10:21:27,379 [INFO ]	OG0007105 Tree is rooted, pass
2019-10-15 10:21:27,387 [INFO ]	OG0007105 Create network
2019-10-15 10:21:29,310 [INFO ]	OG0004106 num nodes = 14
2019-10-15 10:21:29,310 [INFO ]	OG0004106 Tree is rooted, pass
2019-10-15 10:21:29,319 [INFO ]	OG0004106 Create network
2019-10-15 10:21:31,367 [INFO ]	OG0003891 num nodes = 14
2019-10-15 10:21:31,367 [INFO ]	OG0003891 Tree is rooted, pass
2019-10-15 10:21:31,376 [INFO ]	OG0003891 Create network
2019-10-15 10:21:33,703 [INFO ]	OG0009108 num nodes = 11
2019-10-15 10:21:33,703 [INFO ]	OG0009108 Tree is rooted, pass
2019-10-15 10:21:33,710 [INFO ]	OG0009108 Create network
2019-10-15 10:21:35,110 [INFO ]	OG0000396 num nodes = 25
2019-10-15 10:21:35,110 [INFO ]	OG0000396 Tree is rooted, pass
2019-10-15 10:21:35,125 [INFO ]	OG0000396 Create network
2019-10-15 10:21:39,731 [INFO ]	OG0011369 num nodes = 4
2019-10-15 10:21:39,731 [INFO ]	OG0011369 Tree is rooted, pass
2019-10-15 10:21:39,734 [INFO ]	OG0011369 Create network
2019-10-15 10:21:39,968 [INFO ]	OG0005236 num nodes = 14
2019-10-15 10:21:39,968 [INFO ]	OG0005236 Tree is rooted, pass
2019-10-15 10:21:39,977 [INFO ]	OG0005236 Create network
2019-10-15 10:21:42,322 [INFO ]	OG0005121 num nodes = 14
2019-10-15 10:21:42,322 [INFO ]	OG0005121 Tree is rooted, pass
2019-10-15 10:21:42,331 [INFO ]	OG0005121 Create network
2019-10-15 10:21:44,944 [INFO ]	OG0010313 num nodes = 8
2019-10-15 10:21:44,944 [INFO ]	OG0010313 Tree is rooted, pass
2019-10-15 10:21:44,949 [INFO ]	OG0010313 Create network
2019-10-15 10:21:45,751 [INFO ]	OG0007880 num nodes = 13
2019-10-15 10:21:45,752 [INFO ]	OG0007880 Tree is rooted, pass
2019-10-15 10:21:45,760 [INFO ]	OG0007880 Create network
2019-10-15 10:21:47,719 [INFO ]	OG0001274 num nodes = 17
2019-10-15 10:21:47,719 [INFO ]	OG0001274 Tree is rooted, pass
2019-10-15 10:21:47,729 [INFO ]	OG0001274 Create network
2019-10-15 10:21:50,074 [INFO ]	OG0009111 num nodes = 11
2019-10-15 10:21:50,074 [INFO ]	OG0009111 Tree is rooted, pass
2019-10-15 10:21:50,081 [INFO ]	OG0009111 Create network
2019-10-15 10:21:51,615 [INFO ]	OG0004837 num nodes = 14
2019-10-15 10:21:51,615 [INFO ]	OG0004837 Tree is rooted, pass
2019-10-15 10:21:51,624 [INFO ]	OG0004837 Create network
2019-10-15 10:21:53,490 [INFO ]	OG0010702 num nodes = 7
2019-10-15 10:21:53,490 [INFO ]	OG0010702 Tree is rooted, pass
2019-10-15 10:21:53,495 [INFO ]	OG0010702 Create network
2019-10-15 10:21:54,189 [INFO ]	OG0009354 num nodes = 11
2019-10-15 10:21:54,189 [INFO ]	OG0009354 Tree is rooted, pass
2019-10-15 10:21:54,196 [INFO ]	OG0009354 Create network
2019-10-15 10:21:55,617 [INFO ]	OG0003280 num nodes = 14
2019-10-15 10:21:55,617 [INFO ]	OG0003280 Tree is rooted, pass
2019-10-15 10:21:55,625 [INFO ]	OG0003280 Create network
2019-10-15 10:21:57,906 [INFO ]	OG0010737 num nodes = 7
2019-10-15 10:21:57,906 [INFO ]	OG0010737 Tree is rooted, pass
2019-10-15 10:21:57,912 [INFO ]	OG0010737 Create network
2019-10-15 10:21:58,529 [INFO ]	OG0001428 num nodes = 16
2019-10-15 10:21:58,529 [INFO ]	OG0001428 Tree is rooted, pass
2019-10-15 10:21:58,540 [INFO ]	OG0001428 Create network
2019-10-15 10:21:59,831 [INFO ]	OG0001641 num nodes = 16
2019-10-15 10:21:59,831 [INFO ]	OG0001641 Tree is rooted, pass
2019-10-15 10:21:59,842 [INFO ]	OG0001641 Create network
2019-10-15 10:22:01,467 [INFO ]	OG0009764 num nodes = 10
2019-10-15 10:22:01,467 [INFO ]	OG0009764 Tree is rooted, pass
2019-10-15 10:22:01,473 [INFO ]	OG0009764 Create network
2019-10-15 10:22:02,701 [INFO ]	OG0008524 num nodes = 12
2019-10-15 10:22:02,701 [INFO ]	OG0008524 Tree is rooted, pass
2019-10-15 10:22:02,709 [INFO ]	OG0008524 Create network
2019-10-15 10:22:04,447 [INFO ]	OG0001331 num nodes = 17
2019-10-15 10:22:04,448 [INFO ]	OG0001331 Tree is rooted, pass
2019-10-15 10:22:04,458 [INFO ]	OG0001331 Create network
2019-10-15 10:22:06,965 [INFO ]	OG0000815 num nodes = 20
2019-10-15 10:22:06,965 [INFO ]	OG0000815 Tree is rooted, pass
2019-10-15 10:22:06,977 [INFO ]	OG0000815 Create network
2019-10-15 10:22:10,205 [INFO ]	OG0001301 num nodes = 17
2019-10-15 10:22:10,205 [INFO ]	OG0001301 Tree is rooted, pass
2019-10-15 10:22:10,216 [INFO ]	OG0001301 Create network
2019-10-15 10:22:12,659 [INFO ]	OG0004992 num nodes = 14
2019-10-15 10:22:12,659 [INFO ]	OG0004992 Tree is rooted, pass
2019-10-15 10:22:12,668 [INFO ]	OG0004992 Create network
2019-10-15 10:22:14,934 [INFO ]	OG0009289 num nodes = 11
2019-10-15 10:22:14,934 [INFO ]	OG0009289 Tree is rooted, pass
2019-10-15 10:22:14,941 [INFO ]	OG0009289 Create network
2019-10-15 10:22:16,331 [INFO ]	OG0012510 num nodes = 2
2019-10-15 10:22:16,331 [INFO ]	OG0012510 Tree is rooted, pass
2019-10-15 10:22:16,333 [INFO ]	OG0012510 Create network
2019-10-15 10:22:16,429 [INFO ]	OG0006160 num nodes = 13
2019-10-15 10:22:16,430 [INFO ]	OG0006160 Tree is rooted, pass
2019-10-15 10:22:16,437 [INFO ]	OG0006160 Create network
2019-10-15 10:22:18,392 [INFO ]	OG0011671 num nodes = 4
2019-10-15 10:22:18,392 [INFO ]	OG0011671 Tree is rooted, pass
2019-10-15 10:22:18,395 [INFO ]	OG0011671 Create network
2019-10-15 10:22:18,557 [INFO ]	OG0010182 num nodes = 9
2019-10-15 10:22:18,557 [INFO ]	OG0010182 Tree is rooted, pass
2019-10-15 10:22:18,562 [INFO ]	OG0010182 Create network
2019-10-15 10:22:19,560 [INFO ]	OG0001193 num nodes = 17
2019-10-15 10:22:19,560 [INFO ]	OG0001193 Tree is rooted, pass
2019-10-15 10:22:19,571 [INFO ]	OG0001193 Create network
2019-10-15 10:22:21,678 [INFO ]	OG0011287 num nodes = 5
2019-10-15 10:22:21,678 [INFO ]	OG0011287 Tree is rooted, pass
2019-10-15 10:22:21,681 [INFO ]	OG0011287 Create network
2019-10-15 10:22:22,023 [INFO ]	OG0010061 num nodes = 9
2019-10-15 10:22:22,024 [INFO ]	OG0010061 Tree is rooted, pass
2019-10-15 10:22:22,029 [INFO ]	OG0010061 Create network
2019-10-15 10:22:23,010 [INFO ]	OG0009149 num nodes = 11
2019-10-15 10:22:23,010 [INFO ]	OG0009149 Tree is rooted, pass
2019-10-15 10:22:23,017 [INFO ]	OG0009149 Create network
2019-10-15 10:22:24,430 [INFO ]	OG0010894 num nodes = 6
2019-10-15 10:22:24,430 [INFO ]	OG0010894 Tree is rooted, pass
2019-10-15 10:22:24,442 [INFO ]	OG0010894 Create network
2019-10-15 10:22:24,891 [INFO ]	OG0011669 num nodes = 4
2019-10-15 10:22:24,891 [INFO ]	OG0011669 Tree is rooted, pass
2019-10-15 10:22:24,894 [INFO ]	OG0011669 Create network
2019-10-15 10:22:25,049 [INFO ]	OG0003520 num nodes = 14
2019-10-15 10:22:25,049 [INFO ]	OG0003520 Tree is rooted, pass
2019-10-15 10:22:25,058 [INFO ]	OG0003520 Create network
2019-10-15 10:22:27,278 [INFO ]	OG0001207 num nodes = 17
2019-10-15 10:22:27,279 [INFO ]	OG0001207 Tree is rooted, pass
2019-10-15 10:22:27,289 [INFO ]	OG0001207 Create network
2019-10-15 10:22:29,152 [INFO ]	OG0005924 num nodes = 14
2019-10-15 10:22:29,152 [INFO ]	OG0005924 Tree is rooted, pass
2019-10-15 10:22:29,160 [INFO ]	OG0005924 Create network
2019-10-15 10:22:30,949 [INFO ]	OG0009319 num nodes = 11
2019-10-15 10:22:30,949 [INFO ]	OG0009319 Tree is rooted, pass
2019-10-15 10:22:30,956 [INFO ]	OG0009319 Create network
2019-10-15 10:22:32,343 [INFO ]	OG0004175 num nodes = 14
2019-10-15 10:22:32,343 [INFO ]	OG0004175 Tree is rooted, pass
2019-10-15 10:22:32,351 [INFO ]	OG0004175 Create network
2019-10-15 10:22:34,589 [INFO ]	OG0012541 num nodes = 2
2019-10-15 10:22:34,589 [INFO ]	OG0012541 Tree is rooted, pass
2019-10-15 10:22:34,591 [INFO ]	OG0012541 Create network
2019-10-15 10:22:34,687 [INFO ]	OG0004086 num nodes = 14
2019-10-15 10:22:34,687 [INFO ]	OG0004086 Tree is rooted, pass
2019-10-15 10:22:34,695 [INFO ]	OG0004086 Create network
2019-10-15 10:22:36,915 [INFO ]	OG0009100 num nodes = 11
2019-10-15 10:22:36,915 [INFO ]	OG0009100 Tree is rooted, pass
2019-10-15 10:22:36,921 [INFO ]	OG0009100 Create network
2019-10-15 10:22:38,349 [INFO ]	OG0011560 num nodes = 4
2019-10-15 10:22:38,350 [INFO ]	OG0011560 Tree is rooted, pass
2019-10-15 10:22:38,353 [INFO ]	OG0011560 Create network
2019-10-15 10:22:38,591 [INFO ]	OG0005694 num nodes = 14
2019-10-15 10:22:38,591 [INFO ]	OG0005694 Tree is rooted, pass
2019-10-15 10:22:38,600 [INFO ]	OG0005694 Create network
2019-10-15 10:22:40,842 [INFO ]	OG0013559 num nodes = 2
2019-10-15 10:22:40,843 [INFO ]	OG0013559 Tree is rooted, pass
2019-10-15 10:22:40,845 [INFO ]	OG0013559 Create network
2019-10-15 10:22:40,946 [INFO ]	OG0000099 num nodes = 40
2019-10-15 10:22:40,946 [INFO ]	OG0000099 Tree is rooted, pass
2019-10-15 10:22:40,973 [INFO ]	OG0000099 Create network
2019-10-15 10:22:48,851 [INFO ]	OG0007835 num nodes = 13
2019-10-15 10:22:48,851 [INFO ]	OG0007835 Tree is rooted, pass
2019-10-15 10:22:48,858 [INFO ]	OG0007835 Create network
2019-10-15 10:22:50,792 [INFO ]	OG0003491 num nodes = 14
2019-10-15 10:22:50,792 [INFO ]	OG0003491 Tree is rooted, pass
2019-10-15 10:22:50,801 [INFO ]	OG0003491 Create network
2019-10-15 10:22:52,517 [INFO ]	OG0001651 num nodes = 16
2019-10-15 10:22:52,518 [INFO ]	OG0001651 Tree is rooted, pass
2019-10-15 10:22:52,527 [INFO ]	OG0001651 Create network
2019-10-15 10:22:54,425 [INFO ]	OG0008486 num nodes = 12
2019-10-15 10:22:54,425 [INFO ]	OG0008486 Tree is rooted, pass
2019-10-15 10:22:54,432 [INFO ]	OG0008486 Create network
2019-10-15 10:22:56,104 [INFO ]	OG0003538 num nodes = 14
2019-10-15 10:22:56,104 [INFO ]	OG0003538 Tree is rooted, pass
2019-10-15 10:22:56,113 [INFO ]	OG0003538 Create network
2019-10-15 10:22:58,315 [INFO ]	OG0004293 num nodes = 14
2019-10-15 10:22:58,315 [INFO ]	OG0004293 Tree is rooted, pass
2019-10-15 10:22:58,323 [INFO ]	OG0004293 Create network
2019-10-15 10:23:00,591 [INFO ]	OG0010897 num nodes = 6
2019-10-15 10:23:00,591 [INFO ]	OG0010897 Tree is rooted, pass
2019-10-15 10:23:00,595 [INFO ]	OG0010897 Create network
2019-10-15 10:23:01,052 [INFO ]	OG0011946 num nodes = 3
2019-10-15 10:23:01,052 [INFO ]	OG0011946 Tree is rooted, pass
2019-10-15 10:23:01,054 [INFO ]	OG0011946 Create network
2019-10-15 10:23:01,207 [INFO ]	OG0004394 num nodes = 14
2019-10-15 10:23:01,208 [INFO ]	OG0004394 Tree is rooted, pass
2019-10-15 10:23:01,216 [INFO ]	OG0004394 Create network
2019-10-15 10:23:02,972 [INFO ]	OG0010511 num nodes = 8
2019-10-15 10:23:02,972 [INFO ]	OG0010511 Tree is rooted, pass
2019-10-15 10:23:02,977 [INFO ]	OG0010511 Create network
2019-10-15 10:23:03,722 [INFO ]	OG0004486 num nodes = 14
2019-10-15 10:23:03,722 [INFO ]	OG0004486 Tree is rooted, pass
2019-10-15 10:23:03,730 [INFO ]	OG0004486 Create network
2019-10-15 10:23:05,929 [INFO ]	OG0007039 num nodes = 13
2019-10-15 10:23:05,929 [INFO ]	OG0007039 Tree is rooted, pass
2019-10-15 10:23:05,937 [INFO ]	OG0007039 Create network
2019-10-15 10:23:07,801 [INFO ]	OG0000755 num nodes = 21
2019-10-15 10:23:07,802 [INFO ]	OG0000755 Tree is rooted, pass
2019-10-15 10:23:07,814 [INFO ]	OG0000755 Create network
2019-10-15 10:23:10,916 [INFO ]	OG0009736 num nodes = 10
2019-10-15 10:23:10,916 [INFO ]	OG0009736 Tree is rooted, pass
2019-10-15 10:23:10,922 [INFO ]	OG0009736 Create network
2019-10-15 10:23:12,078 [INFO ]	OG0006504 num nodes = 13
2019-10-15 10:23:12,078 [INFO ]	OG0006504 Tree is rooted, pass
2019-10-15 10:23:12,086 [INFO ]	OG0006504 Create network
2019-10-15 10:23:14,140 [INFO ]	OG0013199 num nodes = 2
2019-10-15 10:23:14,141 [INFO ]	OG0013199 Tree is rooted, pass
2019-10-15 10:23:14,143 [INFO ]	OG0013199 Create network
2019-10-15 10:23:14,243 [INFO ]	OG0009348 num nodes = 11
2019-10-15 10:23:14,244 [INFO ]	OG0009348 Tree is rooted, pass
2019-10-15 10:23:14,250 [INFO ]	OG0009348 Create network
2019-10-15 10:23:15,456 [INFO ]	OG0002634 num nodes = 14
2019-10-15 10:23:15,456 [INFO ]	OG0002634 Tree is rooted, pass
2019-10-15 10:23:15,465 [INFO ]	OG0002634 Create network
2019-10-15 10:23:17,675 [INFO ]	OG0009387 num nodes = 11
2019-10-15 10:23:17,675 [INFO ]	OG0009387 Tree is rooted, pass
2019-10-15 10:23:17,682 [INFO ]	OG0009387 Create network
2019-10-15 10:23:19,095 [INFO ]	OG0013278 num nodes = 2
2019-10-15 10:23:19,095 [INFO ]	OG0013278 Tree is rooted, pass
2019-10-15 10:23:19,097 [INFO ]	OG0013278 Create network
2019-10-15 10:23:19,184 [INFO ]	OG0004357 num nodes = 14
2019-10-15 10:23:19,185 [INFO ]	OG0004357 Tree is rooted, pass
2019-10-15 10:23:19,193 [INFO ]	OG0004357 Create network
2019-10-15 10:23:21,386 [INFO ]	OG0003575 num nodes = 14
2019-10-15 10:23:21,387 [INFO ]	OG0003575 Tree is rooted, pass
2019-10-15 10:23:21,395 [INFO ]	OG0003575 Create network
2019-10-15 10:23:23,566 [INFO ]	OG0011231 num nodes = 5
2019-10-15 10:23:23,566 [INFO ]	OG0011231 Tree is rooted, pass
2019-10-15 10:23:23,569 [INFO ]	OG0011231 Create network
2019-10-15 10:23:23,901 [INFO ]	OG0003296 num nodes = 14
2019-10-15 10:23:23,901 [INFO ]	OG0003296 Tree is rooted, pass
2019-10-15 10:23:23,909 [INFO ]	OG0003296 Create network
2019-10-15 10:23:26,102 [INFO ]	OG0000612 num nodes = 22
2019-10-15 10:23:26,102 [INFO ]	OG0000612 Tree is rooted, pass
2019-10-15 10:23:26,115 [INFO ]	OG0000612 Create network
2019-10-15 10:23:28,990 [INFO ]	OG0010557 num nodes = 8
2019-10-15 10:23:28,990 [INFO ]	OG0010557 Tree is rooted, pass
2019-10-15 10:23:28,995 [INFO ]	OG0010557 Create network
2019-10-15 10:23:29,724 [INFO ]	OG0004756 num nodes = 14
2019-10-15 10:23:29,724 [INFO ]	OG0004756 Tree is rooted, pass
2019-10-15 10:23:29,733 [INFO ]	OG0004756 Create network
2019-10-15 10:23:31,506 [INFO ]	OG0003590 num nodes = 14
2019-10-15 10:23:31,507 [INFO ]	OG0003590 Tree is rooted, pass
2019-10-15 10:23:31,515 [INFO ]	OG0003590 Create network
2019-10-15 10:23:33,889 [INFO ]	OG0001320 num nodes = 17
2019-10-15 10:23:33,889 [INFO ]	OG0001320 Tree is rooted, pass
2019-10-15 10:23:33,904 [INFO ]	OG0001320 Create network
2019-10-15 10:23:35,770 [INFO ]	OG0001686 num nodes = 16
2019-10-15 10:23:35,770 [INFO ]	OG0001686 Tree is rooted, pass
2019-10-15 10:23:35,780 [INFO ]	OG0001686 Create network
2019-10-15 10:23:38,049 [INFO ]	OG0001431 num nodes = 16
2019-10-15 10:23:38,049 [INFO ]	OG0001431 Tree is rooted, pass
2019-10-15 10:23:38,059 [INFO ]	OG0001431 Create network
2019-10-15 10:23:40,295 [INFO ]	OG0002517 num nodes = 15
2019-10-15 10:23:40,295 [INFO ]	OG0002517 Tree is rooted, pass
2019-10-15 10:23:40,305 [INFO ]	OG0002517 Create network
2019-10-15 10:23:42,130 [INFO ]	OG0003368 num nodes = 14
2019-10-15 10:23:42,130 [INFO ]	OG0003368 Tree is rooted, pass
2019-10-15 10:23:42,139 [INFO ]	OG0003368 Create network
2019-10-15 10:23:44,388 [INFO ]	OG0009667 num nodes = 10
2019-10-15 10:23:44,389 [INFO ]	OG0009667 Tree is rooted, pass
2019-10-15 10:23:44,394 [INFO ]	OG0009667 Create network
2019-10-15 10:23:45,502 [INFO ]	OG0008569 num nodes = 12
2019-10-15 10:23:45,502 [INFO ]	OG0008569 Tree is rooted, pass
2019-10-15 10:23:45,510 [INFO ]	OG0008569 Create network
2019-10-15 10:23:47,263 [INFO ]	OG0002398 num nodes = 15
2019-10-15 10:23:47,263 [INFO ]	OG0002398 Tree is rooted, pass
2019-10-15 10:23:47,273 [INFO ]	OG0002398 Create network
2019-10-15 10:23:49,356 [INFO ]	OG0010939 num nodes = 6
2019-10-15 10:23:49,356 [INFO ]	OG0010939 Tree is rooted, pass
2019-10-15 10:23:49,360 [INFO ]	OG0010939 Create network
2019-10-15 10:23:49,824 [INFO ]	OG0012785 num nodes = 2
2019-10-15 10:23:49,824 [INFO ]	OG0012785 Tree is rooted, pass
2019-10-15 10:23:49,826 [INFO ]	OG0012785 Create network
2019-10-15 10:23:49,917 [INFO ]	OG0000317 num nodes = 27
2019-10-15 10:23:49,917 [INFO ]	OG0000317 Tree is rooted, pass
2019-10-15 10:23:49,935 [INFO ]	OG0000317 Create network
2019-10-15 10:23:52,383 [INFO ]	OG0003513 num nodes = 14
2019-10-15 10:23:52,383 [INFO ]	OG0003513 Tree is rooted, pass
2019-10-15 10:23:52,392 [INFO ]	OG0003513 Create network
2019-10-15 10:23:54,179 [INFO ]	OG0007987 num nodes = 12
2019-10-15 10:23:54,180 [INFO ]	OG0007987 Tree is rooted, pass
2019-10-15 10:23:54,187 [INFO ]	OG0007987 Create network
2019-10-15 10:23:55,615 [INFO ]	OG0006723 num nodes = 13
2019-10-15 10:23:55,615 [INFO ]	OG0006723 Tree is rooted, pass
2019-10-15 10:23:55,623 [INFO ]	OG0006723 Create network
2019-10-15 10:23:57,593 [INFO ]	OG0003758 num nodes = 14
2019-10-15 10:23:57,593 [INFO ]	OG0003758 Tree is rooted, pass
2019-10-15 10:23:57,602 [INFO ]	OG0003758 Create network
2019-10-15 10:23:59,876 [INFO ]	OG0012949 num nodes = 2
2019-10-15 10:23:59,876 [INFO ]	OG0012949 Tree is rooted, pass
2019-10-15 10:23:59,878 [INFO ]	OG0012949 Create network
2019-10-15 10:23:59,979 [INFO ]	OG0012462 num nodes = 2
2019-10-15 10:23:59,980 [INFO ]	OG0012462 Tree is rooted, pass
2019-10-15 10:23:59,982 [INFO ]	OG0012462 Create network
2019-10-15 10:24:00,088 [INFO ]	OG0007618 num nodes = 13
2019-10-15 10:24:00,088 [INFO ]	OG0007618 Tree is rooted, pass
2019-10-15 10:24:00,096 [INFO ]	OG0007618 Create network
2019-10-15 10:24:01,992 [INFO ]	OG0008073 num nodes = 12
2019-10-15 10:24:01,992 [INFO ]	OG0008073 Tree is rooted, pass
2019-10-15 10:24:01,999 [INFO ]	OG0008073 Create network
2019-10-15 10:24:03,634 [INFO ]	OG0010985 num nodes = 6
2019-10-15 10:24:03,634 [INFO ]	OG0010985 Tree is rooted, pass
2019-10-15 10:24:03,638 [INFO ]	OG0010985 Create network
2019-10-15 10:24:04,092 [INFO ]	OG0005862 num nodes = 14
2019-10-15 10:24:04,092 [INFO ]	OG0005862 Tree is rooted, pass
2019-10-15 10:24:04,101 [INFO ]	OG0005862 Create network
2019-10-15 10:24:06,335 [INFO ]	OG0010811 num nodes = 7
2019-10-15 10:24:06,335 [INFO ]	OG0010811 Tree is rooted, pass
2019-10-15 10:24:06,339 [INFO ]	OG0010811 Create network
2019-10-15 10:24:06,939 [INFO ]	OG0000400 num nodes = 25
2019-10-15 10:24:06,939 [INFO ]	OG0000400 Tree is rooted, pass
2019-10-15 10:24:06,955 [INFO ]	OG0000400 Create network
2019-10-15 10:24:08,889 [INFO ]	OG0001006 num nodes = 18
2019-10-15 10:24:08,889 [INFO ]	OG0001006 Tree is rooted, pass
2019-10-15 10:24:08,900 [INFO ]	OG0001006 Create network
2019-10-15 10:24:11,414 [INFO ]	OG0005388 num nodes = 14
2019-10-15 10:24:11,414 [INFO ]	OG0005388 Tree is rooted, pass
2019-10-15 10:24:11,422 [INFO ]	OG0005388 Create network
2019-10-15 10:24:13,689 [INFO ]	OG0010495 num nodes = 8
2019-10-15 10:24:13,689 [INFO ]	OG0010495 Tree is rooted, pass
2019-10-15 10:24:13,694 [INFO ]	OG0010495 Create network
2019-10-15 10:24:14,462 [INFO ]	OG0007599 num nodes = 13
2019-10-15 10:24:14,462 [INFO ]	OG0007599 Tree is rooted, pass
2019-10-15 10:24:14,470 [INFO ]	OG0007599 Create network
2019-10-15 10:24:16,443 [INFO ]	OG0000164 num nodes = 34
2019-10-15 10:24:16,443 [INFO ]	OG0000164 Tree is rooted, pass
2019-10-15 10:24:16,465 [INFO ]	OG0000164 Create network
2019-10-15 10:24:18,739 [INFO ]	OG0000408 num nodes = 25
2019-10-15 10:24:18,739 [INFO ]	OG0000408 Tree is rooted, pass
2019-10-15 10:24:18,754 [INFO ]	OG0000408 Create network
2019-10-15 10:24:20,732 [INFO ]	OG0004810 num nodes = 14
2019-10-15 10:24:20,732 [INFO ]	OG0004810 Tree is rooted, pass
2019-10-15 10:24:20,741 [INFO ]	OG0004810 Create network
2019-10-15 10:24:22,981 [INFO ]	OG0003820 num nodes = 14
2019-10-15 10:24:22,981 [INFO ]	OG0003820 Tree is rooted, pass
2019-10-15 10:24:22,989 [INFO ]	OG0003820 Create network
2019-10-15 10:24:25,262 [INFO ]	OG0008258 num nodes = 12
2019-10-15 10:24:25,263 [INFO ]	OG0008258 Tree is rooted, pass
2019-10-15 10:24:25,270 [INFO ]	OG0008258 Create network
2019-10-15 10:24:26,924 [INFO ]	OG0004928 num nodes = 14
2019-10-15 10:24:26,924 [INFO ]	OG0004928 Tree is rooted, pass
2019-10-15 10:24:26,933 [INFO ]	OG0004928 Create network
2019-10-15 10:24:29,194 [INFO ]	OG0005725 num nodes = 14
2019-10-15 10:24:29,194 [INFO ]	OG0005725 Tree is rooted, pass
2019-10-15 10:24:29,203 [INFO ]	OG0005725 Create network
2019-10-15 10:24:31,510 [INFO ]	OG0010866 num nodes = 6
2019-10-15 10:24:31,510 [INFO ]	OG0010866 Tree is rooted, pass
2019-10-15 10:24:31,514 [INFO ]	OG0010866 Create network
2019-10-15 10:24:31,957 [INFO ]	OG0009609 num nodes = 10
2019-10-15 10:24:31,957 [INFO ]	OG0009609 Tree is rooted, pass
2019-10-15 10:24:31,964 [INFO ]	OG0009609 Create network
2019-10-15 10:24:33,134 [INFO ]	OG0010231 num nodes = 9
2019-10-15 10:24:33,134 [INFO ]	OG0010231 Tree is rooted, pass
2019-10-15 10:24:33,139 [INFO ]	OG0010231 Create network
2019-10-15 10:24:34,120 [INFO ]	OG0005859 num nodes = 14
2019-10-15 10:24:34,120 [INFO ]	OG0005859 Tree is rooted, pass
2019-10-15 10:24:34,128 [INFO ]	OG0005859 Create network
2019-10-15 10:24:36,353 [INFO ]	OG0010747 num nodes = 7
2019-10-15 10:24:36,353 [INFO ]	OG0010747 Tree is rooted, pass
2019-10-15 10:24:36,357 [INFO ]	OG0010747 Create network
2019-10-15 10:24:36,954 [INFO ]	OG0012561 num nodes = 2
2019-10-15 10:24:36,954 [INFO ]	OG0012561 Tree is rooted, pass
2019-10-15 10:24:36,956 [INFO ]	OG0012561 Create network
2019-10-15 10:24:37,052 [INFO ]	OG0010316 num nodes = 8
2019-10-15 10:24:37,052 [INFO ]	OG0010316 Tree is rooted, pass
2019-10-15 10:24:37,057 [INFO ]	OG0010316 Create network
2019-10-15 10:24:37,827 [INFO ]	OG0000056 num nodes = 54
2019-10-15 10:24:37,827 [INFO ]	OG0000056 Tree is rooted, pass
2019-10-15 10:24:37,866 [INFO ]	OG0000056 Create network
2019-10-15 10:24:41,271 [INFO ]	OG0010978 num nodes = 6
2019-10-15 10:24:41,271 [INFO ]	OG0010978 Tree is rooted, pass
2019-10-15 10:24:41,275 [INFO ]	OG0010978 Create network
2019-10-15 10:24:41,747 [INFO ]	OG0002486 num nodes = 15
2019-10-15 10:24:41,747 [INFO ]	OG0002486 Tree is rooted, pass
2019-10-15 10:24:41,757 [INFO ]	OG0002486 Create network
2019-10-15 10:24:43,768 [INFO ]	OG0003692 num nodes = 14
2019-10-15 10:24:43,768 [INFO ]	OG0003692 Tree is rooted, pass
2019-10-15 10:24:43,777 [INFO ]	OG0003692 Create network
2019-10-15 10:24:46,018 [INFO ]	OG0010153 num nodes = 9
2019-10-15 10:24:46,018 [INFO ]	OG0010153 Tree is rooted, pass
2019-10-15 10:24:46,024 [INFO ]	OG0010153 Create network
2019-10-15 10:24:46,998 [INFO ]	OG0009201 num nodes = 11
2019-10-15 10:24:46,998 [INFO ]	OG0009201 Tree is rooted, pass
2019-10-15 10:24:47,004 [INFO ]	OG0009201 Create network
2019-10-15 10:24:48,426 [INFO ]	OG0011198 num nodes = 5
2019-10-15 10:24:48,427 [INFO ]	OG0011198 Tree is rooted, pass
2019-10-15 10:24:48,430 [INFO ]	OG0011198 Create network
2019-10-15 10:24:48,771 [INFO ]	OG0009236 num nodes = 11
2019-10-15 10:24:48,771 [INFO ]	OG0009236 Tree is rooted, pass
2019-10-15 10:24:48,777 [INFO ]	OG0009236 Create network
2019-10-15 10:24:50,175 [INFO ]	OG0011728 num nodes = 3
2019-10-15 10:24:50,176 [INFO ]	OG0011728 Tree is rooted, pass
2019-10-15 10:24:50,178 [INFO ]	OG0011728 Create network
2019-10-15 10:24:50,702 [INFO ]	All done in /home/xavi/dades/Anotacions/orthofinder_Ano14sps_noclu_9oct19/output/Fasttrees
