2019-10-14 18:28:26,191 [INFO ]	Input args: {'out': 'out_fas2', 'suf': 'tree', 'phy': '/home/xavi/dades/Anotacions/orthofinder_Ano14sps_noclu_9oct19/output/Fasttrees', 'nopt': '500', 'inf': 1.1, 'ani': 'opti', 'ort': '/home/xavi/dades/Anotacions/orthofinder_Ano14sps_noclu_9oct19/output/Orthogroups_nomllarg.txt'}
2019-10-14 18:28:26,191 [INFO ]	Find optimal inflation
2019-10-14 18:28:26,193 [INFO ]	OG0012229 num nodes = 3
2019-10-14 18:28:26,193 [INFO ]	OG0012229 Tree is rooted, pass
2019-10-14 18:28:26,195 [INFO ]	OG0012229 Create network
2019-10-14 18:28:26,546 [INFO ]	OG0010617 num nodes = 7
2019-10-14 18:28:26,546 [INFO ]	OG0010617 Tree is rooted, pass
2019-10-14 18:28:26,550 [INFO ]	OG0010617 Create network
2019-10-14 18:28:27,109 [INFO ]	OG0006843 num nodes = 13
2019-10-14 18:28:27,109 [INFO ]	OG0006843 Tree is rooted, pass
2019-10-14 18:28:27,116 [INFO ]	OG0006843 Create network
2019-10-14 18:28:28,672 [INFO ]	OG0001453 num nodes = 16
2019-10-14 18:28:28,672 [INFO ]	OG0001453 Tree is rooted, pass
2019-10-14 18:28:28,682 [INFO ]	OG0001453 Create network
2019-10-14 18:28:30,731 [INFO ]	OG0011153 num nodes = 5
2019-10-14 18:28:30,731 [INFO ]	OG0011153 Tree is rooted, pass
2019-10-14 18:28:30,734 [INFO ]	OG0011153 Create network
2019-10-14 18:28:31,047 [INFO ]	OG0010677 num nodes = 7
2019-10-14 18:28:31,047 [INFO ]	OG0010677 Tree is rooted, pass
2019-10-14 18:28:31,052 [INFO ]	OG0010677 Create network
2019-10-14 18:28:31,608 [INFO ]	OG0002826 num nodes = 14
2019-10-14 18:28:31,609 [INFO ]	OG0002826 Tree is rooted, pass
2019-10-14 18:28:31,616 [INFO ]	OG0002826 Create network
2019-10-14 18:28:32,795 [INFO ]	OG0002878 num nodes = 14
2019-10-14 18:28:32,795 [INFO ]	OG0002878 Tree is rooted, pass
2019-10-14 18:28:32,804 [INFO ]	OG0002878 Create network
2019-10-14 18:28:34,953 [INFO ]	OG0013397 num nodes = 2
2019-10-14 18:28:34,953 [INFO ]	OG0013397 Tree is rooted, pass
2019-10-14 18:28:34,955 [INFO ]	OG0013397 Create network
2019-10-14 18:28:35,047 [INFO ]	OG0003315 num nodes = 14
2019-10-14 18:28:35,048 [INFO ]	OG0003315 Tree is rooted, pass
2019-10-14 18:28:35,056 [INFO ]	OG0003315 Create network
2019-10-14 18:28:36,521 [INFO ]	OG0004874 num nodes = 14
2019-10-14 18:28:36,521 [INFO ]	OG0004874 Tree is rooted, pass
2019-10-14 18:28:36,529 [INFO ]	OG0004874 Create network
2019-10-14 18:28:38,638 [INFO ]	OG0006081 num nodes = 13
2019-10-14 18:28:38,638 [INFO ]	OG0006081 Tree is rooted, pass
2019-10-14 18:28:38,646 [INFO ]	OG0006081 Create network
2019-10-14 18:28:40,454 [INFO ]	OG0006674 num nodes = 13
2019-10-14 18:28:40,454 [INFO ]	OG0006674 Tree is rooted, pass
2019-10-14 18:28:40,461 [INFO ]	OG0006674 Create network
2019-10-14 18:28:42,244 [INFO ]	OG0010017 num nodes = 9
2019-10-14 18:28:42,244 [INFO ]	OG0010017 Tree is rooted, pass
2019-10-14 18:28:42,249 [INFO ]	OG0010017 Create network
2019-10-14 18:28:43,139 [INFO ]	OG0008530 num nodes = 12
2019-10-14 18:28:43,139 [INFO ]	OG0008530 Tree is rooted, pass
2019-10-14 18:28:43,146 [INFO ]	OG0008530 Create network
2019-10-14 18:28:44,681 [INFO ]	OG0008195 num nodes = 12
2019-10-14 18:28:44,681 [INFO ]	OG0008195 Tree is rooted, pass
2019-10-14 18:28:44,688 [INFO ]	OG0008195 Create network
2019-10-14 18:28:46,262 [INFO ]	OG0003732 num nodes = 14
2019-10-14 18:28:46,263 [INFO ]	OG0003732 Tree is rooted, pass
2019-10-14 18:28:46,270 [INFO ]	OG0003732 Create network
2019-10-14 18:28:48,355 [INFO ]	OG0010977 num nodes = 6
2019-10-14 18:28:48,356 [INFO ]	OG0010977 Tree is rooted, pass
2019-10-14 18:28:48,359 [INFO ]	OG0010977 Create network
2019-10-14 18:28:48,503 [INFO ]	OG0009076 num nodes = 11
2019-10-14 18:28:48,503 [INFO ]	OG0009076 Tree is rooted, pass
2019-10-14 18:28:48,509 [INFO ]	OG0009076 Create network
2019-10-14 18:28:49,817 [INFO ]	OG0001474 num nodes = 16
2019-10-14 18:28:49,817 [INFO ]	OG0001474 Tree is rooted, pass
2019-10-14 18:28:49,826 [INFO ]	OG0001474 Create network
2019-10-14 18:28:51,745 [INFO ]	OG0005202 num nodes = 14
2019-10-14 18:28:51,745 [INFO ]	OG0005202 Tree is rooted, pass
2019-10-14 18:28:51,753 [INFO ]	OG0005202 Create network
2019-10-14 18:28:53,821 [INFO ]	OG0010991 num nodes = 6
2019-10-14 18:28:53,821 [INFO ]	OG0010991 Tree is rooted, pass
2019-10-14 18:28:53,824 [INFO ]	OG0010991 Create network
2019-10-14 18:28:54,254 [INFO ]	OG0007947 num nodes = 13
2019-10-14 18:28:54,255 [INFO ]	OG0007947 Tree is rooted, pass
2019-10-14 18:28:54,262 [INFO ]	OG0007947 Create network
2019-10-14 18:28:56,063 [INFO ]	OG0003599 num nodes = 14
2019-10-14 18:28:56,064 [INFO ]	OG0003599 Tree is rooted, pass
2019-10-14 18:28:56,071 [INFO ]	OG0003599 Create network
2019-10-14 18:28:58,141 [INFO ]	OG0013294 num nodes = 2
2019-10-14 18:28:58,141 [INFO ]	OG0013294 Tree is rooted, pass
2019-10-14 18:28:58,143 [INFO ]	OG0013294 Create network
2019-10-14 18:28:58,229 [INFO ]	OG0013651 num nodes = 2
2019-10-14 18:28:58,229 [INFO ]	OG0013651 Tree is rooted, pass
2019-10-14 18:28:58,231 [INFO ]	OG0013651 Create network
2019-10-14 18:28:58,316 [INFO ]	OG0009006 num nodes = 12
2019-10-14 18:28:58,316 [INFO ]	OG0009006 Tree is rooted, pass
2019-10-14 18:28:58,323 [INFO ]	OG0009006 Create network
2019-10-14 18:28:59,838 [INFO ]	OG0003234 num nodes = 14
2019-10-14 18:28:59,838 [INFO ]	OG0003234 Tree is rooted, pass
2019-10-14 18:28:59,846 [INFO ]	OG0003234 Create network
2019-10-14 18:29:01,877 [INFO ]	OG0012595 num nodes = 2
2019-10-14 18:29:01,878 [INFO ]	OG0012595 Tree is rooted, pass
2019-10-14 18:29:01,880 [INFO ]	OG0012595 Create network
2019-10-14 18:29:01,966 [INFO ]	OG0003904 num nodes = 14
2019-10-14 18:29:01,966 [INFO ]	OG0003904 Tree is rooted, pass
2019-10-14 18:29:01,974 [INFO ]	OG0003904 Create network
2019-10-14 18:29:04,047 [INFO ]	OG0008809 num nodes = 12
2019-10-14 18:29:04,047 [INFO ]	OG0008809 Tree is rooted, pass
2019-10-14 18:29:04,054 [INFO ]	OG0008809 Create network
2019-10-14 18:29:05,569 [INFO ]	OG0009171 num nodes = 11
2019-10-14 18:29:05,569 [INFO ]	OG0009171 Tree is rooted, pass
2019-10-14 18:29:05,575 [INFO ]	OG0009171 Create network
2019-10-14 18:29:06,961 [INFO ]	OG0005841 num nodes = 14
2019-10-14 18:29:06,961 [INFO ]	OG0005841 Tree is rooted, pass
2019-10-14 18:29:06,969 [INFO ]	OG0005841 Create network
2019-10-14 18:29:09,077 [INFO ]	OG0007059 num nodes = 13
2019-10-14 18:29:09,077 [INFO ]	OG0007059 Tree is rooted, pass
2019-10-14 18:29:09,085 [INFO ]	OG0007059 Create network
2019-10-14 18:29:10,861 [INFO ]	OG0011274 num nodes = 5
2019-10-14 18:29:10,861 [INFO ]	OG0011274 Tree is rooted, pass
2019-10-14 18:29:10,865 [INFO ]	OG0011274 Create network
2019-10-14 18:29:11,181 [INFO ]	OG0004842 num nodes = 14
2019-10-14 18:29:11,181 [INFO ]	OG0004842 Tree is rooted, pass
2019-10-14 18:29:11,189 [INFO ]	OG0004842 Create network
2019-10-14 18:29:13,286 [INFO ]	OG0005548 num nodes = 14
2019-10-14 18:29:13,286 [INFO ]	OG0005548 Tree is rooted, pass
2019-10-14 18:29:13,295 [INFO ]	OG0005548 Create network
2019-10-14 18:29:15,399 [INFO ]	OG0011715 num nodes = 4
2019-10-14 18:29:15,399 [INFO ]	OG0011715 Tree is rooted, pass
2019-10-14 18:29:15,402 [INFO ]	OG0011715 Create network
2019-10-14 18:29:15,545 [INFO ]	OG0001711 num nodes = 16
2019-10-14 18:29:15,546 [INFO ]	OG0001711 Tree is rooted, pass
2019-10-14 18:29:15,555 [INFO ]	OG0001711 Create network
2019-10-14 18:29:17,679 [INFO ]	OG0001773 num nodes = 15
2019-10-14 18:29:17,679 [INFO ]	OG0001773 Tree is rooted, pass
2019-10-14 18:29:17,688 [INFO ]	OG0001773 Create network
2019-10-14 18:29:19,496 [INFO ]	OG0000340 num nodes = 26
2019-10-14 18:29:19,496 [INFO ]	OG0000340 Tree is rooted, pass
2019-10-14 18:29:19,511 [INFO ]	OG0000340 Create network
2019-10-14 18:29:21,570 [INFO ]	OG0006126 num nodes = 13
2019-10-14 18:29:21,570 [INFO ]	OG0006126 Tree is rooted, pass
2019-10-14 18:29:21,580 [INFO ]	OG0006126 Create network
2019-10-14 18:29:23,440 [INFO ]	OG0008183 num nodes = 12
2019-10-14 18:29:23,441 [INFO ]	OG0008183 Tree is rooted, pass
2019-10-14 18:29:23,450 [INFO ]	OG0008183 Create network
2019-10-14 18:29:24,987 [INFO ]	OG0004712 num nodes = 14
2019-10-14 18:29:24,988 [INFO ]	OG0004712 Tree is rooted, pass
2019-10-14 18:29:24,995 [INFO ]	OG0004712 Create network
2019-10-14 18:29:27,075 [INFO ]	OG0002580 num nodes = 14
2019-10-14 18:29:27,075 [INFO ]	OG0002580 Tree is rooted, pass
2019-10-14 18:29:27,086 [INFO ]	OG0002580 Create network
2019-10-14 18:29:29,161 [INFO ]	OG0004445 num nodes = 14
2019-10-14 18:29:29,161 [INFO ]	OG0004445 Tree is rooted, pass
2019-10-14 18:29:29,171 [INFO ]	OG0004445 Create network
2019-10-14 18:29:31,283 [INFO ]	OG0008980 num nodes = 12
2019-10-14 18:29:31,283 [INFO ]	OG0008980 Tree is rooted, pass
2019-10-14 18:29:31,290 [INFO ]	OG0008980 Create network
2019-10-14 18:29:32,895 [INFO ]	OG0008766 num nodes = 12
2019-10-14 18:29:32,895 [INFO ]	OG0008766 Tree is rooted, pass
2019-10-14 18:29:32,902 [INFO ]	OG0008766 Create network
2019-10-14 18:29:34,501 [INFO ]	OG0006150 num nodes = 13
2019-10-14 18:29:34,501 [INFO ]	OG0006150 Tree is rooted, pass
2019-10-14 18:29:34,508 [INFO ]	OG0006150 Create network
2019-10-14 18:29:36,380 [INFO ]	OG0005340 num nodes = 13
2019-10-14 18:29:36,380 [INFO ]	OG0005340 Tree is rooted, pass
2019-10-14 18:29:36,387 [INFO ]	OG0005340 Create network
2019-10-14 18:29:37,884 [INFO ]	OG0008126 num nodes = 12
2019-10-14 18:29:37,885 [INFO ]	OG0008126 Tree is rooted, pass
2019-10-14 18:29:37,891 [INFO ]	OG0008126 Create network
2019-10-14 18:29:39,477 [INFO ]	OG0002179 num nodes = 15
2019-10-14 18:29:39,477 [INFO ]	OG0002179 Tree is rooted, pass
2019-10-14 18:29:39,486 [INFO ]	OG0002179 Create network
2019-10-14 18:29:41,369 [INFO ]	OG0005528 num nodes = 14
2019-10-14 18:29:41,369 [INFO ]	OG0005528 Tree is rooted, pass
2019-10-14 18:29:41,379 [INFO ]	OG0005528 Create network
2019-10-14 18:29:43,495 [INFO ]	OG0012298 num nodes = 2
2019-10-14 18:29:43,495 [INFO ]	OG0012298 Tree is rooted, pass
2019-10-14 18:29:43,497 [INFO ]	OG0012298 Create network
2019-10-14 18:29:43,587 [INFO ]	OG0013382 num nodes = 2
2019-10-14 18:29:43,587 [INFO ]	OG0013382 Tree is rooted, pass
2019-10-14 18:29:43,589 [INFO ]	OG0013382 Create network
2019-10-14 18:29:43,677 [INFO ]	OG0008847 num nodes = 12
2019-10-14 18:29:43,677 [INFO ]	OG0008847 Tree is rooted, pass
2019-10-14 18:29:43,684 [INFO ]	OG0008847 Create network
2019-10-14 18:29:44,995 [INFO ]	OG0012327 num nodes = 2
2019-10-14 18:29:44,995 [INFO ]	OG0012327 Tree is rooted, pass
2019-10-14 18:29:44,997 [INFO ]	OG0012327 Create network
2019-10-14 18:29:45,086 [INFO ]	OG0011903 num nodes = 3
2019-10-14 18:29:45,086 [INFO ]	OG0011903 Tree is rooted, pass
2019-10-14 18:29:45,088 [INFO ]	OG0011903 Create network
2019-10-14 18:29:45,231 [INFO ]	OG0009639 num nodes = 10
2019-10-14 18:29:45,231 [INFO ]	OG0009639 Tree is rooted, pass
2019-10-14 18:29:45,237 [INFO ]	OG0009639 Create network
2019-10-14 18:29:46,320 [INFO ]	OG0008986 num nodes = 12
2019-10-14 18:29:46,320 [INFO ]	OG0008986 Tree is rooted, pass
2019-10-14 18:29:46,327 [INFO ]	OG0008986 Create network
2019-10-14 18:29:47,641 [INFO ]	OG0010673 num nodes = 7
2019-10-14 18:29:47,641 [INFO ]	OG0010673 Tree is rooted, pass
2019-10-14 18:29:47,646 [INFO ]	OG0010673 Create network
2019-10-14 18:29:48,201 [INFO ]	OG0001832 num nodes = 15
2019-10-14 18:29:48,201 [INFO ]	OG0001832 Tree is rooted, pass
2019-10-14 18:29:48,209 [INFO ]	OG0001832 Create network
2019-10-14 18:29:49,929 [INFO ]	OG0011555 num nodes = 4
2019-10-14 18:29:49,929 [INFO ]	OG0011555 Tree is rooted, pass
2019-10-14 18:29:49,932 [INFO ]	OG0011555 Create network
2019-10-14 18:29:50,344 [INFO ]	OG0003963 num nodes = 14
2019-10-14 18:29:50,344 [INFO ]	OG0003963 Tree is rooted, pass
2019-10-14 18:29:50,352 [INFO ]	OG0003963 Create network
2019-10-14 18:29:52,487 [INFO ]	OG0008579 num nodes = 12
2019-10-14 18:29:52,488 [INFO ]	OG0008579 Tree is rooted, pass
2019-10-14 18:29:52,494 [INFO ]	OG0008579 Create network
2019-10-14 18:29:53,732 [INFO ]	OG0007123 num nodes = 13
2019-10-14 18:29:53,733 [INFO ]	OG0007123 Tree is rooted, pass
2019-10-14 18:29:53,743 [INFO ]	OG0007123 Create network
2019-10-14 18:29:55,188 [INFO ]	OG0004808 num nodes = 14
2019-10-14 18:29:55,188 [INFO ]	OG0004808 Tree is rooted, pass
2019-10-14 18:29:55,196 [INFO ]	OG0004808 Create network
2019-10-14 18:29:57,333 [INFO ]	OG0011464 num nodes = 4
2019-10-14 18:29:57,333 [INFO ]	OG0011464 Tree is rooted, pass
2019-10-14 18:29:57,335 [INFO ]	OG0011464 Create network
2019-10-14 18:29:57,553 [INFO ]	OG0009494 num nodes = 11
2019-10-14 18:29:57,553 [INFO ]	OG0009494 Tree is rooted, pass
2019-10-14 18:29:57,560 [INFO ]	OG0009494 Create network
2019-10-14 18:29:58,910 [INFO ]	OG0012401 num nodes = 2
2019-10-14 18:29:58,910 [INFO ]	OG0012401 Tree is rooted, pass
2019-10-14 18:29:58,912 [INFO ]	OG0012401 Create network
2019-10-14 18:29:58,999 [INFO ]	OG0008791 num nodes = 12
2019-10-14 18:29:58,999 [INFO ]	OG0008791 Tree is rooted, pass
2019-10-14 18:29:59,005 [INFO ]	OG0008791 Create network
2019-10-14 18:30:00,668 [INFO ]	OG0000742 num nodes = 21
2019-10-14 18:30:00,669 [INFO ]	OG0000742 Tree is rooted, pass
2019-10-14 18:30:00,681 [INFO ]	OG0000742 Create network
2019-10-14 18:30:03,713 [INFO ]	OG0009603 num nodes = 10
2019-10-14 18:30:03,713 [INFO ]	OG0009603 Tree is rooted, pass
2019-10-14 18:30:03,719 [INFO ]	OG0009603 Create network
2019-10-14 18:30:04,809 [INFO ]	OG0011850 num nodes = 3
2019-10-14 18:30:04,809 [INFO ]	OG0011850 Tree is rooted, pass
2019-10-14 18:30:04,812 [INFO ]	OG0011850 Create network
2019-10-14 18:30:04,957 [INFO ]	OG0009182 num nodes = 11
2019-10-14 18:30:04,957 [INFO ]	OG0009182 Tree is rooted, pass
2019-10-14 18:30:04,964 [INFO ]	OG0009182 Create network
2019-10-14 18:30:06,286 [INFO ]	OG0009801 num nodes = 10
2019-10-14 18:30:06,287 [INFO ]	OG0009801 Tree is rooted, pass
2019-10-14 18:30:06,293 [INFO ]	OG0009801 Create network
2019-10-14 18:30:07,394 [INFO ]	OG0011853 num nodes = 3
2019-10-14 18:30:07,394 [INFO ]	OG0011853 Tree is rooted, pass
2019-10-14 18:30:07,396 [INFO ]	OG0011853 Create network
2019-10-14 18:30:07,539 [INFO ]	OG0004788 num nodes = 14
2019-10-14 18:30:07,540 [INFO ]	OG0004788 Tree is rooted, pass
2019-10-14 18:30:07,548 [INFO ]	OG0004788 Create network
2019-10-14 18:30:09,641 [INFO ]	OG0012217 num nodes = 3
2019-10-14 18:30:09,642 [INFO ]	OG0012217 Tree is rooted, pass
2019-10-14 18:30:09,644 [INFO ]	OG0012217 Create network
2019-10-14 18:30:09,785 [INFO ]	OG0004899 num nodes = 14
2019-10-14 18:30:09,785 [INFO ]	OG0004899 Tree is rooted, pass
2019-10-14 18:30:09,793 [INFO ]	OG0004899 Create network
2019-10-14 18:30:11,895 [INFO ]	OG0007151 num nodes = 13
2019-10-14 18:30:11,895 [INFO ]	OG0007151 Tree is rooted, pass
2019-10-14 18:30:11,902 [INFO ]	OG0007151 Create network
2019-10-14 18:30:13,728 [INFO ]	OG0007085 num nodes = 13
2019-10-14 18:30:13,728 [INFO ]	OG0007085 Tree is rooted, pass
2019-10-14 18:30:13,735 [INFO ]	OG0007085 Create network
2019-10-14 18:30:15,213 [INFO ]	OG0010965 num nodes = 6
2019-10-14 18:30:15,213 [INFO ]	OG0010965 Tree is rooted, pass
2019-10-14 18:30:15,217 [INFO ]	OG0010965 Create network
2019-10-14 18:30:15,640 [INFO ]	OG0005994 num nodes = 13
2019-10-14 18:30:15,641 [INFO ]	OG0005994 Tree is rooted, pass
2019-10-14 18:30:15,648 [INFO ]	OG0005994 Create network
2019-10-14 18:30:17,439 [INFO ]	OG0002901 num nodes = 14
2019-10-14 18:30:17,439 [INFO ]	OG0002901 Tree is rooted, pass
2019-10-14 18:30:17,447 [INFO ]	OG0002901 Create network
2019-10-14 18:30:19,499 [INFO ]	OG0004708 num nodes = 14
2019-10-14 18:30:19,500 [INFO ]	OG0004708 Tree is rooted, pass
2019-10-14 18:30:19,508 [INFO ]	OG0004708 Create network
2019-10-14 18:30:21,567 [INFO ]	OG0006957 num nodes = 13
2019-10-14 18:30:21,567 [INFO ]	OG0006957 Tree is rooted, pass
2019-10-14 18:30:21,575 [INFO ]	OG0006957 Create network
2019-10-14 18:30:23,343 [INFO ]	OG0007607 num nodes = 13
2019-10-14 18:30:23,343 [INFO ]	OG0007607 Tree is rooted, pass
2019-10-14 18:30:23,351 [INFO ]	OG0007607 Create network
2019-10-14 18:30:25,143 [INFO ]	OG0007908 num nodes = 13
2019-10-14 18:30:25,143 [INFO ]	OG0007908 Tree is rooted, pass
2019-10-14 18:30:25,151 [INFO ]	OG0007908 Create network
2019-10-14 18:30:27,006 [INFO ]	OG0007667 num nodes = 13
2019-10-14 18:30:27,006 [INFO ]	OG0007667 Tree is rooted, pass
2019-10-14 18:30:27,014 [INFO ]	OG0007667 Create network
2019-10-14 18:30:28,826 [INFO ]	OG0007975 num nodes = 13
2019-10-14 18:30:28,826 [INFO ]	OG0007975 Tree is rooted, pass
2019-10-14 18:30:28,833 [INFO ]	OG0007975 Create network
2019-10-14 18:30:30,204 [INFO ]	OG0012018 num nodes = 3
2019-10-14 18:30:30,204 [INFO ]	OG0012018 Tree is rooted, pass
2019-10-14 18:30:30,207 [INFO ]	OG0012018 Create network
2019-10-14 18:30:30,351 [INFO ]	OG0000672 num nodes = 21
2019-10-14 18:30:30,351 [INFO ]	OG0000672 Tree is rooted, pass
2019-10-14 18:30:30,363 [INFO ]	OG0000672 Create network
2019-10-14 18:30:33,004 [INFO ]	OG0013375 num nodes = 2
2019-10-14 18:30:33,004 [INFO ]	OG0013375 Tree is rooted, pass
2019-10-14 18:30:33,006 [INFO ]	OG0013375 Create network
2019-10-14 18:30:33,102 [INFO ]	OG0006194 num nodes = 13
2019-10-14 18:30:33,102 [INFO ]	OG0006194 Tree is rooted, pass
2019-10-14 18:30:33,110 [INFO ]	OG0006194 Create network
2019-10-14 18:30:34,898 [INFO ]	OG0006233 num nodes = 13
2019-10-14 18:30:34,898 [INFO ]	OG0006233 Tree is rooted, pass
2019-10-14 18:30:34,906 [INFO ]	OG0006233 Create network
2019-10-14 18:30:36,686 [INFO ]	OG0006092 num nodes = 13
2019-10-14 18:30:36,686 [INFO ]	OG0006092 Tree is rooted, pass
2019-10-14 18:30:36,694 [INFO ]	OG0006092 Create network
2019-10-14 18:30:38,479 [INFO ]	OG0002696 num nodes = 14
2019-10-14 18:30:38,479 [INFO ]	OG0002696 Tree is rooted, pass
2019-10-14 18:30:38,487 [INFO ]	OG0002696 Create network
2019-10-14 18:30:40,528 [INFO ]	OG0004035 num nodes = 14
2019-10-14 18:30:40,528 [INFO ]	OG0004035 Tree is rooted, pass
2019-10-14 18:30:40,536 [INFO ]	OG0004035 Create network
2019-10-14 18:30:42,592 [INFO ]	OG0008661 num nodes = 12
2019-10-14 18:30:42,592 [INFO ]	OG0008661 Tree is rooted, pass
2019-10-14 18:30:42,599 [INFO ]	OG0008661 Create network
2019-10-14 18:30:44,147 [INFO ]	OG0000448 num nodes = 24
2019-10-14 18:30:44,147 [INFO ]	OG0000448 Tree is rooted, pass
2019-10-14 18:30:44,161 [INFO ]	OG0000448 Create network
2019-10-14 18:30:45,011 [INFO ]	OG0001493 num nodes = 16
2019-10-14 18:30:45,011 [INFO ]	OG0001493 Tree is rooted, pass
2019-10-14 18:30:45,020 [INFO ]	OG0001493 Create network
2019-10-14 18:30:46,868 [INFO ]	OG0003048 num nodes = 14
2019-10-14 18:30:46,868 [INFO ]	OG0003048 Tree is rooted, pass
2019-10-14 18:30:46,875 [INFO ]	OG0003048 Create network
2019-10-14 18:30:48,942 [INFO ]	OG0000329 num nodes = 27
2019-10-14 18:30:48,942 [INFO ]	OG0000329 Tree is rooted, pass
2019-10-14 18:30:48,958 [INFO ]	OG0000329 Create network
2019-10-14 18:30:50,758 [INFO ]	OG0005453 num nodes = 14
2019-10-14 18:30:50,758 [INFO ]	OG0005453 Tree is rooted, pass
2019-10-14 18:30:50,766 [INFO ]	OG0005453 Create network
2019-10-14 18:30:52,917 [INFO ]	OG0009155 num nodes = 11
2019-10-14 18:30:52,917 [INFO ]	OG0009155 Tree is rooted, pass
2019-10-14 18:30:52,923 [INFO ]	OG0009155 Create network
2019-10-14 18:30:54,254 [INFO ]	OG0007135 num nodes = 13
2019-10-14 18:30:54,254 [INFO ]	OG0007135 Tree is rooted, pass
2019-10-14 18:30:54,262 [INFO ]	OG0007135 Create network
2019-10-14 18:30:56,114 [INFO ]	OG0001901 num nodes = 15
2019-10-14 18:30:56,114 [INFO ]	OG0001901 Tree is rooted, pass
2019-10-14 18:30:56,123 [INFO ]	OG0001901 Create network
2019-10-14 18:30:57,987 [INFO ]	OG0009260 num nodes = 11
2019-10-14 18:30:57,987 [INFO ]	OG0009260 Tree is rooted, pass
2019-10-14 18:30:57,993 [INFO ]	OG0009260 Create network
2019-10-14 18:30:59,296 [INFO ]	OG0003885 num nodes = 14
2019-10-14 18:30:59,296 [INFO ]	OG0003885 Tree is rooted, pass
2019-10-14 18:30:59,304 [INFO ]	OG0003885 Create network
2019-10-14 18:31:01,488 [INFO ]	OG0011128 num nodes = 5
2019-10-14 18:31:01,488 [INFO ]	OG0011128 Tree is rooted, pass
2019-10-14 18:31:01,499 [INFO ]	OG0011128 Create network
2019-10-14 18:31:01,821 [INFO ]	OG0009952 num nodes = 10
2019-10-14 18:31:01,821 [INFO ]	OG0009952 Tree is rooted, pass
2019-10-14 18:31:01,826 [INFO ]	OG0009952 Create network
2019-10-14 18:31:02,920 [INFO ]	OG0002115 num nodes = 15
2019-10-14 18:31:02,920 [INFO ]	OG0002115 Tree is rooted, pass
2019-10-14 18:31:02,928 [INFO ]	OG0002115 Create network
2019-10-14 18:31:04,767 [INFO ]	OG0013092 num nodes = 2
2019-10-14 18:31:04,767 [INFO ]	OG0013092 Tree is rooted, pass
2019-10-14 18:31:04,769 [INFO ]	OG0013092 Create network
2019-10-14 18:31:04,859 [INFO ]	OG0012916 num nodes = 2
2019-10-14 18:31:04,859 [INFO ]	OG0012916 Tree is rooted, pass
2019-10-14 18:31:04,861 [INFO ]	OG0012916 Create network
2019-10-14 18:31:04,950 [INFO ]	OG0006894 num nodes = 13
2019-10-14 18:31:04,950 [INFO ]	OG0006894 Tree is rooted, pass
2019-10-14 18:31:04,957 [INFO ]	OG0006894 Create network
2019-10-14 18:31:06,761 [INFO ]	OG0011990 num nodes = 3
2019-10-14 18:31:06,762 [INFO ]	OG0011990 Tree is rooted, pass
2019-10-14 18:31:06,764 [INFO ]	OG0011990 Create network
2019-10-14 18:31:06,904 [INFO ]	OG0002318 num nodes = 15
2019-10-14 18:31:06,905 [INFO ]	OG0002318 Tree is rooted, pass
2019-10-14 18:31:06,913 [INFO ]	OG0002318 Create network
2019-10-14 18:31:08,746 [INFO ]	OG0008286 num nodes = 12
2019-10-14 18:31:08,747 [INFO ]	OG0008286 Tree is rooted, pass
2019-10-14 18:31:08,754 [INFO ]	OG0008286 Create network
2019-10-14 18:31:10,304 [INFO ]	OG0000957 num nodes = 19
2019-10-14 18:31:10,304 [INFO ]	OG0000957 Tree is rooted, pass
2019-10-14 18:31:10,315 [INFO ]	OG0000957 Create network
2019-10-14 18:31:13,391 [INFO ]	OG0010102 num nodes = 9
2019-10-14 18:31:13,391 [INFO ]	OG0010102 Tree is rooted, pass
2019-10-14 18:31:13,397 [INFO ]	OG0010102 Create network
2019-10-14 18:31:14,295 [INFO ]	OG0011645 num nodes = 4
2019-10-14 18:31:14,295 [INFO ]	OG0011645 Tree is rooted, pass
2019-10-14 18:31:14,298 [INFO ]	OG0011645 Create network
2019-10-14 18:31:14,386 [INFO ]	OG0005936 num nodes = 14
2019-10-14 18:31:14,386 [INFO ]	OG0005936 Tree is rooted, pass
2019-10-14 18:31:14,394 [INFO ]	OG0005936 Create network
2019-10-14 18:31:16,074 [INFO ]	OG0010291 num nodes = 8
2019-10-14 18:31:16,075 [INFO ]	OG0010291 Tree is rooted, pass
2019-10-14 18:31:16,080 [INFO ]	OG0010291 Create network
2019-10-14 18:31:16,850 [INFO ]	OG0002290 num nodes = 15
2019-10-14 18:31:16,850 [INFO ]	OG0002290 Tree is rooted, pass
2019-10-14 18:31:16,858 [INFO ]	OG0002290 Create network
2019-10-14 18:31:18,736 [INFO ]	OG0004239 num nodes = 14
2019-10-14 18:31:18,736 [INFO ]	OG0004239 Tree is rooted, pass
2019-10-14 18:31:18,747 [INFO ]	OG0004239 Create network
2019-10-14 18:31:20,851 [INFO ]	OG0002128 num nodes = 15
2019-10-14 18:31:20,851 [INFO ]	OG0002128 Tree is rooted, pass
2019-10-14 18:31:20,862 [INFO ]	OG0002128 Create network
2019-10-14 18:31:22,736 [INFO ]	OG0009483 num nodes = 11
2019-10-14 18:31:22,736 [INFO ]	OG0009483 Tree is rooted, pass
2019-10-14 18:31:22,744 [INFO ]	OG0009483 Create network
2019-10-14 18:31:24,066 [INFO ]	OG0011367 num nodes = 5
2019-10-14 18:31:24,066 [INFO ]	OG0011367 Tree is rooted, pass
2019-10-14 18:31:24,070 [INFO ]	OG0011367 Create network
2019-10-14 18:31:24,496 [INFO ]	OG0005856 num nodes = 14
2019-10-14 18:31:24,496 [INFO ]	OG0005856 Tree is rooted, pass
2019-10-14 18:31:24,505 [INFO ]	OG0005856 Create network
2019-10-14 18:31:26,138 [INFO ]	OG0005460 num nodes = 14
2019-10-14 18:31:26,139 [INFO ]	OG0005460 Tree is rooted, pass
2019-10-14 18:31:26,146 [INFO ]	OG0005460 Create network
2019-10-14 18:31:28,291 [INFO ]	OG0004533 num nodes = 14
2019-10-14 18:31:28,291 [INFO ]	OG0004533 Tree is rooted, pass
2019-10-14 18:31:28,300 [INFO ]	OG0004533 Create network
2019-10-14 18:31:30,397 [INFO ]	OG0013550 num nodes = 2
2019-10-14 18:31:30,397 [INFO ]	OG0013550 Tree is rooted, pass
2019-10-14 18:31:30,399 [INFO ]	OG0013550 Create network
2019-10-14 18:31:30,490 [INFO ]	OG0010215 num nodes = 9
2019-10-14 18:31:30,490 [INFO ]	OG0010215 Tree is rooted, pass
2019-10-14 18:31:30,495 [INFO ]	OG0010215 Create network
2019-10-14 18:31:31,409 [INFO ]	OG0008314 num nodes = 12
2019-10-14 18:31:31,410 [INFO ]	OG0008314 Tree is rooted, pass
2019-10-14 18:31:31,428 [INFO ]	OG0008314 Create network
2019-10-14 18:31:33,018 [INFO ]	OG0009576 num nodes = 11
2019-10-14 18:31:33,018 [INFO ]	OG0009576 Tree is rooted, pass
2019-10-14 18:31:33,025 [INFO ]	OG0009576 Create network
2019-10-14 18:31:34,368 [INFO ]	OG0009488 num nodes = 11
2019-10-14 18:31:34,368 [INFO ]	OG0009488 Tree is rooted, pass
2019-10-14 18:31:34,375 [INFO ]	OG0009488 Create network
2019-10-14 18:31:35,535 [INFO ]	OG0006678 num nodes = 13
2019-10-14 18:31:35,535 [INFO ]	OG0006678 Tree is rooted, pass
2019-10-14 18:31:35,543 [INFO ]	OG0006678 Create network
2019-10-14 18:31:37,378 [INFO ]	OG0010906 num nodes = 6
2019-10-14 18:31:37,378 [INFO ]	OG0010906 Tree is rooted, pass
2019-10-14 18:31:37,382 [INFO ]	OG0010906 Create network
2019-10-14 18:31:37,806 [INFO ]	OG0008375 num nodes = 12
2019-10-14 18:31:37,806 [INFO ]	OG0008375 Tree is rooted, pass
2019-10-14 18:31:37,816 [INFO ]	OG0008375 Create network
2019-10-14 18:31:39,350 [INFO ]	OG0010462 num nodes = 8
2019-10-14 18:31:39,350 [INFO ]	OG0010462 Tree is rooted, pass
2019-10-14 18:31:39,356 [INFO ]	OG0010462 Create network
2019-10-14 18:31:40,056 [INFO ]	OG0012810 num nodes = 2
2019-10-14 18:31:40,056 [INFO ]	OG0012810 Tree is rooted, pass
2019-10-14 18:31:40,058 [INFO ]	OG0012810 Create network
2019-10-14 18:31:40,143 [INFO ]	OG0012974 num nodes = 2
2019-10-14 18:31:40,143 [INFO ]	OG0012974 Tree is rooted, pass
2019-10-14 18:31:40,145 [INFO ]	OG0012974 Create network
2019-10-14 18:31:40,236 [INFO ]	OG0003117 num nodes = 14
2019-10-14 18:31:40,237 [INFO ]	OG0003117 Tree is rooted, pass
2019-10-14 18:31:40,245 [INFO ]	OG0003117 Create network
2019-10-14 18:31:42,315 [INFO ]	OG0012539 num nodes = 2
2019-10-14 18:31:42,315 [INFO ]	OG0012539 Tree is rooted, pass
2019-10-14 18:31:42,318 [INFO ]	OG0012539 Create network
2019-10-14 18:31:42,410 [INFO ]	OG0004106 num nodes = 14
2019-10-14 18:31:42,410 [INFO ]	OG0004106 Tree is rooted, pass
2019-10-14 18:31:42,419 [INFO ]	OG0004106 Create network
2019-10-14 18:31:44,229 [INFO ]	OG0001130 num nodes = 18
2019-10-14 18:31:44,229 [INFO ]	OG0001130 Tree is rooted, pass
2019-10-14 18:31:44,239 [INFO ]	OG0001130 Create network
2019-10-14 18:31:46,636 [INFO ]	OG0004807 num nodes = 14
2019-10-14 18:31:46,637 [INFO ]	OG0004807 Tree is rooted, pass
2019-10-14 18:31:46,644 [INFO ]	OG0004807 Create network
2019-10-14 18:31:48,750 [INFO ]	OG0005275 num nodes = 14
2019-10-14 18:31:48,750 [INFO ]	OG0005275 Tree is rooted, pass
2019-10-14 18:31:48,758 [INFO ]	OG0005275 Create network
2019-10-14 18:31:50,398 [INFO ]	OG0000020 num nodes = 88
2019-10-14 18:31:50,399 [INFO ]	OG0000020 Tree is rooted, pass
2019-10-14 18:31:50,466 [INFO ]	OG0000020 Create network
2019-10-14 18:31:54,501 [INFO ]	OG0000988 num nodes = 19
2019-10-14 18:31:54,501 [INFO ]	OG0000988 Tree is rooted, pass
2019-10-14 18:31:54,513 [INFO ]	OG0000988 Create network
2019-10-14 18:31:56,349 [INFO ]	OG0004894 num nodes = 14
2019-10-14 18:31:56,349 [INFO ]	OG0004894 Tree is rooted, pass
2019-10-14 18:31:56,357 [INFO ]	OG0004894 Create network
2019-10-14 18:31:58,431 [INFO ]	OG0003609 num nodes = 14
2019-10-14 18:31:58,432 [INFO ]	OG0003609 Tree is rooted, pass
2019-10-14 18:31:58,439 [INFO ]	OG0003609 Create network
2019-10-14 18:32:00,497 [INFO ]	OG0005360 num nodes = 14
2019-10-14 18:32:00,498 [INFO ]	OG0005360 Tree is rooted, pass
2019-10-14 18:32:00,506 [INFO ]	OG0005360 Create network
2019-10-14 18:32:02,539 [INFO ]	OG0007962 num nodes = 13
2019-10-14 18:32:02,539 [INFO ]	OG0007962 Tree is rooted, pass
2019-10-14 18:32:02,546 [INFO ]	OG0007962 Create network
2019-10-14 18:32:04,345 [INFO ]	OG0006768 num nodes = 13
2019-10-14 18:32:04,345 [INFO ]	OG0006768 Tree is rooted, pass
2019-10-14 18:32:04,354 [INFO ]	OG0006768 Create network
2019-10-14 18:32:06,140 [INFO ]	OG0009732 num nodes = 10
2019-10-14 18:32:06,140 [INFO ]	OG0009732 Tree is rooted, pass
2019-10-14 18:32:06,146 [INFO ]	OG0009732 Create network
2019-10-14 18:32:07,095 [INFO ]	OG0010912 num nodes = 6
2019-10-14 18:32:07,095 [INFO ]	OG0010912 Tree is rooted, pass
2019-10-14 18:32:07,098 [INFO ]	OG0010912 Create network
2019-10-14 18:32:07,516 [INFO ]	OG0001283 num nodes = 17
2019-10-14 18:32:07,516 [INFO ]	OG0001283 Tree is rooted, pass
2019-10-14 18:32:07,525 [INFO ]	OG0001283 Create network
2019-10-14 18:32:09,649 [INFO ]	OG0006911 num nodes = 13
2019-10-14 18:32:09,649 [INFO ]	OG0006911 Tree is rooted, pass
2019-10-14 18:32:09,657 [INFO ]	OG0006911 Create network
2019-10-14 18:32:11,480 [INFO ]	OG0008206 num nodes = 12
2019-10-14 18:32:11,480 [INFO ]	OG0008206 Tree is rooted, pass
2019-10-14 18:32:11,487 [INFO ]	OG0008206 Create network
2019-10-14 18:32:13,044 [INFO ]	OG0011077 num nodes = 6
2019-10-14 18:32:13,044 [INFO ]	OG0011077 Tree is rooted, pass
2019-10-14 18:32:13,048 [INFO ]	OG0011077 Create network
2019-10-14 18:32:13,484 [INFO ]	OG0004996 num nodes = 14
2019-10-14 18:32:13,485 [INFO ]	OG0004996 Tree is rooted, pass
2019-10-14 18:32:13,492 [INFO ]	OG0004996 Create network
2019-10-14 18:32:15,539 [INFO ]	OG0006112 num nodes = 13
2019-10-14 18:32:15,540 [INFO ]	OG0006112 Tree is rooted, pass
2019-10-14 18:32:15,547 [INFO ]	OG0006112 Create network
2019-10-14 18:32:16,884 [INFO ]	OG0011721 num nodes = 4
2019-10-14 18:32:16,884 [INFO ]	OG0011721 Tree is rooted, pass
2019-10-14 18:32:16,887 [INFO ]	OG0011721 Create network
2019-10-14 18:32:17,317 [INFO ]	OG0006030 num nodes = 13
2019-10-14 18:32:17,317 [INFO ]	OG0006030 Tree is rooted, pass
2019-10-14 18:32:17,324 [INFO ]	OG0006030 Create network
2019-10-14 18:32:19,105 [INFO ]	OG0004733 num nodes = 14
2019-10-14 18:32:19,106 [INFO ]	OG0004733 Tree is rooted, pass
2019-10-14 18:32:19,113 [INFO ]	OG0004733 Create network
2019-10-14 18:32:21,201 [INFO ]	OG0001701 num nodes = 16
2019-10-14 18:32:21,201 [INFO ]	OG0001701 Tree is rooted, pass
2019-10-14 18:32:21,210 [INFO ]	OG0001701 Create network
2019-10-14 18:32:23,068 [INFO ]	OG0004517 num nodes = 14
2019-10-14 18:32:23,068 [INFO ]	OG0004517 Tree is rooted, pass
2019-10-14 18:32:23,076 [INFO ]	OG0004517 Create network
2019-10-14 18:32:25,181 [INFO ]	OG0010527 num nodes = 8
2019-10-14 18:32:25,181 [INFO ]	OG0010527 Tree is rooted, pass
2019-10-14 18:32:25,186 [INFO ]	OG0010527 Create network
2019-10-14 18:32:25,876 [INFO ]	OG0006077 num nodes = 13
2019-10-14 18:32:25,876 [INFO ]	OG0006077 Tree is rooted, pass
2019-10-14 18:32:25,884 [INFO ]	OG0006077 Create network
2019-10-14 18:32:27,669 [INFO ]	OG0001125 num nodes = 18
2019-10-14 18:32:27,669 [INFO ]	OG0001125 Tree is rooted, pass
2019-10-14 18:32:27,679 [INFO ]	OG0001125 Create network
2019-10-14 18:32:29,994 [INFO ]	OG0009341 num nodes = 11
2019-10-14 18:32:29,994 [INFO ]	OG0009341 Tree is rooted, pass
2019-10-14 18:32:30,001 [INFO ]	OG0009341 Create network
2019-10-14 18:32:31,301 [INFO ]	OG0006041 num nodes = 13
2019-10-14 18:32:31,301 [INFO ]	OG0006041 Tree is rooted, pass
2019-10-14 18:32:31,309 [INFO ]	OG0006041 Create network
2019-10-14 18:32:33,097 [INFO ]	OG0008855 num nodes = 12
2019-10-14 18:32:33,098 [INFO ]	OG0008855 Tree is rooted, pass
2019-10-14 18:32:33,104 [INFO ]	OG0008855 Create network
2019-10-14 18:32:34,666 [INFO ]	OG0013432 num nodes = 2
2019-10-14 18:32:34,666 [INFO ]	OG0013432 Tree is rooted, pass
2019-10-14 18:32:34,668 [INFO ]	OG0013432 Create network
2019-10-14 18:32:34,761 [INFO ]	OG0010400 num nodes = 8
2019-10-14 18:32:34,761 [INFO ]	OG0010400 Tree is rooted, pass
2019-10-14 18:32:34,765 [INFO ]	OG0010400 Create network
2019-10-14 18:32:35,465 [INFO ]	OG0010899 num nodes = 6
2019-10-14 18:32:35,466 [INFO ]	OG0010899 Tree is rooted, pass
2019-10-14 18:32:35,469 [INFO ]	OG0010899 Create network
2019-10-14 18:32:35,890 [INFO ]	OG0003042 num nodes = 14
2019-10-14 18:32:35,891 [INFO ]	OG0003042 Tree is rooted, pass
2019-10-14 18:32:35,899 [INFO ]	OG0003042 Create network
2019-10-14 18:32:38,016 [INFO ]	OG0005042 num nodes = 14
2019-10-14 18:32:38,016 [INFO ]	OG0005042 Tree is rooted, pass
2019-10-14 18:32:38,025 [INFO ]	OG0005042 Create network
2019-10-14 18:32:40,084 [INFO ]	OG0002041 num nodes = 15
2019-10-14 18:32:40,084 [INFO ]	OG0002041 Tree is rooted, pass
2019-10-14 18:32:40,093 [INFO ]	OG0002041 Create network
2019-10-14 18:32:41,938 [INFO ]	OG0004304 num nodes = 14
2019-10-14 18:32:41,938 [INFO ]	OG0004304 Tree is rooted, pass
2019-10-14 18:32:41,946 [INFO ]	OG0004304 Create network
2019-10-14 18:32:44,051 [INFO ]	OG0011853 num nodes = 3
2019-10-14 18:32:44,052 [INFO ]	OG0011853 Tree is rooted, pass
2019-10-14 18:32:44,054 [INFO ]	OG0011853 Create network
2019-10-14 18:32:44,199 [INFO ]	OG0001266 num nodes = 17
2019-10-14 18:32:44,200 [INFO ]	OG0001266 Tree is rooted, pass
2019-10-14 18:32:44,209 [INFO ]	OG0001266 Create network
2019-10-14 18:32:46,464 [INFO ]	OG0004464 num nodes = 14
2019-10-14 18:32:46,464 [INFO ]	OG0004464 Tree is rooted, pass
2019-10-14 18:32:46,471 [INFO ]	OG0004464 Create network
2019-10-14 18:32:48,552 [INFO ]	OG0012004 num nodes = 3
2019-10-14 18:32:48,553 [INFO ]	OG0012004 Tree is rooted, pass
2019-10-14 18:32:48,555 [INFO ]	OG0012004 Create network
2019-10-14 18:32:48,699 [INFO ]	OG0006003 num nodes = 13
2019-10-14 18:32:48,699 [INFO ]	OG0006003 Tree is rooted, pass
2019-10-14 18:32:48,706 [INFO ]	OG0006003 Create network
2019-10-14 18:32:50,502 [INFO ]	OG0007507 num nodes = 13
2019-10-14 18:32:50,502 [INFO ]	OG0007507 Tree is rooted, pass
2019-10-14 18:32:50,510 [INFO ]	OG0007507 Create network
2019-10-14 18:32:52,325 [INFO ]	OG0001773 num nodes = 15
2019-10-14 18:32:52,326 [INFO ]	OG0001773 Tree is rooted, pass
2019-10-14 18:32:52,334 [INFO ]	OG0001773 Create network
2019-10-14 18:32:54,111 [INFO ]	OG0011862 num nodes = 3
2019-10-14 18:32:54,111 [INFO ]	OG0011862 Tree is rooted, pass
2019-10-14 18:32:54,114 [INFO ]	OG0011862 Create network
2019-10-14 18:32:54,255 [INFO ]	OG0003982 num nodes = 14
2019-10-14 18:32:54,256 [INFO ]	OG0003982 Tree is rooted, pass
2019-10-14 18:32:54,264 [INFO ]	OG0003982 Create network
2019-10-14 18:32:56,361 [INFO ]	OG0010378 num nodes = 8
2019-10-14 18:32:56,361 [INFO ]	OG0010378 Tree is rooted, pass
2019-10-14 18:32:56,367 [INFO ]	OG0010378 Create network
2019-10-14 18:32:57,068 [INFO ]	OG0007707 num nodes = 13
2019-10-14 18:32:57,068 [INFO ]	OG0007707 Tree is rooted, pass
2019-10-14 18:32:57,075 [INFO ]	OG0007707 Create network
2019-10-14 18:32:58,892 [INFO ]	OG0008453 num nodes = 12
2019-10-14 18:32:58,892 [INFO ]	OG0008453 Tree is rooted, pass
2019-10-14 18:32:58,899 [INFO ]	OG0008453 Create network
2019-10-14 18:33:00,201 [INFO ]	OG0008732 num nodes = 12
2019-10-14 18:33:00,201 [INFO ]	OG0008732 Tree is rooted, pass
2019-10-14 18:33:00,207 [INFO ]	OG0008732 Create network
2019-10-14 18:33:01,753 [INFO ]	OG0011796 num nodes = 3
2019-10-14 18:33:01,753 [INFO ]	OG0011796 Tree is rooted, pass
2019-10-14 18:33:01,755 [INFO ]	OG0011796 Create network
2019-10-14 18:33:01,894 [INFO ]	OG0002236 num nodes = 15
2019-10-14 18:33:01,894 [INFO ]	OG0002236 Tree is rooted, pass
2019-10-14 18:33:01,902 [INFO ]	OG0002236 Create network
2019-10-14 18:33:03,732 [INFO ]	OG0007486 num nodes = 13
2019-10-14 18:33:03,732 [INFO ]	OG0007486 Tree is rooted, pass
2019-10-14 18:33:03,739 [INFO ]	OG0007486 Create network
2019-10-14 18:33:05,523 [INFO ]	OG0006034 num nodes = 13
2019-10-14 18:33:05,524 [INFO ]	OG0006034 Tree is rooted, pass
2019-10-14 18:33:05,531 [INFO ]	OG0006034 Create network
2019-10-14 18:33:07,334 [INFO ]	OG0006724 num nodes = 13
2019-10-14 18:33:07,334 [INFO ]	OG0006724 Tree is rooted, pass
2019-10-14 18:33:07,342 [INFO ]	OG0006724 Create network
2019-10-14 18:33:09,160 [INFO ]	OG0002029 num nodes = 15
2019-10-14 18:33:09,160 [INFO ]	OG0002029 Tree is rooted, pass
2019-10-14 18:33:09,168 [INFO ]	OG0002029 Create network
2019-10-14 18:33:11,039 [INFO ]	OG0001212 num nodes = 17
2019-10-14 18:33:11,040 [INFO ]	OG0001212 Tree is rooted, pass
2019-10-14 18:33:11,049 [INFO ]	OG0001212 Create network
2019-10-14 18:33:13,262 [INFO ]	OG0011918 num nodes = 3
2019-10-14 18:33:13,262 [INFO ]	OG0011918 Tree is rooted, pass
2019-10-14 18:33:13,266 [INFO ]	OG0011918 Create network
2019-10-14 18:33:13,411 [INFO ]	OG0010104 num nodes = 9
2019-10-14 18:33:13,411 [INFO ]	OG0010104 Tree is rooted, pass
2019-10-14 18:33:13,417 [INFO ]	OG0010104 Create network
2019-10-14 18:33:14,298 [INFO ]	OG0006810 num nodes = 13
2019-10-14 18:33:14,298 [INFO ]	OG0006810 Tree is rooted, pass
2019-10-14 18:33:14,307 [INFO ]	OG0006810 Create network
2019-10-14 18:33:16,088 [INFO ]	OG0005322 num nodes = 14
2019-10-14 18:33:16,088 [INFO ]	OG0005322 Tree is rooted, pass
2019-10-14 18:33:16,098 [INFO ]	OG0005322 Create network
2019-10-14 18:33:18,218 [INFO ]	OG0005447 num nodes = 14
2019-10-14 18:33:18,218 [INFO ]	OG0005447 Tree is rooted, pass
2019-10-14 18:33:18,226 [INFO ]	OG0005447 Create network
2019-10-14 18:33:20,385 [INFO ]	OG0006576 num nodes = 13
2019-10-14 18:33:20,385 [INFO ]	OG0006576 Tree is rooted, pass
2019-10-14 18:33:20,392 [INFO ]	OG0006576 Create network
2019-10-14 18:33:22,238 [INFO ]	OG0000860 num nodes = 20
2019-10-14 18:33:22,238 [INFO ]	OG0000860 Tree is rooted, pass
2019-10-14 18:33:22,250 [INFO ]	OG0000860 Create network
2019-10-14 18:33:25,173 [INFO ]	OG0000007 num nodes = 77
2019-10-14 18:33:25,173 [INFO ]	OG0000007 Tree is rooted, pass
2019-10-14 18:33:25,230 [INFO ]	OG0000007 Create network
2019-10-14 18:33:27,407 [INFO ]	OG0004251 num nodes = 14
2019-10-14 18:33:27,407 [INFO ]	OG0004251 Tree is rooted, pass
2019-10-14 18:33:27,415 [INFO ]	OG0004251 Create network
2019-10-14 18:33:29,514 [INFO ]	OG0003821 num nodes = 14
2019-10-14 18:33:29,514 [INFO ]	OG0003821 Tree is rooted, pass
2019-10-14 18:33:29,522 [INFO ]	OG0003821 Create network
2019-10-14 18:33:31,633 [INFO ]	OG0005680 num nodes = 14
2019-10-14 18:33:31,633 [INFO ]	OG0005680 Tree is rooted, pass
2019-10-14 18:33:31,641 [INFO ]	OG0005680 Create network
2019-10-14 18:33:33,133 [INFO ]	OG0006649 num nodes = 13
2019-10-14 18:33:33,133 [INFO ]	OG0006649 Tree is rooted, pass
2019-10-14 18:33:33,141 [INFO ]	OG0006649 Create network
2019-10-14 18:33:34,942 [INFO ]	OG0005683 num nodes = 14
2019-10-14 18:33:34,942 [INFO ]	OG0005683 Tree is rooted, pass
2019-10-14 18:33:34,950 [INFO ]	OG0005683 Create network
2019-10-14 18:33:37,083 [INFO ]	OG0000824 num nodes = 20
2019-10-14 18:33:37,083 [INFO ]	OG0000824 Tree is rooted, pass
2019-10-14 18:33:37,095 [INFO ]	OG0000824 Create network
2019-10-14 18:33:38,445 [INFO ]	OG0006861 num nodes = 13
2019-10-14 18:33:38,445 [INFO ]	OG0006861 Tree is rooted, pass
2019-10-14 18:33:38,453 [INFO ]	OG0006861 Create network
2019-10-14 18:33:40,249 [INFO ]	OG0011959 num nodes = 3
2019-10-14 18:33:40,249 [INFO ]	OG0011959 Tree is rooted, pass
2019-10-14 18:33:40,251 [INFO ]	OG0011959 Create network
2019-10-14 18:33:40,392 [INFO ]	OG0003364 num nodes = 14
2019-10-14 18:33:40,393 [INFO ]	OG0003364 Tree is rooted, pass
2019-10-14 18:33:40,401 [INFO ]	OG0003364 Create network
2019-10-14 18:33:42,470 [INFO ]	OG0002474 num nodes = 15
2019-10-14 18:33:42,471 [INFO ]	OG0002474 Tree is rooted, pass
2019-10-14 18:33:42,479 [INFO ]	OG0002474 Create network
2019-10-14 18:33:44,334 [INFO ]	OG0011471 num nodes = 4
2019-10-14 18:33:44,334 [INFO ]	OG0011471 Tree is rooted, pass
2019-10-14 18:33:44,337 [INFO ]	OG0011471 Create network
2019-10-14 18:33:44,557 [INFO ]	OG0011126 num nodes = 5
2019-10-14 18:33:44,557 [INFO ]	OG0011126 Tree is rooted, pass
2019-10-14 18:33:44,560 [INFO ]	OG0011126 Create network
2019-10-14 18:33:44,878 [INFO ]	OG0002759 num nodes = 14
2019-10-14 18:33:44,878 [INFO ]	OG0002759 Tree is rooted, pass
2019-10-14 18:33:44,887 [INFO ]	OG0002759 Create network
2019-10-14 18:33:47,146 [INFO ]	OG0005220 num nodes = 14
2019-10-14 18:33:47,146 [INFO ]	OG0005220 Tree is rooted, pass
2019-10-14 18:33:47,154 [INFO ]	OG0005220 Create network
2019-10-14 18:33:48,788 [INFO ]	OG0002760 num nodes = 14
2019-10-14 18:33:48,789 [INFO ]	OG0002760 Tree is rooted, pass
2019-10-14 18:33:48,796 [INFO ]	OG0002760 Create network
2019-10-14 18:33:50,863 [INFO ]	OG0008710 num nodes = 12
2019-10-14 18:33:50,863 [INFO ]	OG0008710 Tree is rooted, pass
2019-10-14 18:33:50,869 [INFO ]	OG0008710 Create network
2019-10-14 18:33:52,399 [INFO ]	OG0001355 num nodes = 17
2019-10-14 18:33:52,399 [INFO ]	OG0001355 Tree is rooted, pass
2019-10-14 18:33:52,410 [INFO ]	OG0001355 Create network
2019-10-14 18:33:53,954 [INFO ]	OG0012366 num nodes = 2
2019-10-14 18:33:53,955 [INFO ]	OG0012366 Tree is rooted, pass
2019-10-14 18:33:53,956 [INFO ]	OG0012366 Create network
2019-10-14 18:33:54,041 [INFO ]	OG0002394 num nodes = 15
2019-10-14 18:33:54,041 [INFO ]	OG0002394 Tree is rooted, pass
2019-10-14 18:33:54,049 [INFO ]	OG0002394 Create network
2019-10-14 18:33:55,894 [INFO ]	OG0012347 num nodes = 2
2019-10-14 18:33:55,894 [INFO ]	OG0012347 Tree is rooted, pass
2019-10-14 18:33:55,896 [INFO ]	OG0012347 Create network
2019-10-14 18:33:55,980 [INFO ]	OG0013203 num nodes = 2
2019-10-14 18:33:55,980 [INFO ]	OG0013203 Tree is rooted, pass
2019-10-14 18:33:55,982 [INFO ]	OG0013203 Create network
2019-10-14 18:33:56,067 [INFO ]	OG0005284 num nodes = 14
2019-10-14 18:33:56,067 [INFO ]	OG0005284 Tree is rooted, pass
2019-10-14 18:33:56,075 [INFO ]	OG0005284 Create network
2019-10-14 18:33:58,107 [INFO ]	OG0012516 num nodes = 2
2019-10-14 18:33:58,107 [INFO ]	OG0012516 Tree is rooted, pass
2019-10-14 18:33:58,109 [INFO ]	OG0012516 Create network
2019-10-14 18:33:58,194 [INFO ]	OG0003543 num nodes = 14
2019-10-14 18:33:58,194 [INFO ]	OG0003543 Tree is rooted, pass
2019-10-14 18:33:58,202 [INFO ]	OG0003543 Create network
2019-10-14 18:34:00,248 [INFO ]	OG0003493 num nodes = 14
2019-10-14 18:34:00,249 [INFO ]	OG0003493 Tree is rooted, pass
2019-10-14 18:34:00,256 [INFO ]	OG0003493 Create network
2019-10-14 18:34:02,299 [INFO ]	OG0006107 num nodes = 13
2019-10-14 18:34:02,299 [INFO ]	OG0006107 Tree is rooted, pass
2019-10-14 18:34:02,306 [INFO ]	OG0006107 Create network
2019-10-14 18:34:04,079 [INFO ]	OG0004783 num nodes = 14
2019-10-14 18:34:04,079 [INFO ]	OG0004783 Tree is rooted, pass
2019-10-14 18:34:04,087 [INFO ]	OG0004783 Create network
2019-10-14 18:34:06,250 [INFO ]	OG0007833 num nodes = 13
2019-10-14 18:34:06,250 [INFO ]	OG0007833 Tree is rooted, pass
2019-10-14 18:34:06,257 [INFO ]	OG0007833 Create network
2019-10-14 18:34:08,064 [INFO ]	OG0010849 num nodes = 7
2019-10-14 18:34:08,064 [INFO ]	OG0010849 Tree is rooted, pass
2019-10-14 18:34:08,068 [INFO ]	OG0010849 Create network
2019-10-14 18:34:08,624 [INFO ]	OG0010436 num nodes = 8
2019-10-14 18:34:08,625 [INFO ]	OG0010436 Tree is rooted, pass
2019-10-14 18:34:08,629 [INFO ]	OG0010436 Create network
2019-10-14 18:34:09,323 [INFO ]	OG0005642 num nodes = 14
2019-10-14 18:34:09,324 [INFO ]	OG0005642 Tree is rooted, pass
2019-10-14 18:34:09,331 [INFO ]	OG0005642 Create network
2019-10-14 18:34:11,407 [INFO ]	OG0000698 num nodes = 21
2019-10-14 18:34:11,407 [INFO ]	OG0000698 Tree is rooted, pass
2019-10-14 18:34:11,418 [INFO ]	OG0000698 Create network
2019-10-14 18:34:12,486 [INFO ]	OG0008094 num nodes = 12
2019-10-14 18:34:12,486 [INFO ]	OG0008094 Tree is rooted, pass
2019-10-14 18:34:12,493 [INFO ]	OG0008094 Create network
2019-10-14 18:34:14,020 [INFO ]	OG0004309 num nodes = 14
2019-10-14 18:34:14,020 [INFO ]	OG0004309 Tree is rooted, pass
2019-10-14 18:34:14,028 [INFO ]	OG0004309 Create network
2019-10-14 18:34:15,655 [INFO ]	OG0004119 num nodes = 14
2019-10-14 18:34:15,655 [INFO ]	OG0004119 Tree is rooted, pass
2019-10-14 18:34:15,663 [INFO ]	OG0004119 Create network
2019-10-14 18:34:17,739 [INFO ]	OG0005362 num nodes = 14
2019-10-14 18:34:17,740 [INFO ]	OG0005362 Tree is rooted, pass
2019-10-14 18:34:17,747 [INFO ]	OG0005362 Create network
2019-10-14 18:34:19,782 [INFO ]	OG0007272 num nodes = 13
2019-10-14 18:34:19,783 [INFO ]	OG0007272 Tree is rooted, pass
2019-10-14 18:34:19,790 [INFO ]	OG0007272 Create network
2019-10-14 18:34:21,574 [INFO ]	OG0013120 num nodes = 2
2019-10-14 18:34:21,574 [INFO ]	OG0013120 Tree is rooted, pass
2019-10-14 18:34:21,576 [INFO ]	OG0013120 Create network
2019-10-14 18:34:21,666 [INFO ]	OG0000516 num nodes = 23
2019-10-14 18:34:21,666 [INFO ]	OG0000516 Tree is rooted, pass
2019-10-14 18:34:21,679 [INFO ]	OG0000516 Create network
2019-10-14 18:34:25,246 [INFO ]	OG0007554 num nodes = 13
2019-10-14 18:34:25,247 [INFO ]	OG0007554 Tree is rooted, pass
2019-10-14 18:34:25,254 [INFO ]	OG0007554 Create network
2019-10-14 18:34:27,033 [INFO ]	OG0013103 num nodes = 2
2019-10-14 18:34:27,033 [INFO ]	OG0013103 Tree is rooted, pass
2019-10-14 18:34:27,035 [INFO ]	OG0013103 Create network
2019-10-14 18:34:27,119 [INFO ]	OG0007357 num nodes = 13
2019-10-14 18:34:27,119 [INFO ]	OG0007357 Tree is rooted, pass
2019-10-14 18:34:27,127 [INFO ]	OG0007357 Create network
2019-10-14 18:34:28,925 [INFO ]	OG0009397 num nodes = 11
2019-10-14 18:34:28,926 [INFO ]	OG0009397 Tree is rooted, pass
2019-10-14 18:34:28,932 [INFO ]	OG0009397 Create network
2019-10-14 18:34:30,239 [INFO ]	OG0004741 num nodes = 14
2019-10-14 18:34:30,239 [INFO ]	OG0004741 Tree is rooted, pass
2019-10-14 18:34:30,247 [INFO ]	OG0004741 Create network
2019-10-14 18:34:32,336 [INFO ]	OG0008091 num nodes = 12
2019-10-14 18:34:32,336 [INFO ]	OG0008091 Tree is rooted, pass
2019-10-14 18:34:32,343 [INFO ]	OG0008091 Create network
2019-10-14 18:34:33,861 [INFO ]	OG0004175 num nodes = 14
2019-10-14 18:34:33,861 [INFO ]	OG0004175 Tree is rooted, pass
2019-10-14 18:34:33,869 [INFO ]	OG0004175 Create network
2019-10-14 18:34:35,939 [INFO ]	OG0008756 num nodes = 12
2019-10-14 18:34:35,939 [INFO ]	OG0008756 Tree is rooted, pass
2019-10-14 18:34:35,946 [INFO ]	OG0008756 Create network
2019-10-14 18:34:37,249 [INFO ]	OG0002582 num nodes = 14
2019-10-14 18:34:37,249 [INFO ]	OG0002582 Tree is rooted, pass
2019-10-14 18:34:37,257 [INFO ]	OG0002582 Create network
2019-10-14 18:34:39,315 [INFO ]	OG0007309 num nodes = 13
2019-10-14 18:34:39,316 [INFO ]	OG0007309 Tree is rooted, pass
2019-10-14 18:34:39,323 [INFO ]	OG0007309 Create network
2019-10-14 18:34:41,164 [INFO ]	OG0000573 num nodes = 22
2019-10-14 18:34:41,164 [INFO ]	OG0000573 Tree is rooted, pass
2019-10-14 18:34:41,176 [INFO ]	OG0000573 Create network
2019-10-14 18:34:42,633 [INFO ]	OG0004788 num nodes = 14
2019-10-14 18:34:42,633 [INFO ]	OG0004788 Tree is rooted, pass
2019-10-14 18:34:42,641 [INFO ]	OG0004788 Create network
2019-10-14 18:34:44,700 [INFO ]	OG0003130 num nodes = 14
2019-10-14 18:34:44,700 [INFO ]	OG0003130 Tree is rooted, pass
2019-10-14 18:34:44,708 [INFO ]	OG0003130 Create network
2019-10-14 18:34:46,754 [INFO ]	OG0002549 num nodes = 15
2019-10-14 18:34:46,754 [INFO ]	OG0002549 Tree is rooted, pass
2019-10-14 18:34:46,762 [INFO ]	OG0002549 Create network
2019-10-14 18:34:48,303 [INFO ]	OG0003951 num nodes = 14
2019-10-14 18:34:48,304 [INFO ]	OG0003951 Tree is rooted, pass
2019-10-14 18:34:48,311 [INFO ]	OG0003951 Create network
2019-10-14 18:34:50,428 [INFO ]	OG0009095 num nodes = 11
2019-10-14 18:34:50,428 [INFO ]	OG0009095 Tree is rooted, pass
2019-10-14 18:34:50,434 [INFO ]	OG0009095 Create network
2019-10-14 18:34:51,751 [INFO ]	OG0005318 num nodes = 14
2019-10-14 18:34:51,752 [INFO ]	OG0005318 Tree is rooted, pass
2019-10-14 18:34:51,759 [INFO ]	OG0005318 Create network
2019-10-14 18:34:53,816 [INFO ]	OG0007654 num nodes = 13
2019-10-14 18:34:53,816 [INFO ]	OG0007654 Tree is rooted, pass
2019-10-14 18:34:53,823 [INFO ]	OG0007654 Create network
2019-10-14 18:34:55,286 [INFO ]	OG0008885 num nodes = 12
2019-10-14 18:34:55,286 [INFO ]	OG0008885 Tree is rooted, pass
2019-10-14 18:34:55,293 [INFO ]	OG0008885 Create network
2019-10-14 18:34:56,816 [INFO ]	OG0002719 num nodes = 14
2019-10-14 18:34:56,816 [INFO ]	OG0002719 Tree is rooted, pass
2019-10-14 18:34:56,823 [INFO ]	OG0002719 Create network
2019-10-14 18:34:58,864 [INFO ]	OG0007224 num nodes = 13
2019-10-14 18:34:58,865 [INFO ]	OG0007224 Tree is rooted, pass
2019-10-14 18:34:58,872 [INFO ]	OG0007224 Create network
2019-10-14 18:35:00,659 [INFO ]	OG0006315 num nodes = 13
2019-10-14 18:35:00,659 [INFO ]	OG0006315 Tree is rooted, pass
2019-10-14 18:35:00,667 [INFO ]	OG0006315 Create network
2019-10-14 18:35:02,439 [INFO ]	OG0007215 num nodes = 13
2019-10-14 18:35:02,439 [INFO ]	OG0007215 Tree is rooted, pass
2019-10-14 18:35:02,448 [INFO ]	OG0007215 Create network
2019-10-14 18:35:04,205 [INFO ]	OG0005818 num nodes = 14
2019-10-14 18:35:04,205 [INFO ]	OG0005818 Tree is rooted, pass
2019-10-14 18:35:04,213 [INFO ]	OG0005818 Create network
2019-10-14 18:35:05,834 [INFO ]	OG0001679 num nodes = 16
2019-10-14 18:35:05,834 [INFO ]	OG0001679 Tree is rooted, pass
2019-10-14 18:35:05,842 [INFO ]	OG0001679 Create network
2019-10-14 18:35:07,726 [INFO ]	OG0001209 num nodes = 17
2019-10-14 18:35:07,726 [INFO ]	OG0001209 Tree is rooted, pass
2019-10-14 18:35:07,735 [INFO ]	OG0001209 Create network
2019-10-14 18:35:10,171 [INFO ]	All done in /home/xavi/dades/Anotacions/orthofinder_Ano14sps_noclu_9oct19/output/Fasttrees
