Fgra_FGSG_01168	Hsap_ENSP00000355924	S
Fgra_FGSG_01168	Hsap_ENSP00000393453	S
Fgra_FGSG_01168	Hsap_ENSP00000373637	S
Spun_SPPG_03824	Hsap_ENSP00000355924	S
Spun_SPPG_03824	Hsap_ENSP00000393453	S
Spun_SPPG_03824	Hsap_ENSP00000373637	S
Bden_Batde5_35411	Hsap_ENSP00000355924	S
Bden_Batde5_35411	Hsap_ENSP00000393453	S
Bden_Batde5_35411	Hsap_ENSP00000373637	S
Mgut_mgv1a010398m	Hsap_ENSP00000355924	S
Mgut_mgv1a010398m	Hsap_ENSP00000393453	S
Mgut_mgv1a010398m	Hsap_ENSP00000373637	S
Tcru_XP_807434	Hsap_ENSP00000355924	S
Tcru_XP_807434	Hsap_ENSP00000393453	S
Tcru_XP_807434	Hsap_ENSP00000373637	S
Gthe_136248	Hsap_ENSP00000355924	S
Gthe_136248	Hsap_ENSP00000393453	S
Gthe_136248	Hsap_ENSP00000373637	S
Rirr_344831	Hsap_ENSP00000355924	S
Rirr_344831	Hsap_ENSP00000393453	S
Rirr_344831	Hsap_ENSP00000373637	S
Acoe_004_00718	Hsap_ENSP00000355924	S
Acoe_004_00718	Hsap_ENSP00000393453	S
Acoe_004_00718	Hsap_ENSP00000373637	S
Atha_AT5G06620	Hsap_ENSP00000355924	S
Atha_AT5G06620	Hsap_ENSP00000393453	S
Atha_AT5G06620	Hsap_ENSP00000373637	S
Rirr_342860	Hsap_ENSP00000355924	S
Rirr_342860	Hsap_ENSP00000393453	S
Rirr_342860	Hsap_ENSP00000373637	S
Sbic_01g022220	Hsap_ENSP00000355924	S
Sbic_01g022220	Hsap_ENSP00000393453	S
Sbic_01g022220	Hsap_ENSP00000373637	S
Hsap_ENSP00000235372	Acas_g2756	S
Hsap_ENSP00000276594	Acas_g2756	S
Hsap_ENSP00000274031	Acas_g2756	S
Hsap_ENSP00000358092	Acas_g2756	S
Hsap_ENSP00000384725	Acas_g2756	S
Hsap_ENSP00000355924	Bsal_BS43455	S
Hsap_ENSP00000355924	Esil_CBJ32293	S
Hsap_ENSP00000355924	Aker_49446	S
Hsap_ENSP00000355924	Umar_278813	S
Hsap_ENSP00000393453	Bsal_BS43455	S
Hsap_ENSP00000393453	Esil_CBJ32293	S
Hsap_ENSP00000393453	Aker_49446	S
Hsap_ENSP00000393453	Umar_278813	S
Hsap_ENSP00000373637	Bsal_BS43455	S
Hsap_ENSP00000373637	Esil_CBJ32293	S
Hsap_ENSP00000373637	Aker_49446	S
Hsap_ENSP00000373637	Umar_278813	S
Cowc_CAOG_04094	Hsap_ENSP00000304360	S
Spur_XP_003731708	Hsap_ENSP00000393453	S
Spur_XP_003731708	Hsap_ENSP00000373637	S
Spur_XP_003731708	Hsap_ENSP00000355924	S
Spur_XP_003730587	Hsap_ENSP00000393453	S
Spur_XP_003730587	Hsap_ENSP00000373637	S
Spur_XP_003730587	Hsap_ENSP00000355924	S
Tpse_XP_002292103	Hsap_ENSP00000393453	S
Tpse_XP_002292103	Hsap_ENSP00000373637	S
Tpse_XP_002292103	Hsap_ENSP00000355924	S
Ehux_194541	Hsap_ENSP00000393453	S
Ehux_194541	Hsap_ENSP00000373637	S
Ehux_194541	Hsap_ENSP00000355924	S
Spur_XP_788278	Hsap_ENSP00000393453	S
Spur_XP_788278	Hsap_ENSP00000373637	S
Spur_XP_788278	Hsap_ENSP00000355924	S
Mvib_comp9007_c1_seq1_fr4	Hsap_ENSP00000393453	S
Mvib_comp9007_c1_seq1_fr4	Hsap_ENSP00000373637	S
Mvib_comp9007_c1_seq1_fr4	Hsap_ENSP00000355924	S
Spur_XP_001199204	Hsap_ENSP00000393453	S
Spur_XP_001199204	Hsap_ENSP00000373637	S
Spur_XP_001199204	Hsap_ENSP00000355924	S
Spur_XP_003730778	Hsap_ENSP00000393453	S
Spur_XP_003730778	Hsap_ENSP00000373637	S
Spur_XP_003730778	Hsap_ENSP00000355924	S
Sagg_84574	Hsap_ENSP00000393453	S
Sagg_84574	Hsap_ENSP00000373637	S
Sagg_84574	Hsap_ENSP00000355924	S
Spur_XP_799878	Hsap_ENSP00000393453	S
Spur_XP_799878	Hsap_ENSP00000373637	S
Spur_XP_799878	Hsap_ENSP00000355924	S
Hsap_ENSP00000393453	Cfra_1127T1	S
Hsap_ENSP00000393453	Hmag_XP_002163555	S
Hsap_ENSP00000373637	Cfra_1127T1	S
Hsap_ENSP00000373637	Hmag_XP_002163555	S
Hsap_ENSP00000355924	Cfra_1127T1	S
Hsap_ENSP00000355924	Hmag_XP_002163555	S
Hsap_ENSP00000304360	Mlei_ML368810a	S
Hsap_ENSP00000304360	Hmag_XP_002160254	S
Hsap_ENSP00000304360	Lgig_169490	S
Hsap_ENSP00000304360	Ctel_197951	S
Hsap_ENSP00000304360	Dmel_FBpp0087625	S
Hsap_ENSP00000393453	Adig_18862v114854	S
Hsap_ENSP00000393453	Nvec_XP_001627600	S
Hsap_ENSP00000393453	Cint_ENSCINP00000013431	S
Hsap_ENSP00000393453	Tadh_XP_002109888	S
Hsap_ENSP00000373637	Adig_18862v114854	S
Hsap_ENSP00000373637	Nvec_XP_001627600	S
Hsap_ENSP00000373637	Cint_ENSCINP00000013431	S
Hsap_ENSP00000373637	Tadh_XP_002109888	S
Hsap_ENSP00000355924	Adig_18862v114854	S
Hsap_ENSP00000355924	Nvec_XP_001627600	S
Hsap_ENSP00000355924	Cint_ENSCINP00000013431	S
Hsap_ENSP00000355924	Tadh_XP_002109888	S
Ocar_g9404_t1	Hsap_ENSP00000304360	S
Mver_02594	Hsap_ENSP00000393453	S
Mver_02594	Hsap_ENSP00000373637	S
Mver_02594	Hsap_ENSP00000355924	S
Cowc_CAOG_04513	Hsap_ENSP00000274031	S
Gpro_66573	Hsap_ENSP00000274031	S
Pbla_Phybl2_188395	Hsap_ENSP00000274031	S
Mver_05382	Hsap_ENSP00000274031	S
Ccor_71261	Hsap_ENSP00000274031	S
Umar_250739	Hsap_ENSP00000274031	S
Hsap_ENSP00000235372	Cele_F02D10_7	S
Hsap_ENSP00000235372	Cneo_XP_572264	S
Hsap_ENSP00000276594	Cele_F02D10_7	S
Hsap_ENSP00000276594	Cneo_XP_572264	S
Hsap_ENSP00000358092	Cele_F02D10_7	S
Hsap_ENSP00000358092	Cneo_XP_572264	S
Hsap_ENSP00000384725	Cele_F02D10_7	S
Hsap_ENSP00000384725	Cneo_XP_572264	S
Skow_XP_002733823	Hsap_ENSP00000304360	S
Amac_02546	Hsap_ENSP00000235372	S
Amac_02546	Hsap_ENSP00000276594	S
Amac_02546	Hsap_ENSP00000358092	S
Amac_02546	Hsap_ENSP00000384725	S
Cang_28328	Hsap_ENSP00000235372	S
Cang_28328	Hsap_ENSP00000276594	S
Cang_28328	Hsap_ENSP00000358092	S
Cang_28328	Hsap_ENSP00000384725	S
Pisp_69677	Hsap_ENSP00000235372	S
Pisp_69677	Hsap_ENSP00000276594	S
Pisp_69677	Hsap_ENSP00000358092	S
Pisp_69677	Hsap_ENSP00000384725	S
Amac_01030	Hsap_ENSP00000235372	S
Amac_01030	Hsap_ENSP00000276594	S
Amac_01030	Hsap_ENSP00000358092	S
Amac_01030	Hsap_ENSP00000384725	S
Pisp_68567	Hsap_ENSP00000235372	S
Pisp_68567	Hsap_ENSP00000276594	S
Pisp_68567	Hsap_ENSP00000358092	S
Pisp_68567	Hsap_ENSP00000384725	S
Spur_XP_781331	Hsap_ENSP00000304360	S
Spur_XP_001181205	Hsap_ENSP00000304360	S
Umay_XP_759888	Hsap_ENSP00000355924	S
Lmaj_XP_001685790	Hsap_ENSP00000355924	S
Bnat_90901	Hsap_ENSP00000274031	S
Gthe_150215	Hsap_ENSP00000274031	S
Hsap_ENSP00000374152	Sros_PTSG_08216	S
Hsap_ENSP00000255613	Esil_CBJ49018	S
Hsap_ENSP00000255613	Esil_CBJ48999	S
Hsap_ENSP00000255613	Mpus_Micpu57043	S
Hsap_ENSP00000305899	Esil_CBJ49018	S
Hsap_ENSP00000305899	Esil_CBJ48999	S
Hsap_ENSP00000305899	Mpus_Micpu57043	S
Ppal_EFA81042_1	Hsap_ENSP00000304360	S
Cpar_27811Contig55046	Hsap_ENSP00000304360	S
Ddis_XP_629223	Hsap_ENSP00000304360	S
Ppal_EFA83075_1	Hsap_ENSP00000355924	S
Ddis_XP_641994	Hsap_ENSP00000355924	S
Hsap_ENSP00000274031	Sarc_SARC_15066	S
Hsap_ENSP00000274031	Ddis_XP_636856	S
Bdis_5g22730	Hsap_ENSP00000374152	S
Acas_g1616	Hsap_ENSP00000374152	S
Sbic_06g029440	Hsap_ENSP00000374152	S
Otau_XP_003083145	Hsap_ENSP00000374152	S
Bsal_BS55355	Hsap_ENSP00000374152	S
Acoe_005_00445	Hsap_ENSP00000374152	S
Smoe_XP_002978099	Hsap_ENSP00000374152	S
Mgut_mgv1a005946m	Hsap_ENSP00000374152	S
Atha_AT3G21820	Hsap_ENSP00000374152	S
Smoe_XP_002966643	Hsap_ENSP00000374152	S
Ppat_XP_001759368	Hsap_ENSP00000374152	S
Cvar_EFN50876	Hsap_ENSP00000374152	S
Mpus_Micpu20125	Hsap_ENSP00000374152	S
Mvib_comp12474_c0_seq1_fr5	Hsap_ENSP00000255613	S
Mvib_comp12474_c0_seq1_fr5	Hsap_ENSP00000305899	S
Pmar_XP_002781574	Hsap_ENSP00000355924	S
Pmar_XP_002772010	Hsap_ENSP00000355924	S
Hsap_ENSP00000274031	Ppal_EFA77773_1	S
Hsap_ENSP00000374152	Cang_44709	S
Hsap_ENSP00000374152	Nspp_10626_fr4	S
Hsap_ENSP00000374152	Nspp_10623_fr6	S
Hsap_ENSP00000374152	Nspp_10624_fr6	S
Hsap_ENSP00000374152	Nspp_10625_fr4	S
Hsap_ENSP00000374152	Amac_04063	S
Hsap_ENSP00000374152	Amac_01567	S
Bdis_3g13430	Hsap_ENSP00000347325	S
Bdis_3g13430	Hsap_ENSP00000301067	S
Nspp_18097_fr5	Hsap_ENSP00000347325	S
Nspp_18097_fr5	Hsap_ENSP00000301067	S
Hsap_ENSP00000274031	Ihof_5851	S
Hsap_ENSP00000274031	Apar_comp12770_c0_seq1_fr4	S
Spur_XP_784346	Hsap_ENSP00000374152	S
Hsap_ENSP00000301067	Ccri_T00005548001	S
Hsap_ENSP00000347325	Ccri_T00005548001	S
Ihof_1761	Hsap_ENSP00000436786	S
Ihof_1761	Hsap_ENSP00000222270	S
Acas_g2013	Hsap_ENSP00000436786	S
Acas_g2013	Hsap_ENSP00000222270	S
Acas_g11528	Hsap_ENSP00000436786	S
Acas_g11528	Hsap_ENSP00000222270	S
Sarc_SARC_04312	Hsap_ENSP00000436786	S
Sarc_SARC_04312	Hsap_ENSP00000222270	S
Apar_comp16066_c0_seq1_fr6	Hsap_ENSP00000436786	S
Apar_comp16066_c0_seq1_fr6	Hsap_ENSP00000222270	S
Cfra_2688T1	Hsap_ENSP00000436786	S
Cfra_2688T1	Hsap_ENSP00000222270	S
Hsap_ENSP00000274031	Tadh_XP_002112735	S
Hsap_ENSP00000384725	Adig_2069v103431	S
Skow_XP_002735533	Hsap_ENSP00000374152	S
Cowc_CAOG_07464	Hsap_ENSP00000374152	S
Scil_51718	Hsap_ENSP00000374152	S
Tadh_XP_002114620	Hsap_ENSP00000374152	S
Dmel_FBpp0083507	Hsap_ENSP00000374152	S
Hsap_ENSP00000262519	Ngru_XP_002683109	S
Hsap_ENSP00000267197	Ngru_XP_002683109	S
Hsap_ENSP00000301067	Cele_T12D8_1	S
Hsap_ENSP00000347325	Cele_T12D8_1	S
Mbre_XP_001747654	Hsap_ENSP00000436786	S
Mbre_XP_001747654	Hsap_ENSP00000222270	S
Gthe_66907	Hsap_ENSP00000255613	S
Gthe_66907	Hsap_ENSP00000305899	S
Tvag_XP_001322206	Hsap_ENSP00000326477	S
Tvag_XP_001322206	Hsap_ENSP00000271640	S
Mbre_XP_001751054	Hsap_ENSP00000326477	S
Mbre_XP_001751054	Hsap_ENSP00000271640	S
Ngru_XP_002672965	Hsap_ENSP00000326477	S
Ngru_XP_002672965	Hsap_ENSP00000271640	S
Mvib_comp13337_c0_seq1_fr4	Hsap_ENSP00000326477	S
Mvib_comp13337_c0_seq1_fr4	Hsap_ENSP00000271640	S
Fgra_FGSG_02778	Hsap_ENSP00000326477	S
Fgra_FGSG_02778	Hsap_ENSP00000271640	S
Cvar_EFN54317	Hsap_ENSP00000326477	S
Cvar_EFN54317	Hsap_ENSP00000271640	S
Aano_F0YGG4	Hsap_ENSP00000326477	S
Aano_F0YGG4	Hsap_ENSP00000271640	S
Ccin_CC1G_15399	Hsap_ENSP00000326477	S
Ccin_CC1G_15399	Hsap_ENSP00000271640	S
Ncra_3927NCU04402	Hsap_ENSP00000326477	S
Ncra_3927NCU04402	Hsap_ENSP00000271640	S
Aano_F0XVZ8	Hsap_ENSP00000326477	S
Aano_F0XVZ8	Hsap_ENSP00000271640	S
Nvec_XP_001638198	Hsap_ENSP00000384725	S
Hsap_ENSP00000219315	Mpus_Micpu197287	S
Hsap_ENSP00000219315	Otau_XP_003079418	S
Hsap_ENSP00000219315	Vcar_XP_002951655	S
Hsap_ENSP00000219315	Crei_XP_001703371	S
Hsap_ENSP00000374152	Ctel_159764	S
Hsap_ENSP00000374152	Hmag_XP_002160911	S
Hsap_ENSP00000374152	Lgig_231752	S
Hsap_ENSP00000374152	Adig_9231v106136	S
Hsap_ENSP00000374152	Ihof_6005	S
Hsap_ENSP00000374152	Cgig_10009476	S
Hsap_ENSP00000374152	Nvec_XP_001627062	S
Hsap_ENSP00000262519	Umar_174815	S
Hsap_ENSP00000262519	Nspp_552_fr5	S
Hsap_ENSP00000262519	Pbla_Phybl2_34196	S
Hsap_ENSP00000262519	Spom_NP_587812_1	S
Hsap_ENSP00000262519	Mbre_XP_001748661	S
Hsap_ENSP00000262519	Ehux_206556	S
Hsap_ENSP00000262519	Amac_13595	S
Hsap_ENSP00000262519	Ehux_311470	S
Hsap_ENSP00000262519	Ehux_70530	S
Hsap_ENSP00000262519	Tmel_XP_002840838	S
Hsap_ENSP00000262519	Clim_g610	S
Hsap_ENSP00000262519	Ppal_EFA75361_1	S
Hsap_ENSP00000262519	Cowc_CAOG_03580	S
Hsap_ENSP00000262519	Mcir_Mucci2_137855	S
Hsap_ENSP00000262519	Rory_5510	S
Hsap_ENSP00000262519	Ngad_00849_01	S
Hsap_ENSP00000262519	Ptri_XP_002184115	S
Hsap_ENSP00000262519	Cang_102567	S
Hsap_ENSP00000262519	Aano_F0YDE7	S
Hsap_ENSP00000262519	Amac_13344	S
Hsap_ENSP00000262519	Esil_CBN74374	S
Hsap_ENSP00000262519	Umay_XP_758824	S
Hsap_ENSP00000262519	Crev_25774	S
Hsap_ENSP00000262519	Gpro_96002	S
Hsap_ENSP00000262519	Sarc_SARC_05279	S
Hsap_ENSP00000262519	Mver_03320	S
Hsap_ENSP00000262519	Lmaj_XP_001684837	S
Hsap_ENSP00000262519	Spun_SPPG_04443	S
Hsap_ENSP00000262519	Rory_11085	S
Hsap_ENSP00000262519	Ddis_XP_636258	S
Hsap_ENSP00000262519	Ccor_82240	S
Hsap_ENSP00000262519	Pisp_26066	S
Hsap_ENSP00000262519	Pbla_Phybl2_20422	S
Hsap_ENSP00000262519	Fgra_FGSG_07445	S
Hsap_ENSP00000262519	Bden_Batde5_35515	S
Hsap_ENSP00000262519	Scer_SCRT_04833	S
Hsap_ENSP00000262519	Ncra_1100NCU01206	S
Hsap_ENSP00000262519	Ptri_XP_002184116	S
Hsap_ENSP00000262519	Cfra_6039T1	S
Hsap_ENSP00000262519	Rall_5515	S
Hsap_ENSP00000267197	Umar_174815	S
Hsap_ENSP00000267197	Nspp_552_fr5	S
Hsap_ENSP00000267197	Pbla_Phybl2_34196	S
Hsap_ENSP00000267197	Spom_NP_587812_1	S
Hsap_ENSP00000267197	Mbre_XP_001748661	S
Hsap_ENSP00000267197	Ehux_206556	S
Hsap_ENSP00000267197	Amac_13595	S
Hsap_ENSP00000267197	Ehux_311470	S
Hsap_ENSP00000267197	Ehux_70530	S
Hsap_ENSP00000267197	Tmel_XP_002840838	S
Hsap_ENSP00000267197	Clim_g610	S
Hsap_ENSP00000267197	Ppal_EFA75361_1	S
Hsap_ENSP00000267197	Cowc_CAOG_03580	S
Hsap_ENSP00000267197	Mcir_Mucci2_137855	S
Hsap_ENSP00000267197	Rory_5510	S
Hsap_ENSP00000267197	Ngad_00849_01	S
Hsap_ENSP00000267197	Ptri_XP_002184115	S
Hsap_ENSP00000267197	Cang_102567	S
Hsap_ENSP00000267197	Aano_F0YDE7	S
Hsap_ENSP00000267197	Amac_13344	S
Hsap_ENSP00000267197	Esil_CBN74374	S
Hsap_ENSP00000267197	Umay_XP_758824	S
Hsap_ENSP00000267197	Crev_25774	S
Hsap_ENSP00000267197	Gpro_96002	S
Hsap_ENSP00000267197	Sarc_SARC_05279	S
Hsap_ENSP00000267197	Mver_03320	S
Hsap_ENSP00000267197	Lmaj_XP_001684837	S
Hsap_ENSP00000267197	Spun_SPPG_04443	S
Hsap_ENSP00000267197	Rory_11085	S
Hsap_ENSP00000267197	Ddis_XP_636258	S
Hsap_ENSP00000267197	Ccor_82240	S
Hsap_ENSP00000267197	Pisp_26066	S
Hsap_ENSP00000267197	Pbla_Phybl2_20422	S
Hsap_ENSP00000267197	Fgra_FGSG_07445	S
Hsap_ENSP00000267197	Bden_Batde5_35515	S
Hsap_ENSP00000267197	Scer_SCRT_04833	S
Hsap_ENSP00000267197	Ncra_1100NCU01206	S
Hsap_ENSP00000267197	Ptri_XP_002184116	S
Hsap_ENSP00000267197	Cfra_6039T1	S
Hsap_ENSP00000267197	Rall_5515	S
Cint_ENSCINP00000003156	Hsap_ENSP00000301067	S
Cint_ENSCINP00000003156	Hsap_ENSP00000347325	S
Smoe_XP_002980880	Hsap_ENSP00000332995	S
Acoe_013_00096	Hsap_ENSP00000332995	S
Smoe_XP_002961390	Hsap_ENSP00000332995	S
Acoe_037_00166	Hsap_ENSP00000332995	S
Atha_AT4G27910	Hsap_ENSP00000332995	S
Sbic_03g029850	Hsap_ENSP00000332995	S
Ppat_XP_001777592	Hsap_ENSP00000332995	S
Smoe_XP_002964071	Hsap_ENSP00000332995	S
Bdis_2g45430	Hsap_ENSP00000332995	S
Sbic_03g001640	Hsap_ENSP00000332995	S
Mgut_mgv1a000575m	Hsap_ENSP00000332995	S
Acoe_021_00020	Hsap_ENSP00000332995	S
Atha_AT3G61740	Hsap_ENSP00000332995	S
Bdis_2g07082	Hsap_ENSP00000332995	S
Atha_AT5G53430	Hsap_ENSP00000332995	S
Smoe_XP_002975450	Hsap_ENSP00000332995	S
Skow_XP_002740398	Hsap_ENSP00000436786	S
Skow_XP_002740398	Hsap_ENSP00000222270	S
Hsap_ENSP00000326477	Aque_XP_003387124	S
Hsap_ENSP00000326477	Tadh_XP_002117623	S
Hsap_ENSP00000326477	Tadh_XP_002117622	S
Hsap_ENSP00000326477	Scil_27079	S
Hsap_ENSP00000271640	Aque_XP_003387124	S
Hsap_ENSP00000271640	Tadh_XP_002117623	S
Hsap_ENSP00000271640	Tadh_XP_002117622	S
Hsap_ENSP00000271640	Scil_27079	S
Skow_NP_001161634	Hsap_ENSP00000384725	S
Hsap_ENSP00000235372	Ctel_202965	S
Hsap_ENSP00000235372	Lgig_156439	S
Hsap_ENSP00000235372	Ctel_75757	S
Umar_246787	Hsap_ENSP00000219315	S
Ccin_CC1G_03233	Hsap_ENSP00000219315	S
Umay_XP_759768	Hsap_ENSP00000219315	S
Fgra_FGSG_13489	Hsap_ENSP00000219315	S
Amac_13919	Hsap_ENSP00000219315	S
Scer_SCRT_00269	Hsap_ENSP00000219315	S
Cang_156814	Hsap_ENSP00000219315	S
Rirr_156604	Hsap_ENSP00000219315	S
Rory_11187	Hsap_ENSP00000219315	S
Cneo_XP_567975	Hsap_ENSP00000219315	S
Spom_NP_594072_1	Hsap_ENSP00000219315	S
Ncra_8714NCU09827	Hsap_ENSP00000219315	S
Mcir_Mucci2_106194	Hsap_ENSP00000219315	S
Mver_06965	Hsap_ENSP00000219315	S
Hsap_ENSP00000327436	Gthe_112741	S
Nvec_XP_001629652	Hsap_ENSP00000301067	S
Nvec_XP_001629652	Hsap_ENSP00000347325	S
Adig_1072v119182	Hsap_ENSP00000301067	S
Adig_1072v119182	Hsap_ENSP00000347325	S
Ctel_179499	Hsap_ENSP00000436786	S
Ctel_179499	Hsap_ENSP00000222270	S
Cint_ENSCINP00000025384	Hsap_ENSP00000436786	S
Cint_ENSCINP00000025384	Hsap_ENSP00000222270	S
Tadh_XP_002112190	Hsap_ENSP00000436786	S
Tadh_XP_002112190	Hsap_ENSP00000222270	S
Dmel_FBpp0082406	Hsap_ENSP00000436786	S
Dmel_FBpp0082406	Hsap_ENSP00000222270	S
Aque_XP_003389474	Hsap_ENSP00000436786	S
Aque_XP_003389474	Hsap_ENSP00000222270	S
Hsap_ENSP00000255613	Ncra_7565NCU08551	S
Hsap_ENSP00000255613	Fgra_FGSG_06529	S
Hsap_ENSP00000305899	Ncra_7565NCU08551	S
Hsap_ENSP00000305899	Fgra_FGSG_06529	S
Hsap_ENSP00000320147	Gthe_43393	S
Hsap_ENSP00000320147	Spun_SPPG_03589	S
Hsap_ENSP00000320147	Ccin_CC1G_09236	S
Hsap_ENSP00000320147	Cele_R06A4_7	S
Hsap_ENSP00000264646	Gthe_43393	S
Hsap_ENSP00000264646	Spun_SPPG_03589	S
Hsap_ENSP00000264646	Ccin_CC1G_09236	S
Hsap_ENSP00000264646	Cele_R06A4_7	S
Ddis_XP_646062	Hsap_ENSP00000373354	S
Ddis_XP_646062	Hsap_ENSP00000379078	S
Ddis_XP_646062	Hsap_ENSP00000417980	S
Ddis_XP_646062	Hsap_ENSP00000408583	S
Ddis_XP_646062	Hsap_ENSP00000346997	S
Ddis_XP_646062	Hsap_ENSP00000337976	S
Hmag_XP_002169411	Hsap_ENSP00000326477	S
Hmag_XP_002169411	Hsap_ENSP00000271640	S
Nvec_XP_001627377	Hsap_ENSP00000326477	S
Nvec_XP_001627377	Hsap_ENSP00000271640	S
Skow_XP_002731923	Hsap_ENSP00000326477	S
Skow_XP_002731923	Hsap_ENSP00000271640	S
Adig_5360v122594	Hsap_ENSP00000326477	S
Adig_5360v122594	Hsap_ENSP00000271640	S
Tadh_XP_002116791	Hsap_ENSP00000313983	S
Tadh_XP_002116791	Hsap_ENSP00000395929	S
Tadh_XP_002116791	Hsap_ENSP00000372347	S
Mlei_ML033625a	Hsap_ENSP00000313983	S
Mlei_ML033625a	Hsap_ENSP00000395929	S
Mlei_ML033625a	Hsap_ENSP00000372347	S
Hsap_ENSP00000235372	Adig_5324v122563	S
Hsap_ENSP00000235372	Adig_23202v118285	S
Hsap_ENSP00000235372	Adig_17466v101523	S
Hsap_ENSP00000219315	Sros_PTSG_01368	S
Scil_54447	Hsap_ENSP00000262519	S
Scil_54447	Hsap_ENSP00000267197	S
Hsap_ENSP00000301067	Tadh_XP_002117983	S
Hsap_ENSP00000301067	Hmag_XP_002169286	S
Hsap_ENSP00000301067	Mlei_ML015714a	S
Hsap_ENSP00000347325	Tadh_XP_002117983	S
Hsap_ENSP00000347325	Hmag_XP_002169286	S
Hsap_ENSP00000347325	Mlei_ML015714a	S
Hsap_ENSP00000255613	Tmel_XP_002839141	S
Hsap_ENSP00000305899	Tmel_XP_002839141	S
Sros_PTSG_12482	Hsap_ENSP00000320147	S
Sros_PTSG_12482	Hsap_ENSP00000264646	S
Tadh_XP_002110982	Hsap_ENSP00000320147	S
Tadh_XP_002110982	Hsap_ENSP00000264646	S
Mbre_XP_001742056	Hsap_ENSP00000320147	S
Mbre_XP_001742056	Hsap_ENSP00000264646	S
Lgig_111681	Hsap_ENSP00000326477	S
Lgig_111681	Hsap_ENSP00000271640	S
Ctel_224568	Hsap_ENSP00000326477	S
Ctel_224568	Hsap_ENSP00000271640	S
Cgig_10026622	Hsap_ENSP00000326477	S
Cgig_10026622	Hsap_ENSP00000271640	S
Spur_XP_003723917	Hsap_ENSP00000326477	S
Spur_XP_003723917	Hsap_ENSP00000271640	S
Rfil_3784744_2s	Hsap_ENSP00000384114	S
Rfil_3784744_2s	Hsap_ENSP00000257745	S
Hsap_ENSP00000313983	Nvec_XP_001635219	S
Hsap_ENSP00000395929	Nvec_XP_001635219	S
Hsap_ENSP00000372347	Nvec_XP_001635219	S
Hsap_ENSP00000235372	Hmag_XP_002154805	S
Mbre_XP_001748684	Hsap_ENSP00000219315	S
Ppal_EFA76078_1	Hsap_ENSP00000327436	S
Hmag_XP_002161122	Hsap_ENSP00000262519	S
Hmag_XP_002161122	Hsap_ENSP00000267197	S
Acoe_017_00002	Hsap_ENSP00000262519	S
Acoe_017_00002	Hsap_ENSP00000267197	S
Cele_C26E6_9c	Hsap_ENSP00000262519	S
Cele_C26E6_9c	Hsap_ENSP00000267197	S
Nvec_XP_001636609	Hsap_ENSP00000262519	S
Nvec_XP_001636609	Hsap_ENSP00000267197	S
Sbic_08g002530	Hsap_ENSP00000262519	S
Sbic_08g002530	Hsap_ENSP00000267197	S
Smoe_XP_002963921	Hsap_ENSP00000262519	S
Smoe_XP_002963921	Hsap_ENSP00000267197	S
Acas_g11544	Hsap_ENSP00000262519	S
Acas_g11544	Hsap_ENSP00000267197	S
Mgut_mgv1a023175m	Hsap_ENSP00000262519	S
Mgut_mgv1a023175m	Hsap_ENSP00000267197	S
Ppat_XP_001771062	Hsap_ENSP00000262519	S
Ppat_XP_001771062	Hsap_ENSP00000267197	S
Aque_XP_003385238	Hsap_ENSP00000262519	S
Aque_XP_003385238	Hsap_ENSP00000267197	S
Smoe_XP_002962407	Hsap_ENSP00000262519	S
Smoe_XP_002962407	Hsap_ENSP00000267197	S
Atha_AT5G42400	Hsap_ENSP00000262519	S
Atha_AT5G42400	Hsap_ENSP00000267197	S
Bdis_4g01790	Hsap_ENSP00000262519	S
Bdis_4g01790	Hsap_ENSP00000267197	S
Rfil_3789713_2s	Hsap_ENSP00000262519	S
Rfil_3789713_2s	Hsap_ENSP00000267197	S
Ocar_g9304_t1	Hsap_ENSP00000262519	S
Ocar_g9304_t1	Hsap_ENSP00000267197	S
Ppat_XP_001768289	Hsap_ENSP00000262519	S
Ppat_XP_001768289	Hsap_ENSP00000267197	S
Smoe_XP_002965618	Hsap_ENSP00000262519	S
Smoe_XP_002965618	Hsap_ENSP00000267197	S
Ctel_153177	Hsap_ENSP00000347325	S
Ctel_153177	Hsap_ENSP00000301067	S
Cowc_CAOG_01362	Hsap_ENSP00000347325	S
Cowc_CAOG_01362	Hsap_ENSP00000301067	S
Gpro_66054	Hsap_ENSP00000347325	S
Gpro_66054	Hsap_ENSP00000301067	S
Lgig_215812	Hsap_ENSP00000347325	S
Lgig_215812	Hsap_ENSP00000301067	S
Clim_g3288	Hsap_ENSP00000347325	S
Clim_g3288	Hsap_ENSP00000301067	S
Skow_XP_002736118	Hsap_ENSP00000347325	S
Skow_XP_002736118	Hsap_ENSP00000301067	S
Cgig_10022561	Hsap_ENSP00000347325	S
Cgig_10022561	Hsap_ENSP00000301067	S
Scil_6054	Hsap_ENSP00000347325	S
Scil_6054	Hsap_ENSP00000301067	S
Dmel_FBpp0070347	Hsap_ENSP00000347325	S
Dmel_FBpp0070347	Hsap_ENSP00000301067	S
Tthe_XP_001029767	Hsap_ENSP00000332995	S
Ttra_AMSG_03613	Hsap_ENSP00000332995	S
Rall_3554	Hsap_ENSP00000332995	S
Pmar_XP_002765683	Hsap_ENSP00000332995	S
Gthe_78620	Hsap_ENSP00000332995	S
Acas_g6446	Hsap_ENSP00000332995	S
Ptet_A0D3D7_A0D3D7	Hsap_ENSP00000332995	S
Pmar_XP_002785717	Hsap_ENSP00000332995	S
Hsap_ENSP00000436786	Lgig_209271	S
Hsap_ENSP00000436786	Cgig_10008103	S
Sros_PTSG_07559	Hsap_ENSP00000222270	S
Pyez_28201_g6931	Hsap_ENSP00000222270	S
Ocar_g10414_t1	Hsap_ENSP00000222270	S
Nvec_XP_001622958	Hsap_ENSP00000222270	S
Nvec_XP_001623359	Hsap_ENSP00000222270	S
Mlei_ML41301a	Hsap_ENSP00000222270	S
Scil_30598	Hsap_ENSP00000222270	S
Adig_278v118577	Hsap_ENSP00000222270	S
Hmag_XP_002161520	Hsap_ENSP00000222270	S
Hsap_ENSP00000320147	Spur_XP_001187524	S
Hsap_ENSP00000320147	Spur_XP_790741	S
Hsap_ENSP00000320147	Spur_XP_003725981	S
Hsap_ENSP00000264646	Spur_XP_001187524	S
Hsap_ENSP00000264646	Spur_XP_790741	S
Hsap_ENSP00000264646	Spur_XP_003725981	S
Hsap_ENSP00000326477	Dmel_FBpp0111689	S
Hsap_ENSP00000271640	Dmel_FBpp0111689	S
Hmag_XP_002164851	Hsap_ENSP00000313983	S
Hmag_XP_002164851	Hsap_ENSP00000395929	S
Hmag_XP_002164851	Hsap_ENSP00000372347	S
Nvec_XP_001641018	Hsap_ENSP00000358092	S
Spur_XP_001200656	Hsap_ENSP00000358092	S
Adig_3112v120858	Hsap_ENSP00000358092	S
Spur_XP_003724787	Hsap_ENSP00000358092	S
Mlei_ML124240a	Hsap_ENSP00000358092	S
Skow_XP_002739286	Hsap_ENSP00000276594	S
Cgig_10004098	Hsap_ENSP00000219315	S
Lgig_217400	Hsap_ENSP00000219315	S
Hsap_ENSP00000327436	Gpro_40672	S
Hsap_ENSP00000262519	Tadh_XP_002117297	S
Hsap_ENSP00000267197	Tadh_XP_002117297	S
Ncra_889NCU00970	Hsap_ENSP00000332995	S
Hsap_ENSP00000255613	Pisp_49244	S
Hsap_ENSP00000255613	Pbla_Phybl2_112008	S
Hsap_ENSP00000255613	Amac_11412	S
Hsap_ENSP00000255613	Mcir_Mucci2_150356	S
Hsap_ENSP00000255613	Rory_16697	S
Hsap_ENSP00000255613	Umar_223368	S
Hsap_ENSP00000255613	Amac_13870	S
Hsap_ENSP00000255613	Cang_122703	S
Hsap_ENSP00000305899	Pisp_49244	S
Hsap_ENSP00000305899	Pbla_Phybl2_112008	S
Hsap_ENSP00000305899	Amac_11412	S
Hsap_ENSP00000305899	Mcir_Mucci2_150356	S
Hsap_ENSP00000305899	Rory_16697	S
Hsap_ENSP00000305899	Umar_223368	S
Hsap_ENSP00000305899	Amac_13870	S
Hsap_ENSP00000305899	Cang_122703	S
Hsap_ENSP00000264646	Smoe_XP_002987466	S
Hsap_ENSP00000264646	Rall_1005	S
Hsap_ENSP00000264646	Cint_ENSCINP00000016340	S
Hsap_ENSP00000264646	Vcar_XP_002958368	S
Hsap_ENSP00000264646	Mpus_Micpu59369	S
Hsap_ENSP00000264646	Apar_comp18592_c0_seq1_fr6	S
Hsap_ENSP00000264646	Aano_F0XVI4	S
Hsap_ENSP00000264646	Atha_AT4G02020	S
Hsap_ENSP00000264646	Otau_XP_003082958	S
Hsap_ENSP00000264646	Scil_36565	S
Hsap_ENSP00000264646	Nspp_13586_fr5	S
Hsap_ENSP00000264646	Ctel_20226	S
Hsap_ENSP00000264646	Bdis_1g48340	S
Hsap_ENSP00000264646	Smoe_XP_002980071	S
Hsap_ENSP00000264646	Atha_AT2G23380	S
Hsap_ENSP00000264646	Pinf_XP_002902603	S
Hsap_ENSP00000264646	Mlei_ML01861a	S
Hsap_ENSP00000264646	Pinf_XP_002900788	S
Hsap_ENSP00000264646	Rirr_345734	S
Hsap_ENSP00000264646	Mgut_mgv1a001364m	S
Hsap_ENSP00000264646	Ocar_g575_t1	S
Hsap_ENSP00000264646	Adig_6676v104625	S
Hsap_ENSP00000264646	Sbic_10g004560	S
Hsap_ENSP00000264646	Mgut_mgv1a002769m	S
Hsap_ENSP00000264646	Nvec_XP_001622422	S
Hsap_ENSP00000264646	Ccri_T00007737001	S
Hsap_ENSP00000264646	Acoe_003_00541	S
Hsap_ENSP00000264646	Cvar_EFN54582	S
Hsap_ENSP00000264646	Ppat_XP_001768188	S
Hsap_ENSP00000264646	Smoe_XP_002994616	S
Hsap_ENSP00000264646	Atha_AT1G02580	S
Hsap_ENSP00000264646	Sbic_01g037450	S
Hsap_ENSP00000264646	Acoe_015_00009	S
Hsap_ENSP00000264646	Bdis_1g64460	S
Hsap_ENSP00000264646	Hmag_XP_002165490	S
Hsap_ENSP00000264646	Tmel_XP_002841864	S
Hsap_ENSP00000320147	Smoe_XP_002987466	S
Hsap_ENSP00000320147	Rall_1005	S
Hsap_ENSP00000320147	Cint_ENSCINP00000016340	S
Hsap_ENSP00000320147	Vcar_XP_002958368	S
Hsap_ENSP00000320147	Mpus_Micpu59369	S
Hsap_ENSP00000320147	Apar_comp18592_c0_seq1_fr6	S
Hsap_ENSP00000320147	Aano_F0XVI4	S
Hsap_ENSP00000320147	Atha_AT4G02020	S
Hsap_ENSP00000320147	Otau_XP_003082958	S
Hsap_ENSP00000320147	Scil_36565	S
Hsap_ENSP00000320147	Nspp_13586_fr5	S
Hsap_ENSP00000320147	Ctel_20226	S
Hsap_ENSP00000320147	Bdis_1g48340	S
Hsap_ENSP00000320147	Smoe_XP_002980071	S
Hsap_ENSP00000320147	Atha_AT2G23380	S
Hsap_ENSP00000320147	Pinf_XP_002902603	S
Hsap_ENSP00000320147	Mlei_ML01861a	S
Hsap_ENSP00000320147	Pinf_XP_002900788	S
Hsap_ENSP00000320147	Rirr_345734	S
Hsap_ENSP00000320147	Mgut_mgv1a001364m	S
Hsap_ENSP00000320147	Ocar_g575_t1	S
Hsap_ENSP00000320147	Adig_6676v104625	S
Hsap_ENSP00000320147	Sbic_10g004560	S
Hsap_ENSP00000320147	Mgut_mgv1a002769m	S
Hsap_ENSP00000320147	Nvec_XP_001622422	S
Hsap_ENSP00000320147	Ccri_T00007737001	S
Hsap_ENSP00000320147	Acoe_003_00541	S
Hsap_ENSP00000320147	Cvar_EFN54582	S
Hsap_ENSP00000320147	Ppat_XP_001768188	S
Hsap_ENSP00000320147	Smoe_XP_002994616	S
Hsap_ENSP00000320147	Atha_AT1G02580	S
Hsap_ENSP00000320147	Sbic_01g037450	S
Hsap_ENSP00000320147	Acoe_015_00009	S
Hsap_ENSP00000320147	Bdis_1g64460	S
Hsap_ENSP00000320147	Hmag_XP_002165490	S
Hsap_ENSP00000320147	Tmel_XP_002841864	S
Hsap_ENSP00000379078	Skow_XP_002733701	S
Hsap_ENSP00000379078	Ctel_206547	S
Hsap_ENSP00000379078	Spur_XP_003728726	S
Hsap_ENSP00000379078	Spur_XP_785941	S
Hsap_ENSP00000417980	Skow_XP_002733701	S
Hsap_ENSP00000417980	Ctel_206547	S
Hsap_ENSP00000417980	Spur_XP_003728726	S
Hsap_ENSP00000417980	Spur_XP_785941	S
Hsap_ENSP00000408583	Skow_XP_002733701	S
Hsap_ENSP00000408583	Ctel_206547	S
Hsap_ENSP00000408583	Spur_XP_003728726	S
Hsap_ENSP00000408583	Spur_XP_785941	S
Hsap_ENSP00000384114	Ngru_XP_002679121	S
Hsap_ENSP00000257745	Ngru_XP_002679121	S
Hsap_ENSP00000313983	Cint_ENSCINP00000025831	S
Hsap_ENSP00000395929	Cint_ENSCINP00000025831	S
Hsap_ENSP00000372347	Cint_ENSCINP00000025831	S
Hsap_ENSP00000219315	Ctel_151537	S
Hsap_ENSP00000219315	Nvec_XP_001629819	S
Hsap_ENSP00000219315	Scil_68011	S
Hsap_ENSP00000219315	Aque_XP_003382977	S
Hsap_ENSP00000219315	Spur_XP_787519	S
Hsap_ENSP00000219315	Ocar_g5802_t1	S
Hsap_ENSP00000219315	Cint_ENSCINP00000020186	S
Hsap_ENSP00000219315	Skow_XP_002731242	S
Hsap_ENSP00000327436	Bden_Batde5_86177	S
Hsap_ENSP00000262519	Mlei_ML056953a	S
Hsap_ENSP00000262519	Cgig_10017490	S
Hsap_ENSP00000262519	Lgig_138486	S
Hsap_ENSP00000267197	Mlei_ML056953a	S
Hsap_ENSP00000267197	Cgig_10017490	S
Hsap_ENSP00000267197	Lgig_138486	S
Spur_XP_003724175	Hsap_ENSP00000347325	S
Spur_XP_003724176	Hsap_ENSP00000347325	S
Spur_XP_795757	Hsap_ENSP00000347325	S
Hsap_ENSP00000255613	Crev_43176	S
Hsap_ENSP00000255613	Mver_08497	S
Hsap_ENSP00000255613	Spun_SPPG_04024	S
Hsap_ENSP00000255613	Umay_XP_756690	S
Hsap_ENSP00000255613	Falb_H696_04933T0	S
Hsap_ENSP00000255613	Nspp_13715_fr4	S
Hsap_ENSP00000255613	Gpro_132992	S
Hsap_ENSP00000255613	Ccin_CC1G_11834	S
Hsap_ENSP00000255613	Spom_NP_588078_1	S
Hsap_ENSP00000305899	Crev_43176	S
Hsap_ENSP00000305899	Mver_08497	S
Hsap_ENSP00000305899	Spun_SPPG_04024	S
Hsap_ENSP00000305899	Umay_XP_756690	S
Hsap_ENSP00000305899	Falb_H696_04933T0	S
Hsap_ENSP00000305899	Nspp_13715_fr4	S
Hsap_ENSP00000305899	Gpro_132992	S
Hsap_ENSP00000305899	Ccin_CC1G_11834	S
Hsap_ENSP00000305899	Spom_NP_588078_1	S
Cint_ENSCINP00000019485	Hsap_ENSP00000326477	S
Hsap_ENSP00000384114	Gthe_65244	S
Hsap_ENSP00000257745	Gthe_65244	S
Sarc_SARC_00855	Hsap_ENSP00000386759	S
Cfra_7962T1	Hsap_ENSP00000386759	S
Cpar_14930Contig8823	Hsap_ENSP00000386759	S
Mvib_comp16013_c3_seq1_fr4	Hsap_ENSP00000386759	S
Hsap_ENSP00000357330	Cmer_CML152C	S
Hsap_ENSP00000357330	Cmer_CMN313C	S
Hsap_ENSP00000357330	Mpus_Micpu164960	S
Cowc_CAOG_03170	Hsap_ENSP00000327436	S
Mbre_XP_001745126	Hsap_ENSP00000327436	S
Ctel_150651	Hsap_ENSP00000262519	S
Ctel_150651	Hsap_ENSP00000267197	S
Bden_Batde5_8511	Hsap_ENSP00000305899	S
Bden_Batde5_8511	Hsap_ENSP00000255613	S
Hsap_ENSP00000320147	Aque_XP_003390508	S
Hsap_ENSP00000320147	Dmel_FBpp0076008	S
Hsap_ENSP00000320147	Cgig_10023111	S
Hsap_ENSP00000320147	Lgig_200654	S
Cint_ENSCINP00000003247	Hsap_ENSP00000379078	S
Cint_ENSCINP00000003247	Hsap_ENSP00000408583	S
Cint_ENSCINP00000028043	Hsap_ENSP00000379078	S
Cint_ENSCINP00000028043	Hsap_ENSP00000408583	S
Hsap_ENSP00000326477	Cele_R05D3_11	S
Hsap_ENSP00000384114	Acas_g8180	S
Hsap_ENSP00000384114	Cowc_CAOG_02237	S
Hsap_ENSP00000384114	Pbla_Phybl2_145894	S
Hsap_ENSP00000384114	Cang_50153	S
Hsap_ENSP00000384114	Mcir_Mucci2_159353	S
Hsap_ENSP00000384114	Rory_4092	S
Hsap_ENSP00000384114	Mver_04374	S
Hsap_ENSP00000384114	Rall_1841	S
Hsap_ENSP00000384114	Lgig_139900	S
Hsap_ENSP00000384114	Mcir_Mucci2_163371	S
Hsap_ENSP00000384114	Rory_14883	S
Hsap_ENSP00000384114	Ppal_EFA86338_1	S
Hsap_ENSP00000384114	Crev_10785	S
Hsap_ENSP00000384114	Rirr_253856	S
Hsap_ENSP00000384114	Fgra_FGSG_09585	S
Hsap_ENSP00000257745	Acas_g8180	S
Hsap_ENSP00000257745	Cowc_CAOG_02237	S
Hsap_ENSP00000257745	Pbla_Phybl2_145894	S
Hsap_ENSP00000257745	Cang_50153	S
Hsap_ENSP00000257745	Mcir_Mucci2_159353	S
Hsap_ENSP00000257745	Rory_4092	S
Hsap_ENSP00000257745	Mver_04374	S
Hsap_ENSP00000257745	Rall_1841	S
Hsap_ENSP00000257745	Lgig_139900	S
Hsap_ENSP00000257745	Mcir_Mucci2_163371	S
Hsap_ENSP00000257745	Rory_14883	S
Hsap_ENSP00000257745	Ppal_EFA86338_1	S
Hsap_ENSP00000257745	Crev_10785	S
Hsap_ENSP00000257745	Rirr_253856	S
Hsap_ENSP00000257745	Fgra_FGSG_09585	S
Spur_XP_785219	Hsap_ENSP00000372347	S
Spur_XP_785219	Hsap_ENSP00000313983	S
Cgig_10013318	Hsap_ENSP00000372347	S
Cgig_10013318	Hsap_ENSP00000313983	S
Ctel_93578	Hsap_ENSP00000372347	S
Ctel_93578	Hsap_ENSP00000313983	S
Lgig_123404	Hsap_ENSP00000372347	S
Lgig_123404	Hsap_ENSP00000313983	S
Skow_XP_002731935	Hsap_ENSP00000372347	S
Skow_XP_002731935	Hsap_ENSP00000313983	S
Lgig_192045	Hsap_ENSP00000372347	S
Lgig_192045	Hsap_ENSP00000313983	S
Spun_SPPG_06324	Hsap_ENSP00000386759	S
Sros_PTSG_08872	Hsap_ENSP00000386759	S
Mbre_XP_001747356	Hsap_ENSP00000386759	S
Cfra_1641T1	Hsap_ENSP00000327436	S
Apar_comp26195_c0_seq1_fr6	Hsap_ENSP00000267197	S
Apar_comp26195_c0_seq1_fr6	Hsap_ENSP00000262519	S
Mvib_comp3625_c0_seq1_fr6	Hsap_ENSP00000267197	S
Mvib_comp3625_c0_seq1_fr6	Hsap_ENSP00000262519	S
Ihof_3741	Hsap_ENSP00000267197	S
Ihof_3741	Hsap_ENSP00000262519	S
Sros_PTSG_11893	Hsap_ENSP00000267197	S
Sros_PTSG_11893	Hsap_ENSP00000262519	S
Ihof_9721	Hsap_ENSP00000267197	S
Ihof_9721	Hsap_ENSP00000262519	S
Ctel_228696	Hsap_ENSP00000305899	S
Ctel_228696	Hsap_ENSP00000255613	S
Hsap_ENSP00000373354	Spur_XP_782916	S
Tgon_XP_002364904	Hsap_ENSP00000337976	S
Tgon_XP_002364904	Hsap_ENSP00000346997	S
Acas_g441	Hsap_ENSP00000337976	S
Acas_g441	Hsap_ENSP00000346997	S
Ocar_g3910_t1	Hsap_ENSP00000326477	S
Hsap_ENSP00000384114	Scil_9219	S
Hsap_ENSP00000384114	Scil_60754	S
Hsap_ENSP00000384114	Mbre_XP_001745803	S
Hsap_ENSP00000384114	Adig_17690v113829	S
Hsap_ENSP00000384114	Scil_12689	S
Hsap_ENSP00000384114	Adig_13723v110302	S
Hsap_ENSP00000384114	Nvec_XP_001637486	S
Hsap_ENSP00000384114	Adig_11240v107992	S
Hsap_ENSP00000384114	Scil_83602	S
Hsap_ENSP00000257745	Scil_9219	S
Hsap_ENSP00000257745	Scil_60754	S
Hsap_ENSP00000257745	Mbre_XP_001745803	S
Hsap_ENSP00000257745	Adig_17690v113829	S
Hsap_ENSP00000257745	Scil_12689	S
Hsap_ENSP00000257745	Adig_13723v110302	S
Hsap_ENSP00000257745	Nvec_XP_001637486	S
Hsap_ENSP00000257745	Adig_11240v107992	S
Hsap_ENSP00000257745	Scil_83602	S
Hsap_ENSP00000386759	Hmag_XP_002169363	S
Hsap_ENSP00000386759	Aque_XP_003387717	S
Hsap_ENSP00000386759	Mlei_ML09663a	S
Hsap_ENSP00000357330	Ehux_425757	S
Ddis_XP_646263	Hsap_ENSP00000327436	S
Dmel_FBpp0112592	Hsap_ENSP00000267197	S
Dmel_FBpp0112592	Hsap_ENSP00000262519	S
Hsap_ENSP00000305899	Sros_PTSG_09637	S
Hsap_ENSP00000255613	Sros_PTSG_09637	S
Hsap_ENSP00000373354	Lgig_116536	S
Hsap_ENSP00000373354	Glam_XP_001705541	S
Hsap_ENSP00000337976	Mlei_ML05765a	S
Hsap_ENSP00000337976	Scil_53898	S
Hsap_ENSP00000346997	Mlei_ML05765a	S
Hsap_ENSP00000346997	Scil_53898	S
Cgig_10010657	Hsap_ENSP00000384114	S
Cgig_10010657	Hsap_ENSP00000257745	S
Spur_XP_783359	Hsap_ENSP00000386759	S
Lgig_227153	Hsap_ENSP00000386759	S
Skow_XP_002733567	Hsap_ENSP00000386759	S
Cgig_10007074	Hsap_ENSP00000386759	S
Spur_XP_003725626	Hsap_ENSP00000386759	S
Scil_58119	Hsap_ENSP00000386759	S
Cvar_EFN54848	Hsap_ENSP00000357330	S
Vcar_XP_002951402	Hsap_ENSP00000357330	S
Ihof_1171	Hsap_ENSP00000357330	S
Crei_XP_001701055	Hsap_ENSP00000357330	S
Apar_comp20410_c1_seq1_fr5	Hsap_ENSP00000357330	S
Hsap_ENSP00000327436	Ihof_9696	S
Hsap_ENSP00000327436	Apar_comp23864_c1_seq1_fr6	S
Hsap_ENSP00000327436	Bnat_89596	S
Nspp_14963_fr5	Hsap_ENSP00000329189	S
Hsap_ENSP00000305899	Cowc_CAOG_02948	S
Hsap_ENSP00000255613	Cowc_CAOG_02948	S
Hmag_XP_002162409	Hsap_ENSP00000337976	S
Hmag_XP_002162409	Hsap_ENSP00000346997	S
Rall_4856	Hsap_ENSP00000337976	S
Rall_4856	Hsap_ENSP00000346997	S
Ihof_3673	Hsap_ENSP00000337976	S
Ihof_3673	Hsap_ENSP00000346997	S
Apar_comp14837_c0_seq1_fr6	Hsap_ENSP00000337976	S
Apar_comp14837_c0_seq1_fr6	Hsap_ENSP00000346997	S
Crev_81553	Hsap_ENSP00000337976	S
Crev_81553	Hsap_ENSP00000346997	S
Cint_ENSCINP00000001349	Hsap_ENSP00000337976	S
Cint_ENSCINP00000001349	Hsap_ENSP00000346997	S
Tcru_XP_818076	Hsap_ENSP00000337976	S
Tcru_XP_818076	Hsap_ENSP00000346997	S
Pisp_45708	Hsap_ENSP00000337976	S
Pisp_45708	Hsap_ENSP00000346997	S
Bsal_BS32645	Hsap_ENSP00000337976	S
Bsal_BS32645	Hsap_ENSP00000346997	S
Tcru_XP_810935	Hsap_ENSP00000337976	S
Tcru_XP_810935	Hsap_ENSP00000346997	S
Hsap_ENSP00000384114	Ihof_9932	S
Hsap_ENSP00000257745	Ihof_9932	S
Hsap_ENSP00000386759	Cint_ENSCINP00000025949	S
Sros_PTSG_04178	Hsap_ENSP00000357330	S
Acas_g7149	Hsap_ENSP00000357330	S
Scil_43878	Hsap_ENSP00000357330	S
Gthe_137717	Hsap_ENSP00000357330	S
Pinf_XP_002907842	Hsap_ENSP00000357330	S
Cpar_12738Contig6713	Hsap_ENSP00000357330	S
Dmel_FBpp0074738	Hsap_ENSP00000357330	S
Mbre_XP_001750922	Hsap_ENSP00000357330	S
Scil_50427	Hsap_ENSP00000357330	S
Lgig_118649	Hsap_ENSP00000327436	S
Pinf_XP_002997928	Hsap_ENSP00000329189	S
Tmel_XP_002838074	Hsap_ENSP00000329189	S
Rall_5223	Hsap_ENSP00000329189	S
Cint_ENSCINP00000011316	Hsap_ENSP00000267197	S
Spur_XP_003727587	Hsap_ENSP00000267197	S
Apar_comp16015_c3_seq1_fr4	Hsap_ENSP00000305899	S
Apar_comp16015_c3_seq1_fr4	Hsap_ENSP00000255613	S
Ihof_10267	Hsap_ENSP00000305899	S
Ihof_10267	Hsap_ENSP00000255613	S
Clim_g4811	Hsap_ENSP00000305899	S
Clim_g4811	Hsap_ENSP00000255613	S
Cfra_7019T1	Hsap_ENSP00000305899	S
Cfra_7019T1	Hsap_ENSP00000255613	S
Hsap_ENSP00000373354	Cgig_10016376	S
Hsap_ENSP00000373354	Cneo_XP_572587	S
Hsap_ENSP00000373354	Sros_PTSG_08195	S
Hsap_ENSP00000373354	Cgig_10028705	S
Aque_XP_003389507	Hsap_ENSP00000337976	S
Aque_XP_003389507	Hsap_ENSP00000346997	S
Hsap_ENSP00000384114	Aque_XP_003383073	S
Hsap_ENSP00000384114	Ocar_g2500_t1	S
Hsap_ENSP00000384114	Mlei_ML01132a	S
Hsap_ENSP00000257745	Aque_XP_003383073	S
Hsap_ENSP00000257745	Ocar_g2500_t1	S
Hsap_ENSP00000257745	Mlei_ML01132a	S
Ctel_160470	Hsap_ENSP00000386759	S
Hsap_ENSP00000357330	Lgig_143999	S
Hsap_ENSP00000357330	Spur_XP_784903	S
Hsap_ENSP00000357330	Spur_XP_003728661	S
Hsap_ENSP00000357330	Spur_XP_003728662	S
Hsap_ENSP00000357330	Skow_XP_002732754	S
Hsap_ENSP00000357330	Ctel_176480	S
Hsap_ENSP00000357330	Cgig_10006344	S
Ctel_181634	Hsap_ENSP00000327436	S
Nvec_XP_001633261	Hsap_ENSP00000327436	S
Hsap_ENSP00000329189	Cint_ENSCINP00000020275	S
Hsap_ENSP00000329189	Cvar_EFN55457	S
Hsap_ENSP00000329189	Crev_10775	S
Hsap_ENSP00000329189	Mvib_comp9388_c0_seq1_fr4	S
Hsap_ENSP00000305899	Hmag_XP_002166241	S
Hsap_ENSP00000255613	Hmag_XP_002166241	S
Hsap_ENSP00000373354	Dmel_FBpp0112128	S
Hsap_ENSP00000373354	Bnat_40920	S
Hsap_ENSP00000373354	Rirr_85029	S
Hsap_ENSP00000373354	Tadh_XP_002113092	S
Hsap_ENSP00000373354	Cele_Y41D4B_12a	S
Hsap_ENSP00000373354	Amac_03278	S
Hsap_ENSP00000346997	Ctel_140913	S
Hsap_ENSP00000346997	Lgig_134869	S
Hsap_ENSP00000346997	Cgig_10004599	S
Hsap_ENSP00000337976	Ctel_140913	S
Hsap_ENSP00000337976	Lgig_134869	S
Hsap_ENSP00000337976	Cgig_10004599	S
Cint_ENSCINP00000024302	Hsap_ENSP00000384114	S
Cint_ENSCINP00000024302	Hsap_ENSP00000257745	S
Adig_10964v107744	Hsap_ENSP00000386759	S
Nvec_XP_001635826	Hsap_ENSP00000386759	S
Tadh_XP_002110866	Hsap_ENSP00000386759	S
Rall_5258	Hsap_ENSP00000386759	S
Nspp_14576_fr3	Hsap_ENSP00000386759	S
Ocar_g2341_t1	Hsap_ENSP00000357330	S
Ocar_g6160_t1	Hsap_ENSP00000327436	S
Hsap_ENSP00000329189	Ihof_3025	S
Hsap_ENSP00000329189	Apar_comp69060_c0_seq1_fr5	S
Ocar_g7553_t1	Hsap_ENSP00000332995	S
Dmel_FBpp0070146	Hsap_ENSP00000305899	S
Dmel_FBpp0070146	Hsap_ENSP00000255613	S
Hsap_ENSP00000373354	Skow_XP_002731395	S
Nvec_XP_001628294	Hsap_ENSP00000346997	S
Nvec_XP_001628294	Hsap_ENSP00000337976	S
Hsap_ENSP00000384114	Tadh_XP_002117828	S
Hsap_ENSP00000257745	Tadh_XP_002117828	S
Spur_XP_798530	Hsap_ENSP00000327436	S
Cint_ENSCINP00000009807	Hsap_ENSP00000327436	S
Hsap_ENSP00000329189	Umar_225992	S
Hsap_ENSP00000329189	Gthe_106158	S
Hsap_ENSP00000329189	Pbla_Phybl2_161758	S
Hsap_ENSP00000329189	Rirr_97053	S
Hsap_ENSP00000329189	Mcir_Mucci2_183066	S
Hsap_ENSP00000329189	Rory_10421	S
Hsap_ENSP00000329189	Bden_Batde5_23340	S
Hsap_ENSP00000329189	Mver_10454	S
Tgon_XP_002371298	Hsap_ENSP00000332995	S
Mlei_ML024912a	Hsap_ENSP00000332995	S
Pfal_Q8I1Z0_Q8I1Z0	Hsap_ENSP00000332995	S
Nvec_XP_001629745	Hsap_ENSP00000332995	S
Hsap_ENSP00000305899	Mlei_ML02412a	S
Hsap_ENSP00000305899	Ocar_g3228_t1	S
Hsap_ENSP00000305899	Tadh_XP_002115573	S
Hsap_ENSP00000305899	Nvec_XP_001634769	S
Hsap_ENSP00000255613	Mlei_ML02412a	S
Hsap_ENSP00000255613	Ocar_g3228_t1	S
Hsap_ENSP00000255613	Tadh_XP_002115573	S
Hsap_ENSP00000255613	Nvec_XP_001634769	S
Nvec_XP_001641871	Hsap_ENSP00000373354	S
Skow_XP_002734659	Hsap_ENSP00000346997	S
Skow_XP_002734659	Hsap_ENSP00000337976	S
Ctel_140019	Hsap_ENSP00000329189	S
Skow_XP_002737626	Hsap_ENSP00000329189	S
Lgig_210687	Hsap_ENSP00000329189	S
Spur_XP_001201449	Hsap_ENSP00000329189	S
Hmag_XP_002160713	Hsap_ENSP00000329189	S
Nvec_XP_001625323	Hsap_ENSP00000329189	S
Hsap_ENSP00000346997	Spur_XP_782949	S
Hsap_ENSP00000337976	Spur_XP_782949	S
Hmag_XP_002158654	Hsap_ENSP00000257745	S
Hsap_ENSP00000329189	Cang_64968	S
Hsap_ENSP00000329189	Amac_05234	S
Dmel_FBpp0082387	Hsap_ENSP00000332995	S
Lgig_117025	Hsap_ENSP00000332995	S
Spur_XP_797080	Hsap_ENSP00000332995	S
Cint_ENSCINP00000025690	Hsap_ENSP00000332995	S
Ctel_172225	Hsap_ENSP00000332995	S
Lgig_116803	Hsap_ENSP00000305899	S
Cgig_10007764	Hsap_ENSP00000255613	S
Cele_C32D5_5	Hsap_ENSP00000255613	S
Skow_XP_002732220	Hsap_ENSP00000255613	S
Spur_XP_800216	Hsap_ENSP00000255613	S
Cint_ENSCINP00000001120	Hsap_ENSP00000255613	S
Dmel_FBpp0075510	Hsap_ENSP00000257745	S
Cele_Y73B3B_2	Hsap_ENSP00000257745	S
Hsap_ENSP00000329189	Scil_69782	S
Hsap_ENSP00000329189	Ccor_86723	S
Cgig_10016754	Hsap_ENSP00000332995	S
Spur_XP_785251	Hsap_ENSP00000257745	S
Spom_NP_594837_1	Hsap_ENSP00000257745	S
Spur_XP_003726851	Hsap_ENSP00000257745	S
